<?xml version="1.0" encoding="UTF-8"?>
<testsuite xmlns:xsi="http://www.w3.org/2001/XMLSchema-instance" xsi:noNamespaceSchemaLocation="https://maven.apache.org/surefire/maven-surefire-plugin/xsd/surefire-test-report.xsd" name="com.mycompany.baches.control.TipoObjetoBeanTest" time="9.799" tests="7" errors="0" skipped="0" failures="0">
  <properties>
    <property name="sun.desktop" value="gnome"/>
    <property name="awt.toolkit" value="sun.awt.X11.XToolkit"/>
    <property name="java.specification.version" value="11"/>
    <property name="sun.cpu.isalist" value=""/>
    <property name="sun.jnu.encoding" value="UTF-8"/>
    <property name="java.class.path" value="/home/adrian/NetBeansProjects/Baches/target/test-classes:/home/adrian/NetBeansProjects/Baches/target/classes:/home/adrian/.m2/repository/org/junit/jupiter/junit-jupiter-api/5.6.0/junit-jupiter-api-5.6.0.jar:/home/adrian/.m2/repository/org/apiguardian/apiguardian-api/1.1.0/apiguardian-api-1.1.0.jar:/home/adrian/.m2/repository/org/opentest4j/opentest4j/1.2.0/opentest4j-1.2.0.jar:/home/adrian/.m2/repository/org/junit/platform/junit-platform-commons/1.6.0/junit-platform-commons-1.6.0.jar:/home/adrian/.m2/repository/org/junit/jupiter/junit-jupiter-params/5.6.0/junit-jupiter-params-5.6.0.jar:/home/adrian/.m2/repository/org/junit/jupiter/junit-jupiter-engine/5.6.0/junit-jupiter-engine-5.6.0.jar:/home/adrian/.m2/repository/org/junit/platform/junit-platform-engine/1.6.0/junit-platform-engine-1.6.0.jar:/home/adrian/.m2/repository/javax/javaee-api/8.0/javaee-api-8.0.jar:/home/adrian/.m2/repository/com/sun/mail/javax.mail/1.6.0/javax.mail-1.6.0.jar:/home/adrian/.m2/repository/javax/activation/activation/1.1/activation-1.1.jar:/home/adrian/.m2/repository/org/mockito/mockito-core/3.1.0/mockito-core-3.1.0.jar:/home/adrian/.m2/repository/net/bytebuddy/byte-buddy/1.9.10/byte-buddy-1.9.10.jar:/home/adrian/.m2/repository/net/bytebuddy/byte-buddy-agent/1.9.10/byte-buddy-agent-1.9.10.jar:/home/adrian/.m2/repository/org/objenesis/objenesis/2.6/objenesis-2.6.jar:/home/adrian/.m2/repository/org/jboss/arquillian/junit5/arquillian-junit5-container/1.7.0.Alpha10/arquillian-junit5-container-1.7.0.Alpha10.jar:/home/adrian/.m2/repository/org/jboss/arquillian/test/arquillian-test-api/1.7.0.Alpha10/arquillian-test-api-1.7.0.Alpha10.jar:/home/adrian/.m2/repository/org/jboss/arquillian/core/arquillian-core-api/1.7.0.Alpha10/arquillian-core-api-1.7.0.Alpha10.jar:/home/adrian/.m2/repository/org/jboss/arquillian/test/arquillian-test-spi/1.7.0.Alpha10/arquillian-test-spi-1.7.0.Alpha10.jar:/home/adrian/.m2/repository/org/jboss/arquillian/core/arquillian-core-spi/1.7.0.Alpha10/arquillian-core-spi-1.7.0.Alpha10.jar:/home/adrian/.m2/repository/org/jboss/arquillian/container/arquillian-container-test-api/1.7.0.Alpha10/arquillian-container-test-api-1.7.0.Alpha10.jar:/home/adrian/.m2/repository/org/jboss/shrinkwrap/shrinkwrap-api/1.2.6/shrinkwrap-api-1.2.6.jar:/home/adrian/.m2/repository/org/jboss/shrinkwrap/descriptors/shrinkwrap-descriptors-api-base/2.0.0/shrinkwrap-descriptors-api-base-2.0.0.jar:/home/adrian/.m2/repository/org/jboss/arquillian/container/arquillian-container-test-spi/1.7.0.Alpha10/arquillian-container-test-spi-1.7.0.Alpha10.jar:/home/adrian/.m2/repository/org/jboss/arquillian/core/arquillian-core-impl-base/1.7.0.Alpha10/arquillian-core-impl-base-1.7.0.Alpha10.jar:/home/adrian/.m2/repository/org/jboss/arquillian/test/arquillian-test-impl-base/1.7.0.Alpha10/arquillian-test-impl-base-1.7.0.Alpha10.jar:/home/adrian/.m2/repository/org/jboss/arquillian/container/arquillian-container-impl-base/1.7.0.Alpha10/arquillian-container-impl-base-1.7.0.Alpha10.jar:/home/adrian/.m2/repository/org/jboss/arquillian/config/arquillian-config-api/1.7.0.Alpha10/arquillian-config-api-1.7.0.Alpha10.jar:/home/adrian/.m2/repository/org/jboss/arquillian/config/arquillian-config-impl-base/1.7.0.Alpha10/arquillian-config-impl-base-1.7.0.Alpha10.jar:/home/adrian/.m2/repository/org/jboss/arquillian/config/arquillian-config-spi/1.7.0.Alpha10/arquillian-config-spi-1.7.0.Alpha10.jar:/home/adrian/.m2/repository/org/jboss/shrinkwrap/descriptors/shrinkwrap-descriptors-spi/2.0.0/shrinkwrap-descriptors-spi-2.0.0.jar:/home/adrian/.m2/repository/org/jboss/arquillian/container/arquillian-container-test-impl-base/1.7.0.Alpha10/arquillian-container-test-impl-base-1.7.0.Alpha10.jar:/home/adrian/.m2/repository/org/jboss/arquillian/junit5/arquillian-junit5-core/1.7.0.Alpha10/arquillian-junit5-core-1.7.0.Alpha10.jar:/home/adrian/.m2/repository/org/jboss/shrinkwrap/shrinkwrap-impl-base/1.2.6/shrinkwrap-impl-base-1.2.6.jar:/home/adrian/.m2/repository/org/jboss/shrinkwrap/shrinkwrap-spi/1.2.6/shrinkwrap-spi-1.2.6.jar:/home/adrian/.m2/repository/fish/payara/extras/payara-embedded-all/5.2022.1/payara-embedded-all-5.2022.1.jar:/home/adrian/.m2/repository/fish/payara/arquillian/arquillian-payara-server-embedded/2.4.6/arquillian-payara-server-embedded-2.4.6.jar:/home/adrian/.m2/repository/org/jboss/arquillian/container/arquillian-container-spi/1.7.0.Alpha10/arquillian-container-spi-1.7.0.Alpha10.jar:/home/adrian/.m2/repository/org/jboss/arquillian/protocol/arquillian-protocol-servlet/1.7.0.Alpha10/arquillian-protocol-servlet-1.7.0.Alpha10.jar:/home/adrian/.m2/repository/org/jboss/arquillian/testenricher/arquillian-testenricher-cdi/1.7.0.Alpha10/arquillian-testenricher-cdi-1.7.0.Alpha10.jar:/home/adrian/.m2/repository/org/jboss/arquillian/testenricher/arquillian-testenricher-ejb/1.7.0.Alpha10/arquillian-testenricher-ejb-1.7.0.Alpha10.jar:/home/adrian/.m2/repository/org/jboss/arquillian/testenricher/arquillian-testenricher-resource/1.7.0.Alpha10/arquillian-testenricher-resource-1.7.0.Alpha10.jar:/home/adrian/.m2/repository/org/jboss/arquillian/testenricher/arquillian-testenricher-initialcontext/1.7.0.Alpha10/arquillian-testenricher-initialcontext-1.7.0.Alpha10.jar:"/>
    <property name="java.vm.vendor" value="Ubuntu"/>
    <property name="sun.arch.data.model" value="64"/>
    <property name="java.vendor.url" value="https://ubuntu.com/"/>
    <property name="user.timezone" value=""/>
    <property name="java.vm.specification.version" value="11"/>
    <property name="os.name" value="Linux"/>
    <property name="user.country" value="SV"/>
    <property name="sun.java.launcher" value="SUN_STANDARD"/>
    <property name="sun.boot.library.path" value="/usr/lib/jvm/java-11-openjdk-amd64/lib"/>
    <property name="sun.java.command" value="/home/adrian/NetBeansProjects/Baches/target/surefire/surefirebooter6290114360096741058.jar /home/adrian/NetBeansProjects/Baches/target/surefire 2022-05-29T00-00-13_478-jvmRun1 surefire9755088597469042455tmp surefire_01569947343490225325tmp"/>
    <property name="jdk.debug" value="release"/>
    <property name="surefire.test.class.path" value="/home/adrian/NetBeansProjects/Baches/target/test-classes:/home/adrian/NetBeansProjects/Baches/target/classes:/home/adrian/.m2/repository/org/junit/jupiter/junit-jupiter-api/5.6.0/junit-jupiter-api-5.6.0.jar:/home/adrian/.m2/repository/org/apiguardian/apiguardian-api/1.1.0/apiguardian-api-1.1.0.jar:/home/adrian/.m2/repository/org/opentest4j/opentest4j/1.2.0/opentest4j-1.2.0.jar:/home/adrian/.m2/repository/org/junit/platform/junit-platform-commons/1.6.0/junit-platform-commons-1.6.0.jar:/home/adrian/.m2/repository/org/junit/jupiter/junit-jupiter-params/5.6.0/junit-jupiter-params-5.6.0.jar:/home/adrian/.m2/repository/org/junit/jupiter/junit-jupiter-engine/5.6.0/junit-jupiter-engine-5.6.0.jar:/home/adrian/.m2/repository/org/junit/platform/junit-platform-engine/1.6.0/junit-platform-engine-1.6.0.jar:/home/adrian/.m2/repository/javax/javaee-api/8.0/javaee-api-8.0.jar:/home/adrian/.m2/repository/com/sun/mail/javax.mail/1.6.0/javax.mail-1.6.0.jar:/home/adrian/.m2/repository/javax/activation/activation/1.1/activation-1.1.jar:/home/adrian/.m2/repository/org/mockito/mockito-core/3.1.0/mockito-core-3.1.0.jar:/home/adrian/.m2/repository/net/bytebuddy/byte-buddy/1.9.10/byte-buddy-1.9.10.jar:/home/adrian/.m2/repository/net/bytebuddy/byte-buddy-agent/1.9.10/byte-buddy-agent-1.9.10.jar:/home/adrian/.m2/repository/org/objenesis/objenesis/2.6/objenesis-2.6.jar:/home/adrian/.m2/repository/org/jboss/arquillian/junit5/arquillian-junit5-container/1.7.0.Alpha10/arquillian-junit5-container-1.7.0.Alpha10.jar:/home/adrian/.m2/repository/org/jboss/arquillian/test/arquillian-test-api/1.7.0.Alpha10/arquillian-test-api-1.7.0.Alpha10.jar:/home/adrian/.m2/repository/org/jboss/arquillian/core/arquillian-core-api/1.7.0.Alpha10/arquillian-core-api-1.7.0.Alpha10.jar:/home/adrian/.m2/repository/org/jboss/arquillian/test/arquillian-test-spi/1.7.0.Alpha10/arquillian-test-spi-1.7.0.Alpha10.jar:/home/adrian/.m2/repository/org/jboss/arquillian/core/arquillian-core-spi/1.7.0.Alpha10/arquillian-core-spi-1.7.0.Alpha10.jar:/home/adrian/.m2/repository/org/jboss/arquillian/container/arquillian-container-test-api/1.7.0.Alpha10/arquillian-container-test-api-1.7.0.Alpha10.jar:/home/adrian/.m2/repository/org/jboss/shrinkwrap/shrinkwrap-api/1.2.6/shrinkwrap-api-1.2.6.jar:/home/adrian/.m2/repository/org/jboss/shrinkwrap/descriptors/shrinkwrap-descriptors-api-base/2.0.0/shrinkwrap-descriptors-api-base-2.0.0.jar:/home/adrian/.m2/repository/org/jboss/arquillian/container/arquillian-container-test-spi/1.7.0.Alpha10/arquillian-container-test-spi-1.7.0.Alpha10.jar:/home/adrian/.m2/repository/org/jboss/arquillian/core/arquillian-core-impl-base/1.7.0.Alpha10/arquillian-core-impl-base-1.7.0.Alpha10.jar:/home/adrian/.m2/repository/org/jboss/arquillian/test/arquillian-test-impl-base/1.7.0.Alpha10/arquillian-test-impl-base-1.7.0.Alpha10.jar:/home/adrian/.m2/repository/org/jboss/arquillian/container/arquillian-container-impl-base/1.7.0.Alpha10/arquillian-container-impl-base-1.7.0.Alpha10.jar:/home/adrian/.m2/repository/org/jboss/arquillian/config/arquillian-config-api/1.7.0.Alpha10/arquillian-config-api-1.7.0.Alpha10.jar:/home/adrian/.m2/repository/org/jboss/arquillian/config/arquillian-config-impl-base/1.7.0.Alpha10/arquillian-config-impl-base-1.7.0.Alpha10.jar:/home/adrian/.m2/repository/org/jboss/arquillian/config/arquillian-config-spi/1.7.0.Alpha10/arquillian-config-spi-1.7.0.Alpha10.jar:/home/adrian/.m2/repository/org/jboss/shrinkwrap/descriptors/shrinkwrap-descriptors-spi/2.0.0/shrinkwrap-descriptors-spi-2.0.0.jar:/home/adrian/.m2/repository/org/jboss/arquillian/container/arquillian-container-test-impl-base/1.7.0.Alpha10/arquillian-container-test-impl-base-1.7.0.Alpha10.jar:/home/adrian/.m2/repository/org/jboss/arquillian/junit5/arquillian-junit5-core/1.7.0.Alpha10/arquillian-junit5-core-1.7.0.Alpha10.jar:/home/adrian/.m2/repository/org/jboss/shrinkwrap/shrinkwrap-impl-base/1.2.6/shrinkwrap-impl-base-1.2.6.jar:/home/adrian/.m2/repository/org/jboss/shrinkwrap/shrinkwrap-spi/1.2.6/shrinkwrap-spi-1.2.6.jar:/home/adrian/.m2/repository/fish/payara/extras/payara-embedded-all/5.2022.1/payara-embedded-all-5.2022.1.jar:/home/adrian/.m2/repository/fish/payara/arquillian/arquillian-payara-server-embedded/2.4.6/arquillian-payara-server-embedded-2.4.6.jar:/home/adrian/.m2/repository/org/jboss/arquillian/container/arquillian-container-spi/1.7.0.Alpha10/arquillian-container-spi-1.7.0.Alpha10.jar:/home/adrian/.m2/repository/org/jboss/arquillian/protocol/arquillian-protocol-servlet/1.7.0.Alpha10/arquillian-protocol-servlet-1.7.0.Alpha10.jar:/home/adrian/.m2/repository/org/jboss/arquillian/testenricher/arquillian-testenricher-cdi/1.7.0.Alpha10/arquillian-testenricher-cdi-1.7.0.Alpha10.jar:/home/adrian/.m2/repository/org/jboss/arquillian/testenricher/arquillian-testenricher-ejb/1.7.0.Alpha10/arquillian-testenricher-ejb-1.7.0.Alpha10.jar:/home/adrian/.m2/repository/org/jboss/arquillian/testenricher/arquillian-testenricher-resource/1.7.0.Alpha10/arquillian-testenricher-resource-1.7.0.Alpha10.jar:/home/adrian/.m2/repository/org/jboss/arquillian/testenricher/arquillian-testenricher-initialcontext/1.7.0.Alpha10/arquillian-testenricher-initialcontext-1.7.0.Alpha10.jar:"/>
    <property name="sun.cpu.endian" value="little"/>
    <property name="user.home" value="/home/adrian"/>
    <property name="user.language" value="es"/>
    <property name="java.specification.vendor" value="Oracle Corporation"/>
    <property name="java.version.date" value="2021-10-19"/>
    <property name="java.home" value="/usr/lib/jvm/java-11-openjdk-amd64"/>
    <property name="file.separator" value="/"/>
    <property name="basedir" value="/home/adrian/NetBeansProjects/Baches"/>
    <property name="java.vm.compressedOopsMode" value="32-bit"/>
    <property name="line.separator" value="&#10;"/>
    <property name="java.specification.name" value="Java Platform API Specification"/>
    <property name="java.vm.specification.vendor" value="Oracle Corporation"/>
    <property name="java.awt.graphicsenv" value="sun.awt.X11GraphicsEnvironment"/>
    <property name="surefire.real.class.path" value="/home/adrian/NetBeansProjects/Baches/target/surefire/surefirebooter6290114360096741058.jar"/>
    <property name="sun.management.compiler" value="HotSpot 64-Bit Tiered Compilers"/>
    <property name="java.runtime.version" value="11.0.13+8-Ubuntu-0ubuntu1.20.04"/>
    <property name="user.name" value="adrian"/>
    <property name="path.separator" value=":"/>
    <property name="os.version" value="5.4.0-89-generic"/>
    <property name="java.runtime.name" value="OpenJDK Runtime Environment"/>
    <property name="file.encoding" value="UTF-8"/>
    <property name="java.vm.name" value="OpenJDK 64-Bit Server VM"/>
    <property name="maven.ext.class.path" value="/home/adrian/netbeans-12.4/netbeans/java/maven-nblib/netbeans-eventspy.jar"/>
    <property name="localRepository" value="/home/adrian/.m2/repository"/>
    <property name="java.vendor.url.bug" value="https://bugs.launchpad.net/ubuntu/+source/openjdk-lts"/>
    <property name="java.io.tmpdir" value="/tmp"/>
    <property name="java.version" value="11.0.13"/>
    <property name="user.dir" value="/home/adrian/NetBeansProjects/Baches"/>
    <property name="os.arch" value="amd64"/>
    <property name="java.vm.specification.name" value="Java Virtual Machine Specification"/>
    <property name="java.awt.printerjob" value="sun.print.PSPrinterJob"/>
    <property name="sun.os.patch.level" value="unknown"/>
    <property name="java.library.path" value="/usr/java/packages/lib:/usr/lib/x86_64-linux-gnu/jni:/lib/x86_64-linux-gnu:/usr/lib/x86_64-linux-gnu:/usr/lib/jni:/lib:/usr/lib"/>
    <property name="java.vm.info" value="mixed mode, sharing"/>
    <property name="java.vendor" value="Ubuntu"/>
    <property name="java.vm.version" value="11.0.13+8-Ubuntu-0ubuntu1.20.04"/>
    <property name="sun.io.unicode.encoding" value="UnicodeLittle"/>
    <property name="java.class.version" value="55.0"/>
  </properties>
  <testcase name="testFindAll" classname="com.mycompany.baches.control.TipoObjetoBeanTest" time="1.687"/>
  <testcase name="testModificar" classname="com.mycompany.baches.control.TipoObjetoBeanTest" time="0.04"/>
  <testcase name="testCrear" classname="com.mycompany.baches.control.TipoObjetoBeanTest" time="0.004"/>
  <testcase name="testFindById" classname="com.mycompany.baches.control.TipoObjetoBeanTest" time="0.014"/>
  <testcase name="testEliminar" classname="com.mycompany.baches.control.TipoObjetoBeanTest" time="0.004"/>
  <testcase name="testFindRange" classname="com.mycompany.baches.control.TipoObjetoBeanTest" time="0.014"/>
  <testcase name="testContar" classname="com.mycompany.baches.control.TipoObjetoBeanTest" time="8.011"/>
</testsuite>