<?xml version="1.0" encoding="UTF-8"?>
<testsuite xmlns:xsi="http://www.w3.org/2001/XMLSchema-instance" xsi:noNamespaceSchemaLocation="https://maven.apache.org/surefire/maven-failsafe-plugin/xsd/failsafe-test-report-3.0.xsd" version="3.0" name="com.mycompany.baches.control.TipoObjetoIT" time="21.357" tests="7" errors="0" skipped="0" failures="0">
  <properties>
    <property name="javax.xml.accessExternalSchema" value="all"/>
    <property name="awt.toolkit" value="sun.awt.X11.XToolkit"/>
    <property name="jdk.tls.rejectClientInitiatedRenegotiation" value="true"/>
    <property name="java.specification.version" value="11"/>
    <property name="jdk.corba.allowOutputStreamSubclass" value="true"/>
    <property name="arquillian.launch" value="payara-embedded-all"/>
    <property name="sun.cpu.isalist" value=""/>
    <property name="javax.net.ssl.trustStorePassword" value="changeit"/>
    <property name="sun.jnu.encoding" value="UTF-8"/>
    <property name="com.sun.aas.installRoot" value="/tmp/gfembed12724135745135464521tmp"/>
    <property name="sun.arch.data.model" value="64"/>
    <property name="sun.font.fontmanager" value="sun.awt.X11FontManager"/>
    <property name="catalina.useNaming" value="false"/>
    <property name="com.sun.aas.productRoot" value="/tmp"/>
    <property name="java.vendor.url" value="https://ubuntu.com/"/>
    <property name="org.omg.CORBA.ORBSingletonClass" value="com.sun.corba.ee.impl.orb.ORBSingleton"/>
    <property name="env.XDG_GREETER_DATA_DIR" value="/var/lib/lightdm-data/adrian"/>
    <property name="sun.boot.library.path" value="/usr/lib/jvm/java-11-openjdk-amd64/lib"/>
    <property name="sun.java.command" value="/home/adrian/NetBeansProjects/Baches/target/surefire/surefirebooter1522325200825814828.jar /home/adrian/NetBeansProjects/Baches/target/surefire 2022-06-01T23-15-40_204-jvmRun1 surefire12285962164265030379tmp surefire_02639658236500625054tmp"/>
    <property name="jdk.debug" value="release"/>
    <property name="env.SSH_AGENT_PID" value="1945"/>
    <property name="java.specification.vendor" value="Oracle Corporation"/>
    <property name="env.GIO_LAUNCHED_DESKTOP_FILE" value="/home/adrian/Escritorio/Apache NetBeans-12.4.desktop"/>
    <property name="gosh.args" value="--nointeractive"/>
    <property name="java.version.date" value="2021-10-19"/>
    <property name="env.JAVA_HOME" value="/usr/lib/jvm/java-11-openjdk-amd64"/>
    <property name="java.home" value="/usr/lib/jvm/java-11-openjdk-amd64"/>
    <property name="env.GDMSESSION" value="cinnamon"/>
    <property name="env.J2D_PIXMAPS" value="shared"/>
    <property name="com.sun.enterprise.security.httpsOutboundKeyAlias" value="s1as"/>
    <property name="file.separator" value="/"/>
    <property name="basedir" value="/home/adrian/NetBeansProjects/Baches"/>
    <property name="org.jboss.weld.serialization.beanIdentifierIndexOptimization" value="false"/>
    <property name="java.vm.compressedOopsMode" value="32-bit"/>
    <property name="line.separator" value="&#10;"/>
    <property name="javax.rmi.CORBA.StubClass" value="com.sun.corba.ee.impl.javax.rmi.CORBA.StubDelegateImpl"/>
    <property name="java.specification.name" value="Java Platform API Specification"/>
    <property name="java.vm.specification.vendor" value="Oracle Corporation"/>
    <property name="osgi.shell.telnet.ip" value="127.0.0.1"/>
    <property name="jdk.attach.allowAttachSelf" value="true"/>
    <property name="env.GNOME_DESKTOP_SESSION_ID" value="this-is-deprecated"/>
    <property name="javax.rmi.CORBA.UtilClass" value="com.sun.corba.ee.impl.javax.rmi.CORBA.Util"/>
    <property name="jdbc.drivers" value="org.h2.Driver"/>
    <property name="env.GDM_LANG" value="es_SV"/>
    <property name="javax.net.ssl.trustStore" value="/tmp/gfembed12724135745135464521tmp/config/cacerts.jks"/>
    <property name="sun.management.compiler" value="HotSpot 64-Bit Tiered Compilers"/>
    <property name="env.QT_QPA_PLATFORMTHEME" value="qt5ct"/>
    <property name="java.runtime.version" value="11.0.13+8-Ubuntu-0ubuntu1.20.04"/>
    <property name="env.XDG_SESSION_PATH" value="/org/freedesktop/DisplayManager/Session0"/>
    <property name="user.name" value="adrian"/>
    <property name="env.PATH" value="/usr/local/sbin:/usr/local/bin:/usr/sbin:/usr/bin:/sbin:/bin:/usr/games:/usr/local/games:/snap/bin"/>
    <property name="env.NB_EXEC_MAVEN_PROCESS_UUID" value="533a72ef-0aa3-489c-be53-c52bd9fd38c0"/>
    <property name="felix.fileinstall.poll" value="5000"/>
    <property name="java.security.policy" value="/tmp/gfembed12724135745135464521tmp/config/server.policy"/>
    <property name="env.LOGNAME" value="adrian"/>
    <property name="env.XDG_SEAT" value="seat0"/>
    <property name="com.sun.enterprise.config.config_environment_factory_class" value="com.sun.enterprise.config.serverbeans.AppserverConfigEnvironmentFactory"/>
    <property name="felix.fileinstall.log.level" value="2"/>
    <property name="file.encoding" value="UTF-8"/>
    <property name="com.sun.aas.imqLib" value="/tmp/gfembed12724135745135464521tmp/lib/install/applications/jmsra"/>
    <property name="env.XDG_VTNR" value="7"/>
    <property name="env._" value="/usr/lib/jvm/java-11-openjdk-amd64/bin/java"/>
    <property name="env.XDG_SESSION_DESKTOP" value="cinnamon"/>
    <property name="env.SHLVL" value="0"/>
    <property name="com.sun.enterprise.jaccprovider.property.repository" value="/tmp/gfembed12724135745135464521tmp/generated/policy"/>
    <property name="localRepository" value="/home/adrian/.m2/repository"/>
    <property name="java.io.tmpdir" value="/tmp"/>
    <property name="java.version" value="11.0.13"/>
    <property name="env.SSH_AUTH_SOCK" value="/run/user/1000/keyring/ssh"/>
    <property name="env.XDG_RUNTIME_DIR" value="/run/user/1000"/>
    <property name="java.vm.specification.name" value="Java Virtual Machine Specification"/>
    <property name="com.sun.aas.instanceRoot" value="/tmp/gfembed12724135745135464521tmp"/>
    <property name="java.awt.printerjob" value="sun.print.PSPrinterJob"/>
    <property name="sun.os.patch.level" value="unknown"/>
    <property name="env.LIBVIRT_DEFAULT_URI" value="qemu:///system"/>
    <property name="java.library.path" value="/usr/java/packages/lib:/usr/lib/x86_64-linux-gnu/jni:/lib/x86_64-linux-gnu:/usr/lib/x86_64-linux-gnu:/usr/lib/jni:/lib:/usr/lib"/>
    <property name="java.vendor" value="Ubuntu"/>
    <property name="env.XDG_SESSION_TYPE" value="x11"/>
    <property name="ANTLR_USE_DIRECT_CLASS_LOADING" value="true"/>
    <property name="java.rmi.server.randomIDs" value="true"/>
    <property name="sun.io.unicode.encoding" value="UnicodeLittle"/>
    <property name="env.XDG_SESSION_CLASS" value="user"/>
    <property name="env.XAUTHORITY" value="/home/adrian/.Xauthority"/>
    <property name="env.OLDPWD" value="/home/adrian/NetBeansProjects/Baches"/>
    <property name="sun.desktop" value="gnome"/>
    <property name="env.PWD" value="/home/adrian/NetBeansProjects/Baches"/>
    <property name="env.SESSION_MANAGER" value="local/adrian-HP:@/tmp/.ICE-unix/1816,unix/adrian-HP:/tmp/.ICE-unix/1816"/>
    <property name="env.LANG" value="es_SV.UTF-8"/>
    <property name="felix.fileinstall.dir" value="/tmp/gfembed12724135745135464521tmp/modules/autostart/"/>
    <property name="java.class.path" value="/home/adrian/NetBeansProjects/Baches/target/test-classes:/home/adrian/NetBeansProjects/Baches/target/classes:/home/adrian/.m2/repository/org/junit/jupiter/junit-jupiter-api/5.6.0/junit-jupiter-api-5.6.0.jar:/home/adrian/.m2/repository/org/apiguardian/apiguardian-api/1.1.0/apiguardian-api-1.1.0.jar:/home/adrian/.m2/repository/org/opentest4j/opentest4j/1.2.0/opentest4j-1.2.0.jar:/home/adrian/.m2/repository/org/junit/platform/junit-platform-commons/1.6.0/junit-platform-commons-1.6.0.jar:/home/adrian/.m2/repository/org/junit/jupiter/junit-jupiter-params/5.6.0/junit-jupiter-params-5.6.0.jar:/home/adrian/.m2/repository/org/junit/jupiter/junit-jupiter-engine/5.6.0/junit-jupiter-engine-5.6.0.jar:/home/adrian/.m2/repository/org/junit/platform/junit-platform-engine/1.6.0/junit-platform-engine-1.6.0.jar:/home/adrian/.m2/repository/javax/javaee-api/8.0/javaee-api-8.0.jar:/home/adrian/.m2/repository/com/sun/mail/javax.mail/1.6.0/javax.mail-1.6.0.jar:/home/adrian/.m2/repository/javax/activation/activation/1.1/activation-1.1.jar:/home/adrian/.m2/repository/org/mockito/mockito-core/3.1.0/mockito-core-3.1.0.jar:/home/adrian/.m2/repository/net/bytebuddy/byte-buddy/1.9.10/byte-buddy-1.9.10.jar:/home/adrian/.m2/repository/net/bytebuddy/byte-buddy-agent/1.9.10/byte-buddy-agent-1.9.10.jar:/home/adrian/.m2/repository/org/objenesis/objenesis/2.6/objenesis-2.6.jar:/home/adrian/.m2/repository/org/jboss/arquillian/junit5/arquillian-junit5-container/1.7.0.Alpha10/arquillian-junit5-container-1.7.0.Alpha10.jar:/home/adrian/.m2/repository/org/jboss/arquillian/test/arquillian-test-api/1.7.0.Alpha10/arquillian-test-api-1.7.0.Alpha10.jar:/home/adrian/.m2/repository/org/jboss/arquillian/core/arquillian-core-api/1.7.0.Alpha10/arquillian-core-api-1.7.0.Alpha10.jar:/home/adrian/.m2/repository/org/jboss/arquillian/test/arquillian-test-spi/1.7.0.Alpha10/arquillian-test-spi-1.7.0.Alpha10.jar:/home/adrian/.m2/repository/org/jboss/arquillian/core/arquillian-core-spi/1.7.0.Alpha10/arquillian-core-spi-1.7.0.Alpha10.jar:/home/adrian/.m2/repository/org/jboss/arquillian/container/arquillian-container-test-api/1.7.0.Alpha10/arquillian-container-test-api-1.7.0.Alpha10.jar:/home/adrian/.m2/repository/org/jboss/shrinkwrap/shrinkwrap-api/1.2.6/shrinkwrap-api-1.2.6.jar:/home/adrian/.m2/repository/org/jboss/shrinkwrap/descriptors/shrinkwrap-descriptors-api-base/2.0.0/shrinkwrap-descriptors-api-base-2.0.0.jar:/home/adrian/.m2/repository/org/jboss/arquillian/container/arquillian-container-test-spi/1.7.0.Alpha10/arquillian-container-test-spi-1.7.0.Alpha10.jar:/home/adrian/.m2/repository/org/jboss/arquillian/core/arquillian-core-impl-base/1.7.0.Alpha10/arquillian-core-impl-base-1.7.0.Alpha10.jar:/home/adrian/.m2/repository/org/jboss/arquillian/test/arquillian-test-impl-base/1.7.0.Alpha10/arquillian-test-impl-base-1.7.0.Alpha10.jar:/home/adrian/.m2/repository/org/jboss/arquillian/container/arquillian-container-impl-base/1.7.0.Alpha10/arquillian-container-impl-base-1.7.0.Alpha10.jar:/home/adrian/.m2/repository/org/jboss/arquillian/config/arquillian-config-api/1.7.0.Alpha10/arquillian-config-api-1.7.0.Alpha10.jar:/home/adrian/.m2/repository/org/jboss/arquillian/config/arquillian-config-impl-base/1.7.0.Alpha10/arquillian-config-impl-base-1.7.0.Alpha10.jar:/home/adrian/.m2/repository/org/jboss/arquillian/config/arquillian-config-spi/1.7.0.Alpha10/arquillian-config-spi-1.7.0.Alpha10.jar:/home/adrian/.m2/repository/org/jboss/shrinkwrap/descriptors/shrinkwrap-descriptors-spi/2.0.0/shrinkwrap-descriptors-spi-2.0.0.jar:/home/adrian/.m2/repository/org/jboss/arquillian/container/arquillian-container-test-impl-base/1.7.0.Alpha10/arquillian-container-test-impl-base-1.7.0.Alpha10.jar:/home/adrian/.m2/repository/org/jboss/arquillian/junit5/arquillian-junit5-core/1.7.0.Alpha10/arquillian-junit5-core-1.7.0.Alpha10.jar:/home/adrian/.m2/repository/org/jboss/shrinkwrap/shrinkwrap-impl-base/1.2.6/shrinkwrap-impl-base-1.2.6.jar:/home/adrian/.m2/repository/org/jboss/shrinkwrap/shrinkwrap-spi/1.2.6/shrinkwrap-spi-1.2.6.jar:/home/adrian/.m2/repository/fish/payara/extras/payara-embedded-all/5.2022.1/payara-embedded-all-5.2022.1.jar:/home/adrian/.m2/repository/fish/payara/arquillian/arquillian-payara-server-embedded/2.4.6/arquillian-payara-server-embedded-2.4.6.jar:/home/adrian/.m2/repository/org/jboss/arquillian/container/arquillian-container-spi/1.7.0.Alpha10/arquillian-container-spi-1.7.0.Alpha10.jar:/home/adrian/.m2/repository/org/jboss/arquillian/protocol/arquillian-protocol-servlet/1.7.0.Alpha10/arquillian-protocol-servlet-1.7.0.Alpha10.jar:/home/adrian/.m2/repository/org/jboss/arquillian/testenricher/arquillian-testenricher-cdi/1.7.0.Alpha10/arquillian-testenricher-cdi-1.7.0.Alpha10.jar:/home/adrian/.m2/repository/org/jboss/arquillian/testenricher/arquillian-testenricher-ejb/1.7.0.Alpha10/arquillian-testenricher-ejb-1.7.0.Alpha10.jar:/home/adrian/.m2/repository/org/jboss/arquillian/testenricher/arquillian-testenricher-resource/1.7.0.Alpha10/arquillian-testenricher-resource-1.7.0.Alpha10.jar:/home/adrian/.m2/repository/org/jboss/arquillian/testenricher/arquillian-testenricher-initialcontext/1.7.0.Alpha10/arquillian-testenricher-initialcontext-1.7.0.Alpha10.jar:"/>
    <property name="env.HOME" value="/home/adrian"/>
    <property name="com.sun.aas.instanceRootURI" value="file:/tmp/gfembed12724135745135464521tmp/"/>
    <property name="java.vm.vendor" value="Ubuntu"/>
    <property name="env.XDG_DATA_DIRS" value="/usr/share/cinnamon:/usr/share/gnome:/home/adrian/.local/share/flatpak/exports/share:/var/lib/flatpak/exports/share:/usr/local/share:/usr/share"/>
    <property name="user.timezone" value="America/El_Salvador"/>
    <property name="os.name" value="Linux"/>
    <property name="java.vm.specification.version" value="11"/>
    <property name="env.DISPLAY" value=":0"/>
    <property name="sun.java.launcher" value="SUN_STANDARD"/>
    <property name="user.country" value="SV"/>
    <property name="env.QT_ACCESSIBILITY" value="1"/>
    <property name="org.glassfish.grizzly.DEFAULT_MEMORY_MANAGER" value="org.glassfish.grizzly.memory.HeapMemoryManager"/>
    <property name="surefire.test.class.path" value="/home/adrian/NetBeansProjects/Baches/target/test-classes:/home/adrian/NetBeansProjects/Baches/target/classes:/home/adrian/.m2/repository/org/junit/jupiter/junit-jupiter-api/5.6.0/junit-jupiter-api-5.6.0.jar:/home/adrian/.m2/repository/org/apiguardian/apiguardian-api/1.1.0/apiguardian-api-1.1.0.jar:/home/adrian/.m2/repository/org/opentest4j/opentest4j/1.2.0/opentest4j-1.2.0.jar:/home/adrian/.m2/repository/org/junit/platform/junit-platform-commons/1.6.0/junit-platform-commons-1.6.0.jar:/home/adrian/.m2/repository/org/junit/jupiter/junit-jupiter-params/5.6.0/junit-jupiter-params-5.6.0.jar:/home/adrian/.m2/repository/org/junit/jupiter/junit-jupiter-engine/5.6.0/junit-jupiter-engine-5.6.0.jar:/home/adrian/.m2/repository/org/junit/platform/junit-platform-engine/1.6.0/junit-platform-engine-1.6.0.jar:/home/adrian/.m2/repository/javax/javaee-api/8.0/javaee-api-8.0.jar:/home/adrian/.m2/repository/com/sun/mail/javax.mail/1.6.0/javax.mail-1.6.0.jar:/home/adrian/.m2/repository/javax/activation/activation/1.1/activation-1.1.jar:/home/adrian/.m2/repository/org/mockito/mockito-core/3.1.0/mockito-core-3.1.0.jar:/home/adrian/.m2/repository/net/bytebuddy/byte-buddy/1.9.10/byte-buddy-1.9.10.jar:/home/adrian/.m2/repository/net/bytebuddy/byte-buddy-agent/1.9.10/byte-buddy-agent-1.9.10.jar:/home/adrian/.m2/repository/org/objenesis/objenesis/2.6/objenesis-2.6.jar:/home/adrian/.m2/repository/org/jboss/arquillian/junit5/arquillian-junit5-container/1.7.0.Alpha10/arquillian-junit5-container-1.7.0.Alpha10.jar:/home/adrian/.m2/repository/org/jboss/arquillian/test/arquillian-test-api/1.7.0.Alpha10/arquillian-test-api-1.7.0.Alpha10.jar:/home/adrian/.m2/repository/org/jboss/arquillian/core/arquillian-core-api/1.7.0.Alpha10/arquillian-core-api-1.7.0.Alpha10.jar:/home/adrian/.m2/repository/org/jboss/arquillian/test/arquillian-test-spi/1.7.0.Alpha10/arquillian-test-spi-1.7.0.Alpha10.jar:/home/adrian/.m2/repository/org/jboss/arquillian/core/arquillian-core-spi/1.7.0.Alpha10/arquillian-core-spi-1.7.0.Alpha10.jar:/home/adrian/.m2/repository/org/jboss/arquillian/container/arquillian-container-test-api/1.7.0.Alpha10/arquillian-container-test-api-1.7.0.Alpha10.jar:/home/adrian/.m2/repository/org/jboss/shrinkwrap/shrinkwrap-api/1.2.6/shrinkwrap-api-1.2.6.jar:/home/adrian/.m2/repository/org/jboss/shrinkwrap/descriptors/shrinkwrap-descriptors-api-base/2.0.0/shrinkwrap-descriptors-api-base-2.0.0.jar:/home/adrian/.m2/repository/org/jboss/arquillian/container/arquillian-container-test-spi/1.7.0.Alpha10/arquillian-container-test-spi-1.7.0.Alpha10.jar:/home/adrian/.m2/repository/org/jboss/arquillian/core/arquillian-core-impl-base/1.7.0.Alpha10/arquillian-core-impl-base-1.7.0.Alpha10.jar:/home/adrian/.m2/repository/org/jboss/arquillian/test/arquillian-test-impl-base/1.7.0.Alpha10/arquillian-test-impl-base-1.7.0.Alpha10.jar:/home/adrian/.m2/repository/org/jboss/arquillian/container/arquillian-container-impl-base/1.7.0.Alpha10/arquillian-container-impl-base-1.7.0.Alpha10.jar:/home/adrian/.m2/repository/org/jboss/arquillian/config/arquillian-config-api/1.7.0.Alpha10/arquillian-config-api-1.7.0.Alpha10.jar:/home/adrian/.m2/repository/org/jboss/arquillian/config/arquillian-config-impl-base/1.7.0.Alpha10/arquillian-config-impl-base-1.7.0.Alpha10.jar:/home/adrian/.m2/repository/org/jboss/arquillian/config/arquillian-config-spi/1.7.0.Alpha10/arquillian-config-spi-1.7.0.Alpha10.jar:/home/adrian/.m2/repository/org/jboss/shrinkwrap/descriptors/shrinkwrap-descriptors-spi/2.0.0/shrinkwrap-descriptors-spi-2.0.0.jar:/home/adrian/.m2/repository/org/jboss/arquillian/container/arquillian-container-test-impl-base/1.7.0.Alpha10/arquillian-container-test-impl-base-1.7.0.Alpha10.jar:/home/adrian/.m2/repository/org/jboss/arquillian/junit5/arquillian-junit5-core/1.7.0.Alpha10/arquillian-junit5-core-1.7.0.Alpha10.jar:/home/adrian/.m2/repository/org/jboss/shrinkwrap/shrinkwrap-impl-base/1.2.6/shrinkwrap-impl-base-1.2.6.jar:/home/adrian/.m2/repository/org/jboss/shrinkwrap/shrinkwrap-spi/1.2.6/shrinkwrap-spi-1.2.6.jar:/home/adrian/.m2/repository/fish/payara/extras/payara-embedded-all/5.2022.1/payara-embedded-all-5.2022.1.jar:/home/adrian/.m2/repository/fish/payara/arquillian/arquillian-payara-server-embedded/2.4.6/arquillian-payara-server-embedded-2.4.6.jar:/home/adrian/.m2/repository/org/jboss/arquillian/container/arquillian-container-spi/1.7.0.Alpha10/arquillian-container-spi-1.7.0.Alpha10.jar:/home/adrian/.m2/repository/org/jboss/arquillian/protocol/arquillian-protocol-servlet/1.7.0.Alpha10/arquillian-protocol-servlet-1.7.0.Alpha10.jar:/home/adrian/.m2/repository/org/jboss/arquillian/testenricher/arquillian-testenricher-cdi/1.7.0.Alpha10/arquillian-testenricher-cdi-1.7.0.Alpha10.jar:/home/adrian/.m2/repository/org/jboss/arquillian/testenricher/arquillian-testenricher-ejb/1.7.0.Alpha10/arquillian-testenricher-ejb-1.7.0.Alpha10.jar:/home/adrian/.m2/repository/org/jboss/arquillian/testenricher/arquillian-testenricher-resource/1.7.0.Alpha10/arquillian-testenricher-resource-1.7.0.Alpha10.jar:/home/adrian/.m2/repository/org/jboss/arquillian/testenricher/arquillian-testenricher-initialcontext/1.7.0.Alpha10/arquillian-testenricher-initialcontext-1.7.0.Alpha10.jar:"/>
    <property name="sun.cpu.endian" value="little"/>
    <property name="user.home" value="/home/adrian"/>
    <property name="user.language" value="es"/>
    <property name="javax.rmi.CORBA.PortableRemoteObjectClass" value="com.sun.corba.ee.impl.javax.rmi.PortableRemoteObject"/>
    <property name="felix.fileinstall.bundles.new.start" value="true"/>
    <property name="com.sun.aas.hostName" value="adrian-HP"/>
    <property name="env.GPG_AGENT_INFO" value="/run/user/1000/gnupg/S.gpg-agent:0:1"/>
    <property name="JMS_PROVIDER_PORT" value="7676"/>
    <property name="javax.net.ssl.keyStorePassword" value="changeit"/>
    <property name="java.awt.graphicsenv" value="sun.awt.X11GraphicsEnvironment"/>
    <property name="java.awt.headless" value="true"/>
    <property name="com.ctc.wstx.returnNullForDefaultNamespace" value="true"/>
    <property name="org.omg.CORBA.ORBClass" value="com.sun.corba.ee.impl.orb.ORBImpl"/>
    <property name="env.INSIDE_NEMO_PYTHON" value=""/>
    <property name="surefire.real.class.path" value="/home/adrian/NetBeansProjects/Baches/target/surefire/surefirebooter1522325200825814828.jar"/>
    <property name="eclipselink.security.usedoprivileged" value="true"/>
    <property name="env.LANGUAGE" value="es_SV:es"/>
    <property name="env.DBUS_SESSION_BUS_ADDRESS" value="unix:path=/run/user/1000/bus"/>
    <property name="com.sun.aas.instanceName" value="server"/>
    <property name="org.glassfish.additionalOSGiBundlesToStart" value="org.apache.felix.shell,org.apache.felix.gogo.runtime,org.apache.felix.gogo.shell,org.apache.felix.gogo.command,org.apache.felix.shell.remote,org.apache.felix.fileinstall"/>
    <property name="env.GTK_OVERLAY_SCROLLING" value="1"/>
    <property name="path.separator" value=":"/>
    <property name="os.version" value="5.4.0-89-generic"/>
    <property name="com.sun.aas.installRootURI" value="file:/tmp/gfembed12724135745135464521tmp/"/>
    <property name="java.endorsed.dirs" value="/tmp/gfembed12724135745135464521tmp/modules/endorsed:/tmp/gfembed12724135745135464521tmp/lib/endorsed"/>
    <property name="java.runtime.name" value="OpenJDK Runtime Environment"/>
    <property name="env.GIO_LAUNCHED_DESKTOP_FILE_PID" value="2459"/>
    <property name="env.XDG_SESSION_ID" value="c2"/>
    <property name="osgi.shell.telnet.maxconn" value="1"/>
    <property name="felix.fileinstall.bundles.startTransient" value="true"/>
    <property name="com.sun.aas.configRoot" value="/tmp/gfembed12724135745135464521tmp/config"/>
    <property name="java.vm.name" value="OpenJDK 64-Bit Server VM"/>
    <property name="env.SHELL" value="/bin/bash"/>
    <property name="com.sun.aas.javaRoot" value="/usr/lib/jvm/java-11-openjdk-amd64"/>
    <property name="maven.ext.class.path" value="/home/adrian/netbeans-12.4/netbeans/java/maven-nblib/netbeans-eventspy.jar"/>
    <property name="javax.net.ssl.keyStore" value="/tmp/gfembed12724135745135464521tmp/config/keystore.jks"/>
    <property name="env.XDG_SEAT_PATH" value="/org/freedesktop/DisplayManager/Seat0"/>
    <property name="env.GTK_MODULES" value="gail:atk-bridge"/>
    <property name="java.security.auth.login.config" value="/tmp/gfembed12724135745135464521tmp/config/login.conf"/>
    <property name="felix.fileinstall.disableConfigSave" value="false"/>
    <property name="java.vendor.url.bug" value="https://bugs.launchpad.net/ubuntu/+source/openjdk-lts"/>
    <property name="env.M2_HOME" value="/home/adrian/netbeans-12.4/netbeans/java/maven"/>
    <property name="env.MAVEN_CMD_LINE_ARGS" value=" -Dmaven.ext.class.path=/home/adrian/netbeans-12.4/netbeans/java/maven-nblib/netbeans-eventspy.jar install"/>
    <property name="env.XDG_CONFIG_DIRS" value="/etc/xdg/xdg-cinnamon:/etc/xdg"/>
    <property name="catalina.home" value="/tmp/gfembed12724135745135464521tmp"/>
    <property name="user.dir" value="/home/adrian/NetBeansProjects/Baches"/>
    <property name="os.arch" value="amd64"/>
    <property name="env.GTK3_MODULES" value="xapp-gtk3-module"/>
    <property name="javax.management.builder.initial" value="com.sun.enterprise.v3.admin.AppServerMBeanServerBuilder"/>
    <property name="osgi.shell.telnet.port" value="6666"/>
    <property name="catalina.base" value="/tmp/gfembed12724135745135464521tmp"/>
    <property name="env.XDG_CURRENT_DESKTOP" value="X-Cinnamon"/>
    <property name="env.DESKTOP_SESSION" value="cinnamon"/>
    <property name="env.MAVEN_PROJECTBASEDIR" value="/home/adrian/NetBeansProjects/Baches"/>
    <property name="glassfish.version" value="Undefined Product Name - define product and version info in config/branding  0.0.0  (build 0)"/>
    <property name="java.vm.info" value="mixed mode, sharing"/>
    <property name="java.vm.version" value="11.0.13+8-Ubuntu-0ubuntu1.20.04"/>
    <property name="javax.security.jacc.PolicyConfigurationFactory.provider" value="com.sun.enterprise.security.provider.PolicyConfigurationFactoryImpl"/>
    <property name="java.ext.dirs" value="/usr/lib/jvm/java-11-openjdk-amd64/lib/ext:/usr/lib/jvm/java-11-openjdk-amd64/jre/lib/ext:/tmp/gfembed12724135745135464521tmp/lib/ext"/>
    <property name="java.class.version" value="55.0"/>
    <property name="env.USER" value="adrian"/>
    <property name="org.glassfish.grizzly.nio.DefaultSelectorHandler.force-selector-spin-detection" value="true"/>
  </properties>
  <testcase name="testCrear" classname="com.mycompany.baches.control.TipoObjetoIT" time="2.369">
    <system-out><![CDATA[4c828faf-1c89-4fad-af4a-6afaa633c7e7.war:
/WEB-INF/
/WEB-INF/classes/
/WEB-INF/classes/com/
/WEB-INF/classes/com/mycompany/
/WEB-INF/classes/com/mycompany/baches/
/WEB-INF/classes/com/mycompany/baches/entity/
/WEB-INF/classes/com/mycompany/baches/entity/TipoObjeto.class
/WEB-INF/classes/com/mycompany/baches/entity/ObjetoEstado.class
/WEB-INF/classes/com/mycompany/baches/entity/Estado.class
/WEB-INF/classes/com/mycompany/baches/entity/Ruta.class
/WEB-INF/classes/com/mycompany/baches/entity/Objeto.class
/WEB-INF/classes/com/mycompany/baches/control/
/WEB-INF/classes/com/mycompany/baches/control/AbstractDataAccess.class
/WEB-INF/classes/com/mycompany/baches/control/TipoObjetoBean.class
/WEB-INF/classes/persistence-arquillian.xml
/WEB-INF/classes/META-INF/
/WEB-INF/classes/META-INF/persistence.xml
/WEB-INF/classes/META-INF/sql/
/WEB-INF/classes/META-INF/sql/datos.sql
/WEB-INF/beans.xml
2022-06-01 23:15:55 jdbc[3]: 
/*SQL */SET TRACE_LEVEL_FILE 3;
2022-06-01 23:15:55 jdbc[3]: 
/**/Connection conn0 = DriverManager.getConnection("jdbc:h2:mem:h2;TRACE_LEVEL_FILE=3;TRACE_LEVEL_SYSTEM_OUT=3;DB_CLOSE_DELAY=1", "SA", "");
2022-06-01 23:15:55 database: connecting session #4 to mem:h2
2022-06-01 23:15:55 jdbc[4]: 
/*SQL */SET DB_CLOSE_DELAY 1;
2022-06-01 23:15:55 jdbc[4]: 
/*SQL */SET TRACE_LEVEL_SYSTEM_OUT 3;
2022-06-01 23:15:55 jdbc[4]: 
/*SQL */SET TRACE_LEVEL_FILE 3;
2022-06-01 23:15:55 jdbc[4]: 
/**/Connection conn1 = DriverManager.getConnection("jdbc:h2:mem:h2;TRACE_LEVEL_FILE=3;TRACE_LEVEL_SYSTEM_OUT=3;DB_CLOSE_DELAY=1", "SA", "");
2022-06-01 23:15:55 database: connecting session #5 to mem:h2
2022-06-01 23:15:55 jdbc[5]: 
/*SQL */SET DB_CLOSE_DELAY 1;
2022-06-01 23:15:55 jdbc[5]: 
/*SQL */SET TRACE_LEVEL_SYSTEM_OUT 3;
2022-06-01 23:15:55 jdbc[5]: 
/*SQL */SET TRACE_LEVEL_FILE 3;
2022-06-01 23:15:55 jdbc[5]: 
/**/Connection conn2 = DriverManager.getConnection("jdbc:h2:mem:h2;TRACE_LEVEL_FILE=3;TRACE_LEVEL_SYSTEM_OUT=3;DB_CLOSE_DELAY=1", "SA", "");
2022-06-01 23:15:55 database: connecting session #6 to mem:h2
2022-06-01 23:15:55 jdbc[6]: 
/*SQL */SET DB_CLOSE_DELAY 1;
2022-06-01 23:15:55 jdbc[6]: 
/*SQL */SET TRACE_LEVEL_SYSTEM_OUT 3;
2022-06-01 23:15:55 jdbc[6]: 
/*SQL */SET TRACE_LEVEL_FILE 3;
2022-06-01 23:15:55 jdbc[6]: 
/**/Connection conn3 = DriverManager.getConnection("jdbc:h2:mem:h2;TRACE_LEVEL_FILE=3;TRACE_LEVEL_SYSTEM_OUT=3;DB_CLOSE_DELAY=1", "SA", "");
2022-06-01 23:15:55 database: connecting session #7 to mem:h2
2022-06-01 23:15:55 jdbc[7]: 
/*SQL */SET DB_CLOSE_DELAY 1;
2022-06-01 23:15:55 jdbc[7]: 
/*SQL */SET TRACE_LEVEL_SYSTEM_OUT 3;
2022-06-01 23:15:55 jdbc[7]: 
/*SQL */SET TRACE_LEVEL_FILE 3;
2022-06-01 23:15:55 jdbc[7]: 
/**/Connection conn4 = DriverManager.getConnection("jdbc:h2:mem:h2;TRACE_LEVEL_FILE=3;TRACE_LEVEL_SYSTEM_OUT=3;DB_CLOSE_DELAY=1", "SA", "");
2022-06-01 23:15:55 database: connecting session #8 to mem:h2
2022-06-01 23:15:55 jdbc[8]: 
/*SQL */SET DB_CLOSE_DELAY 1;
2022-06-01 23:15:55 jdbc[8]: 
/*SQL */SET TRACE_LEVEL_SYSTEM_OUT 3;
2022-06-01 23:15:55 jdbc[8]: 
/*SQL */SET TRACE_LEVEL_FILE 3;
2022-06-01 23:15:55 jdbc[8]: 
/**/Connection conn5 = DriverManager.getConnection("jdbc:h2:mem:h2;TRACE_LEVEL_FILE=3;TRACE_LEVEL_SYSTEM_OUT=3;DB_CLOSE_DELAY=1", "SA", "");
2022-06-01 23:15:55 database: connecting session #9 to mem:h2
2022-06-01 23:15:55 jdbc[9]: 
/*SQL */SET DB_CLOSE_DELAY 1;
2022-06-01 23:15:55 jdbc[9]: 
/*SQL */SET TRACE_LEVEL_SYSTEM_OUT 3;
2022-06-01 23:15:55 jdbc[9]: 
/*SQL */SET TRACE_LEVEL_FILE 3;
2022-06-01 23:15:55 jdbc[9]: 
/**/Connection conn6 = DriverManager.getConnection("jdbc:h2:mem:h2;TRACE_LEVEL_FILE=3;TRACE_LEVEL_SYSTEM_OUT=3;DB_CLOSE_DELAY=1", "SA", "");
2022-06-01 23:15:55 database: connecting session #10 to mem:h2
2022-06-01 23:15:55 jdbc[10]: 
/*SQL */SET DB_CLOSE_DELAY 1;
2022-06-01 23:15:55 jdbc[10]: 
/*SQL */SET TRACE_LEVEL_SYSTEM_OUT 3;
2022-06-01 23:15:55 jdbc[10]: 
/*SQL */SET TRACE_LEVEL_FILE 3;
2022-06-01 23:15:55 jdbc[10]: 
/**/Connection conn7 = DriverManager.getConnection("jdbc:h2:mem:h2;TRACE_LEVEL_FILE=3;TRACE_LEVEL_SYSTEM_OUT=3;DB_CLOSE_DELAY=1", "SA", "");
2022-06-01 23:15:55 jdbc[3]: 
/**/DatabaseMetaData dbMeta0 = conn0.getMetaData();
2022-06-01 23:15:55 jdbc[3]: 
/**/conn0.getClientInfo();
2022-06-01 23:15:55 jdbc[3]: 
/**/ResultSet rs0 = dbMeta0.getClientInfoProperties();
2022-06-01 23:15:55 jdbc[3]: 
/**/rs0.next();
2022-06-01 23:15:55 jdbc[3]: 
/**/rs0.close();
2022-06-01 23:15:55 jdbc[3]: 
/**/conn0.getClientInfo();
2022-06-01 23:15:55 jdbc[3]: 
/**/DatabaseMetaData dbMeta1 = conn0.getMetaData();
2022-06-01 23:15:55 jdbc[3]: 
/**/dbMeta1.getDatabaseProductName();
2022-06-01 23:15:55 jdbc[3]: 
/**/dbMeta1.getDatabaseProductVersion();
2022-06-01 23:15:55 jdbc[3]: 
/**/dbMeta1.getDatabaseMajorVersion();
2022-06-01 23:15:55 jdbc[3]: 
/**/DatabaseMetaData dbMeta2 = conn0.getMetaData();
2022-06-01 23:15:55 jdbc[3]: 
/**/dbMeta2.getDriverName();
2022-06-01 23:15:55 jdbc[3]: 
/**/conn0.setClientInfo(properties);
2022-06-01 23:15:55 jdbc[3]: 
/**/conn0.getClientInfo();
2022-06-01 23:15:55 jdbc[3]: 
/**/conn0.setClientInfo(properties);
2022-06-01 23:15:55 jdbc[3]: 
/**/conn0.getClientInfo();
2022-06-01 23:15:55 jdbc[3]: 
/**/conn0.setClientInfo(properties);
2022-06-01 23:15:56 jdbc[3]: 
/**/conn0.getClientInfo();
2022-06-01 23:15:56 jdbc[3]: 
/**/PreparedStatement prep0 = conn0.prepareStatement("SELECT 1 FROM public.estado", 1003, 1007);
2022-06-01 23:15:56 jdbc[3]: exception
org.h2.jdbc.JdbcSQLSyntaxErrorException: Tabla "ESTADO" no encontrada
Table "ESTADO" not found; SQL statement:
SELECT 1 FROM public.estado [42102-200]
	at org.h2.message.DbException.getJdbcSQLException(DbException.java:453)
	at org.h2.message.DbException.getJdbcSQLException(DbException.java:429)
	at org.h2.message.DbException.get(DbException.java:205)
	at org.h2.message.DbException.get(DbException.java:181)
	at org.h2.command.Parser.readTableOrView(Parser.java:7628)
	at org.h2.command.Parser.readTableFilter(Parser.java:1970)
	at org.h2.command.Parser.parseSelectFromPart(Parser.java:2827)
	at org.h2.command.Parser.parseSelect(Parser.java:2959)
	at org.h2.command.Parser.parseQuerySub(Parser.java:2817)
	at org.h2.command.Parser.parseSelectUnion(Parser.java:2649)
	at org.h2.command.Parser.parseQuery(Parser.java:2620)
	at org.h2.command.Parser.parsePrepared(Parser.java:868)
	at org.h2.command.Parser.parse(Parser.java:843)
	at org.h2.command.Parser.parse(Parser.java:815)
	at org.h2.command.Parser.prepareCommand(Parser.java:738)
	at org.h2.engine.Session.prepareLocal(Session.java:657)
	at org.h2.engine.Session.prepareCommand(Session.java:595)
	at org.h2.jdbc.JdbcConnection.prepareCommand(JdbcConnection.java:1235)
	at org.h2.jdbc.JdbcPreparedStatement.<init>(JdbcPreparedStatement.java:76)
	at org.h2.jdbc.JdbcConnection.prepareStatement(JdbcConnection.java:734)
	at com.sun.gjc.spi.base.ConnectionHolder.prepareStatement(ConnectionHolder.java:609)
	at com.sun.gjc.spi.jdbc40.ConnectionWrapper40.prepareCachedStatement(ConnectionWrapper40.java:271)
	at com.sun.gjc.spi.jdbc40.ConnectionWrapper40.prepareCachedStatement(ConnectionWrapper40.java:53)
	at com.sun.gjc.spi.ManagedConnectionImpl.prepareCachedStatement(ManagedConnectionImpl.java:1080)
	at com.sun.gjc.spi.jdbc40.ConnectionWrapper40.prepareStatement(ConnectionWrapper40.java:183)
	at org.eclipse.persistence.internal.databaseaccess.DatabaseAccessor.prepareStatement(DatabaseAccessor.java:1600)
	at org.eclipse.persistence.internal.databaseaccess.DatabaseAccessor.prepareStatement(DatabaseAccessor.java:1549)
	at org.eclipse.persistence.internal.databaseaccess.DatabaseCall.prepareStatement(DatabaseCall.java:806)
	at org.eclipse.persistence.internal.databaseaccess.DatabaseAccessor.basicExecuteCall(DatabaseAccessor.java:628)
	at org.eclipse.persistence.internal.databaseaccess.DatabaseAccessor.executeCall(DatabaseAccessor.java:567)
	at org.eclipse.persistence.internal.sessions.AbstractSession.basicExecuteCall(AbstractSession.java:2105)
	at org.eclipse.persistence.sessions.server.ServerSession.executeCall(ServerSession.java:603)
	at org.eclipse.persistence.internal.queries.DatasourceCallQueryMechanism.executeCall(DatasourceCallQueryMechanism.java:277)
	at org.eclipse.persistence.internal.queries.DatasourceCallQueryMechanism.executeCall(DatasourceCallQueryMechanism.java:263)
	at org.eclipse.persistence.internal.queries.DatasourceCallQueryMechanism.executeSelectCall(DatasourceCallQueryMechanism.java:334)
	at org.eclipse.persistence.internal.queries.DatasourceCallQueryMechanism.executeSelect(DatasourceCallQueryMechanism.java:316)
	at org.eclipse.persistence.queries.DataReadQuery.executeNonCursor(DataReadQuery.java:199)
	at org.eclipse.persistence.queries.DataReadQuery.executeDatabaseQuery(DataReadQuery.java:154)
	at org.eclipse.persistence.queries.DatabaseQuery.execute(DatabaseQuery.java:911)
	at org.eclipse.persistence.queries.DataReadQuery.execute(DataReadQuery.java:139)
	at org.eclipse.persistence.internal.sessions.AbstractSession.internalExecuteQuery(AbstractSession.java:3367)
	at org.eclipse.persistence.internal.sessions.AbstractSession.executeQuery(AbstractSession.java:1898)
	at org.eclipse.persistence.internal.sessions.AbstractSession.executeQuery(AbstractSession.java:1880)
	at org.eclipse.persistence.internal.sessions.AbstractSession.executeQuery(AbstractSession.java:1830)
	at org.eclipse.persistence.internal.databaseaccess.DatabasePlatform.checkTableExists(DatabasePlatform.java:3792)
	at org.eclipse.persistence.tools.schemaframework.SchemaManager.checkTableExists(SchemaManager.java:467)
	at org.eclipse.persistence.tools.schemaframework.SchemaManager.checkTableExists(SchemaManager.java:480)
	at org.eclipse.persistence.tools.schemaframework.TableCreator.createTables(TableCreator.java:169)
	at org.eclipse.persistence.tools.schemaframework.TableCreator.createTables(TableCreator.java:151)
	at org.eclipse.persistence.tools.schemaframework.TableCreator.createTables(TableCreator.java:143)
	at org.eclipse.persistence.tools.schemaframework.SchemaManager.createDefaultTables(SchemaManager.java:1030)
	at org.eclipse.persistence.internal.jpa.EntityManagerFactoryProvider.generateDefaultTables(EntityManagerFactoryProvider.java:113)
	at org.eclipse.persistence.internal.jpa.EntityManagerSetupImpl.writeDDLToDatabase(EntityManagerSetupImpl.java:4695)
	at org.eclipse.persistence.internal.jpa.EntityManagerSetupImpl.writeMetadataDDLToDatabase(EntityManagerSetupImpl.java:4762)
	at org.eclipse.persistence.internal.jpa.EntityManagerSetupImpl.writeDDL(EntityManagerSetupImpl.java:4661)
	at org.eclipse.persistence.internal.jpa.EntityManagerSetupImpl.writeDDL(EntityManagerSetupImpl.java:4534)
	at org.eclipse.persistence.internal.jpa.EntityManagerSetupImpl.deploy(EntityManagerSetupImpl.java:820)
	at org.eclipse.persistence.internal.jpa.EntityManagerFactoryDelegate.getAbstractSession(EntityManagerFactoryDelegate.java:222)
	at org.eclipse.persistence.internal.jpa.EntityManagerFactoryDelegate.getDatabaseSession(EntityManagerFactoryDelegate.java:200)
	at org.eclipse.persistence.internal.jpa.EntityManagerFactoryImpl.getDatabaseSession(EntityManagerFactoryImpl.java:542)
	at org.eclipse.persistence.jpa.PersistenceProvider.createContainerEntityManagerFactoryImpl(PersistenceProvider.java:388)
	at org.eclipse.persistence.jpa.PersistenceProvider.createContainerEntityManagerFactory(PersistenceProvider.java:316)
	at org.glassfish.persistence.jpa.PersistenceUnitLoader.loadPU(PersistenceUnitLoader.java:207)
	at org.glassfish.persistence.jpa.PersistenceUnitLoader.<init>(PersistenceUnitLoader.java:114)
	at org.glassfish.persistence.jpa.JPADeployer$1.visitPUD(JPADeployer.java:267)
	at org.glassfish.persistence.jpa.JPADeployer$PersistenceUnitDescriptorIterator.iteratePUDs(JPADeployer.java:571)
	at org.glassfish.persistence.jpa.JPADeployer.createEMFs(JPADeployer.java:286)
	at org.glassfish.persistence.jpa.JPADeployer.prepare(JPADeployer.java:183)
	at com.sun.enterprise.v3.server.ApplicationLifecycle.prepareModule(ApplicationLifecycle.java:1131)
	at com.sun.enterprise.v3.server.ApplicationLifecycle.prepare(ApplicationLifecycle.java:504)
	at org.glassfish.deployment.admin.DeployCommand.execute(DeployCommand.java:588)
	at com.sun.enterprise.v3.admin.CommandRunnerImpl$2$1.run(CommandRunnerImpl.java:556)
	at com.sun.enterprise.v3.admin.CommandRunnerImpl$2$1.run(CommandRunnerImpl.java:552)
	at java.base/java.security.AccessController.doPrivileged(Native Method)
	at java.base/javax.security.auth.Subject.doAs(Subject.java:361)
	at com.sun.enterprise.v3.admin.CommandRunnerImpl$2.execute(CommandRunnerImpl.java:551)
	at com.sun.enterprise.v3.admin.CommandRunnerImpl$3.run(CommandRunnerImpl.java:582)
	at com.sun.enterprise.v3.admin.CommandRunnerImpl$3.run(CommandRunnerImpl.java:574)
	at java.base/java.security.AccessController.doPrivileged(Native Method)
	at java.base/javax.security.auth.Subject.doAs(Subject.java:361)
	at com.sun.enterprise.v3.admin.CommandRunnerImpl.doCommand(CommandRunnerImpl.java:573)
	at com.sun.enterprise.v3.admin.CommandRunnerImpl.doCommand(CommandRunnerImpl.java:1497)
	at com.sun.enterprise.v3.admin.CommandRunnerImpl.access$1300(CommandRunnerImpl.java:120)
	at com.sun.enterprise.v3.admin.CommandRunnerImpl$ExecutionContext.execute(CommandRunnerImpl.java:1879)
	at com.sun.enterprise.v3.admin.CommandRunnerImpl$ExecutionContext.execute(CommandRunnerImpl.java:1755)
	at com.sun.enterprise.admin.cli.embeddable.DeployerImpl.deploy(DeployerImpl.java:131)
	at com.sun.enterprise.admin.cli.embeddable.DeployerImpl.deploy(DeployerImpl.java:104)
	at fish.payara.arquillian.container.payara.embedded.PayaraContainer.deploy(PayaraContainer.java:236)
	at org.jboss.arquillian.container.impl.client.container.ContainerDeployController$3.call(ContainerDeployController.java:151)
	at org.jboss.arquillian.container.impl.client.container.ContainerDeployController$3.call(ContainerDeployController.java:118)
	at org.jboss.arquillian.container.impl.client.container.ContainerDeployController.executeOperation(ContainerDeployController.java:239)
	at org.jboss.arquillian.container.impl.client.container.ContainerDeployController.deploy(ContainerDeployController.java:118)
	at java.base/jdk.internal.reflect.NativeMethodAccessorImpl.invoke0(Native Method)
	at java.base/jdk.internal.reflect.NativeMethodAccessorImpl.invoke(NativeMethodAccessorImpl.java:62)
	at java.base/jdk.internal.reflect.DelegatingMethodAccessorImpl.invoke(DelegatingMethodAccessorImpl.java:43)
	at java.base/java.lang.reflect.Method.invoke(Method.java:566)
	at org.jboss.arquillian.core.impl.ObserverImpl.invoke(ObserverImpl.java:86)
	at org.jboss.arquillian.core.impl.EventContextImpl.invokeObservers(EventContextImpl.java:103)
	at org.jboss.arquillian.core.impl.EventContextImpl.proceed(EventContextImpl.java:90)
	at org.jboss.arquillian.container.impl.client.ContainerDeploymentContextHandler.createDeploymentContext(ContainerDeploymentContextHandler.java:71)
	at java.base/jdk.internal.reflect.NativeMethodAccessorImpl.invoke0(Native Method)
	at java.base/jdk.internal.reflect.NativeMethodAccessorImpl.invoke(NativeMethodAccessorImpl.java:62)
	at java.base/jdk.internal.reflect.DelegatingMethodAccessorImpl.invoke(DelegatingMethodAccessorImpl.java:43)
	at java.base/java.lang.reflect.Method.invoke(Method.java:566)
	at org.jboss.arquillian.core.impl.ObserverImpl.invoke(ObserverImpl.java:86)
	at org.jboss.arquillian.core.impl.EventContextImpl.proceed(EventContextImpl.java:95)
	at org.jboss.arquillian.container.impl.client.ContainerDeploymentContextHandler.createContainerContext(ContainerDeploymentContextHandler.java:54)
	at java.base/jdk.internal.reflect.NativeMethodAccessorImpl.invoke0(Native Method)
	at java.base/jdk.internal.reflect.NativeMethodAccessorImpl.invoke(NativeMethodAccessorImpl.java:62)
	at java.base/jdk.internal.reflect.DelegatingMethodAccessorImpl.invoke(DelegatingMethodAccessorImpl.java:43)
	at java.base/java.lang.reflect.Method.invoke(Method.java:566)
	at org.jboss.arquillian.core.impl.ObserverImpl.invoke(ObserverImpl.java:86)
	at org.jboss.arquillian.core.impl.EventContextImpl.proceed(EventContextImpl.java:95)
	at org.jboss.arquillian.container.impl.client.container.DeploymentExceptionHandler.verifyExpectedExceptionDuringDeploy(DeploymentExceptionHandler.java:47)
	at java.base/jdk.internal.reflect.NativeMethodAccessorImpl.invoke0(Native Method)
	at java.base/jdk.internal.reflect.NativeMethodAccessorImpl.invoke(NativeMethodAccessorImpl.java:62)
	at java.base/jdk.internal.reflect.DelegatingMethodAccessorImpl.invoke(DelegatingMethodAccessorImpl.java:43)
	at java.base/java.lang.reflect.Method.invoke(Method.java:566)
	at org.jboss.arquillian.core.impl.ObserverImpl.invoke(ObserverImpl.java:86)
	at org.jboss.arquillian.core.impl.EventContextImpl.proceed(EventContextImpl.java:95)
	at org.jboss.arquillian.core.impl.ManagerImpl.fire(ManagerImpl.java:133)
	at org.jboss.arquillian.core.impl.ManagerImpl.fire(ManagerImpl.java:105)
	at org.jboss.arquillian.core.impl.EventImpl.fire(EventImpl.java:62)
	at org.jboss.arquillian.container.impl.client.container.ContainerDeployController$1.perform(ContainerDeployController.java:92)
	at org.jboss.arquillian.container.impl.client.container.ContainerDeployController$1.perform(ContainerDeployController.java:77)
	at org.jboss.arquillian.container.impl.client.container.ContainerDeployController.forEachDeployment(ContainerDeployController.java:232)
	at org.jboss.arquillian.container.impl.client.container.ContainerDeployController.forEachManagedDeployment(ContainerDeployController.java:212)
	at org.jboss.arquillian.container.impl.client.container.ContainerDeployController.deployManaged(ContainerDeployController.java:77)
	at java.base/jdk.internal.reflect.NativeMethodAccessorImpl.invoke0(Native Method)
	at java.base/jdk.internal.reflect.NativeMethodAccessorImpl.invoke(NativeMethodAccessorImpl.java:62)
	at java.base/jdk.internal.reflect.DelegatingMethodAccessorImpl.invoke(DelegatingMethodAccessorImpl.java:43)
	at java.base/java.lang.reflect.Method.invoke(Method.java:566)
	at org.jboss.arquillian.core.impl.ObserverImpl.invoke(ObserverImpl.java:86)
	at org.jboss.arquillian.core.impl.EventContextImpl.invokeObservers(EventContextImpl.java:103)
	at org.jboss.arquillian.core.impl.EventContextImpl.proceed(EventContextImpl.java:90)
	at org.jboss.arquillian.core.impl.ManagerImpl.fire(ManagerImpl.java:133)
	at org.jboss.arquillian.core.impl.ManagerImpl.fire(ManagerImpl.java:105)
	at org.jboss.arquillian.core.impl.EventImpl.fire(EventImpl.java:62)
	at org.jboss.arquillian.container.test.impl.client.ContainerEventController.execute(ContainerEventController.java:96)
	at java.base/jdk.internal.reflect.NativeMethodAccessorImpl.invoke0(Native Method)
	at java.base/jdk.internal.reflect.NativeMethodAccessorImpl.invoke(NativeMethodAccessorImpl.java:62)
	at java.base/jdk.internal.reflect.DelegatingMethodAccessorImpl.invoke(DelegatingMethodAccessorImpl.java:43)
	at java.base/java.lang.reflect.Method.invoke(Method.java:566)
	at org.jboss.arquillian.core.impl.ObserverImpl.invoke(ObserverImpl.java:86)
	at org.jboss.arquillian.core.impl.EventContextImpl.invokeObservers(EventContextImpl.java:103)
	at org.jboss.arquillian.core.impl.EventContextImpl.proceed(EventContextImpl.java:90)
	at org.jboss.arquillian.test.impl.TestContextHandler.createClassContext(TestContextHandler.java:83)
	at java.base/jdk.internal.reflect.NativeMethodAccessorImpl.invoke0(Native Method)
	at java.base/jdk.internal.reflect.NativeMethodAccessorImpl.invoke(NativeMethodAccessorImpl.java:62)
	at java.base/jdk.internal.reflect.DelegatingMethodAccessorImpl.invoke(DelegatingMethodAccessorImpl.java:43)
	at java.base/java.lang.reflect.Method.invoke(Method.java:566)
	at org.jboss.arquillian.core.impl.ObserverImpl.invoke(ObserverImpl.java:86)
	at org.jboss.arquillian.core.impl.EventContextImpl.proceed(EventContextImpl.java:95)
	at org.jboss.arquillian.test.impl.TestContextHandler.createSuiteContext(TestContextHandler.java:69)
	at java.base/jdk.internal.reflect.NativeMethodAccessorImpl.invoke0(Native Method)
	at java.base/jdk.internal.reflect.NativeMethodAccessorImpl.invoke(NativeMethodAccessorImpl.java:62)
	at java.base/jdk.internal.reflect.DelegatingMethodAccessorImpl.invoke(DelegatingMethodAccessorImpl.java:43)
	at java.base/java.lang.reflect.Method.invoke(Method.java:566)
	at org.jboss.arquillian.core.impl.ObserverImpl.invoke(ObserverImpl.java:86)
	at org.jboss.arquillian.core.impl.EventContextImpl.proceed(EventContextImpl.java:95)
	at org.jboss.arquillian.core.impl.ManagerImpl.fire(ManagerImpl.java:133)
	at org.jboss.arquillian.core.impl.ManagerImpl.fire(ManagerImpl.java:105)
	at org.jboss.arquillian.test.impl.EventTestRunnerAdaptor.beforeClass(EventTestRunnerAdaptor.java:89)
	at org.jboss.arquillian.junit5.ArquillianExtension.beforeAll(ArquillianExtension.java:35)
	at org.junit.jupiter.engine.descriptor.ClassBasedTestDescriptor.lambda$invokeBeforeAllCallbacks$7(ClassBasedTestDescriptor.java:359)
	at org.junit.platform.engine.support.hierarchical.ThrowableCollector.execute(ThrowableCollector.java:73)
	at org.junit.jupiter.engine.descriptor.ClassBasedTestDescriptor.invokeBeforeAllCallbacks(ClassBasedTestDescriptor.java:359)
	at org.junit.jupiter.engine.descriptor.ClassBasedTestDescriptor.before(ClassBasedTestDescriptor.java:189)
	at org.junit.jupiter.engine.descriptor.ClassBasedTestDescriptor.before(ClassBasedTestDescriptor.java:78)
	at org.junit.platform.engine.support.hierarchical.NodeTestTask.lambda$executeRecursively$5(NodeTestTask.java:132)
	at org.junit.platform.engine.support.hierarchical.ThrowableCollector.execute(ThrowableCollector.java:73)
	at org.junit.platform.engine.support.hierarchical.NodeTestTask.lambda$executeRecursively$7(NodeTestTask.java:125)
	at org.junit.platform.engine.support.hierarchical.Node.around(Node.java:135)
	at org.junit.platform.engine.support.hierarchical.NodeTestTask.lambda$executeRecursively$8(NodeTestTask.java:123)
	at org.junit.platform.engine.support.hierarchical.ThrowableCollector.execute(ThrowableCollector.java:73)
	at org.junit.platform.engine.support.hierarchical.NodeTestTask.executeRecursively(NodeTestTask.java:122)
	at org.junit.platform.engine.support.hierarchical.NodeTestTask.execute(NodeTestTask.java:80)
	at java.base/java.util.ArrayList.forEach(ArrayList.java:1541)
	at org.junit.platform.engine.support.hierarchical.SameThreadHierarchicalTestExecutorService.invokeAll(SameThreadHierarchicalTestExecutorService.java:38)
	at org.junit.platform.engine.support.hierarchical.NodeTestTask.lambda$executeRecursively$5(NodeTestTask.java:139)
	at org.junit.platform.engine.support.hierarchical.ThrowableCollector.execute(ThrowableCollector.java:73)
	at org.junit.platform.engine.support.hierarchical.NodeTestTask.lambda$executeRecursively$7(NodeTestTask.java:125)
	at org.junit.platform.engine.support.hierarchical.Node.around(Node.java:135)
	at org.junit.platform.engine.support.hierarchical.NodeTestTask.lambda$executeRecursively$8(NodeTestTask.java:123)
	at org.junit.platform.engine.support.hierarchical.ThrowableCollector.execute(ThrowableCollector.java:73)
	at org.junit.platform.engine.support.hierarchical.NodeTestTask.executeRecursively(NodeTestTask.java:122)
	at org.junit.platform.engine.support.hierarchical.NodeTestTask.execute(NodeTestTask.java:80)
	at org.junit.platform.engine.support.hierarchical.SameThreadHierarchicalTestExecutorService.submit(SameThreadHierarchicalTestExecutorService.java:32)
	at org.junit.platform.engine.support.hierarchical.HierarchicalTestExecutor.execute(HierarchicalTestExecutor.java:57)
	at org.junit.platform.engine.support.hierarchical.HierarchicalTestEngine.execute(HierarchicalTestEngine.java:51)
	at org.junit.platform.launcher.core.DefaultLauncher.execute(DefaultLauncher.java:248)
	at org.junit.platform.launcher.core.DefaultLauncher.lambda$execute$5(DefaultLauncher.java:211)
	at org.junit.platform.launcher.core.DefaultLauncher.withInterceptedStreams(DefaultLauncher.java:226)
	at org.junit.platform.launcher.core.DefaultLauncher.execute(DefaultLauncher.java:199)
	at org.junit.platform.launcher.core.DefaultLauncher.execute(DefaultLauncher.java:132)
	at org.apache.maven.surefire.junitplatform.JUnitPlatformProvider.execute(JUnitPlatformProvider.java:188)
	at org.apache.maven.surefire.junitplatform.JUnitPlatformProvider.invokeAllTests(JUnitPlatformProvider.java:154)
	at org.apache.maven.surefire.junitplatform.JUnitPlatformProvider.invoke(JUnitPlatformProvider.java:128)
	at org.apache.maven.surefire.booter.ForkedBooter.runSuitesInProcess(ForkedBooter.java:428)
	at org.apache.maven.surefire.booter.ForkedBooter.execute(ForkedBooter.java:162)
	at org.apache.maven.surefire.booter.ForkedBooter.run(ForkedBooter.java:562)
	at org.apache.maven.surefire.booter.ForkedBooter.main(ForkedBooter.java:548)
2022-06-01 23:15:56 jdbc[3]: 
/**/PreparedStatement prep1 = conn0.prepareStatement("SELECT 1", 1003, 1007);
2022-06-01 23:15:56 jdbc[3]: Plan       : calculate cost for plan [DUAL:0:org.h2.table.DualTable@3638d26e]
2022-06-01 23:15:56 jdbc[3]: Plan       :   for table filter DUAL:0:org.h2.table.DualTable@3638d26e
2022-06-01 23:15:56 jdbc[3]: Table      :     potential plan item cost 1 index dual index
2022-06-01 23:15:56 jdbc[3]: Plan       :   best plan item cost 1 index dual index
2022-06-01 23:15:56 jdbc[3]: Plan       : plan cost 2
2022-06-01 23:15:56 jdbc[3]: 
/**/ResultSet rs1 = prep1.executeQuery();
2022-06-01 23:15:56 jdbc[3]: 
/*SQL #:1 t:4*/SELECT 1;
2022-06-01 23:15:56 jdbc[3]: 
/**/rs1.close();
2022-06-01 23:15:56 jdbc[3]: 
/**/prep1.close();
2022-06-01 23:15:56 jdbc[3]: 
/**/conn0.setClientInfo(properties);
2022-06-01 23:15:56 jdbc[3]: 
/**/conn0.getClientInfo();
2022-06-01 23:15:56 jdbc[3]: 
/**/PreparedStatement prep2 = conn0.prepareStatement("CREATE TABLE public.estado (id_estado INTEGER IDENTITY NOT NULL, fecha_creacion DATE, nombre VARCHAR(155), observaciones VARCHAR(2147483647), PRIMARY KEY (id_estado))", 1003, 1007);
2022-06-01 23:15:56 jdbc[3]: 
/**/prep2.executeUpdate();
2022-06-01 23:15:56 lock: 3 exclusive write lock requesting for SYS 
2022-06-01 23:15:56 lock: 3 exclusive write lock added for SYS 
2022-06-01 23:15:56 lock: 3 exclusive write lock unlock SYS 
2022-06-01 23:15:56 lock: 3 exclusive write lock requesting for SYS 
2022-06-01 23:15:56 lock: 3 exclusive write lock added for SYS 
2022-06-01 23:15:56 lock: 3 exclusive write lock requesting for ESTADO 
2022-06-01 23:15:56 lock: 3 exclusive write lock added for ESTADO 
2022-06-01 23:15:56 jdbc[3]: 
/*SQL t:10*/CREATE TABLE public.estado (id_estado INTEGER IDENTITY NOT NULL, fecha_creacion DATE, nombre VARCHAR(155), observaciones VARCHAR(2147483647), PRIMARY KEY (id_estado));
2022-06-01 23:15:56 lock: 3 exclusive write lock unlock SYS 
2022-06-01 23:15:56 lock: 3 exclusive write lock unlock ESTADO 
2022-06-01 23:15:56 jdbc[3]: 
/**/prep2.close();
2022-06-01 23:15:56 jdbc[3]: 
/**/conn0.setClientInfo(properties);
2022-06-01 23:15:56 jdbc[3]: 
/**/conn0.getClientInfo();
2022-06-01 23:15:56 jdbc[3]: 
/**/PreparedStatement prep3 = conn0.prepareStatement("SELECT 1 FROM public.objeto", 1003, 1007);
2022-06-01 23:15:56 jdbc[3]: exception
org.h2.jdbc.JdbcSQLSyntaxErrorException: Tabla "OBJETO" no encontrada
Table "OBJETO" not found; SQL statement:
SELECT 1 FROM public.objeto [42102-200]
	at org.h2.message.DbException.getJdbcSQLException(DbException.java:453)
	at org.h2.message.DbException.getJdbcSQLException(DbException.java:429)
	at org.h2.message.DbException.get(DbException.java:205)
	at org.h2.message.DbException.get(DbException.java:181)
	at org.h2.command.Parser.readTableOrView(Parser.java:7628)
	at org.h2.command.Parser.readTableFilter(Parser.java:1970)
	at org.h2.command.Parser.parseSelectFromPart(Parser.java:2827)
	at org.h2.command.Parser.parseSelect(Parser.java:2959)
	at org.h2.command.Parser.parseQuerySub(Parser.java:2817)
	at org.h2.command.Parser.parseSelectUnion(Parser.java:2649)
	at org.h2.command.Parser.parseQuery(Parser.java:2620)
	at org.h2.command.Parser.parsePrepared(Parser.java:868)
	at org.h2.command.Parser.parse(Parser.java:843)
	at org.h2.command.Parser.parse(Parser.java:815)
	at org.h2.command.Parser.prepareCommand(Parser.java:738)
	at org.h2.engine.Session.prepareLocal(Session.java:657)
	at org.h2.engine.Session.prepareCommand(Session.java:595)
	at org.h2.jdbc.JdbcConnection.prepareCommand(JdbcConnection.java:1235)
	at org.h2.jdbc.JdbcPreparedStatement.<init>(JdbcPreparedStatement.java:76)
	at org.h2.jdbc.JdbcConnection.prepareStatement(JdbcConnection.java:734)
	at com.sun.gjc.spi.base.ConnectionHolder.prepareStatement(ConnectionHolder.java:609)
	at com.sun.gjc.spi.jdbc40.ConnectionWrapper40.prepareCachedStatement(ConnectionWrapper40.java:271)
	at com.sun.gjc.spi.jdbc40.ConnectionWrapper40.prepareCachedStatement(ConnectionWrapper40.java:53)
	at com.sun.gjc.spi.ManagedConnectionImpl.prepareCachedStatement(ManagedConnectionImpl.java:1080)
	at com.sun.gjc.spi.jdbc40.ConnectionWrapper40.prepareStatement(ConnectionWrapper40.java:183)
	at org.eclipse.persistence.internal.databaseaccess.DatabaseAccessor.prepareStatement(DatabaseAccessor.java:1600)
	at org.eclipse.persistence.internal.databaseaccess.DatabaseAccessor.prepareStatement(DatabaseAccessor.java:1549)
	at org.eclipse.persistence.internal.databaseaccess.DatabaseCall.prepareStatement(DatabaseCall.java:806)
	at org.eclipse.persistence.internal.databaseaccess.DatabaseAccessor.basicExecuteCall(DatabaseAccessor.java:628)
	at org.eclipse.persistence.internal.databaseaccess.DatabaseAccessor.executeCall(DatabaseAccessor.java:567)
	at org.eclipse.persistence.internal.sessions.AbstractSession.basicExecuteCall(AbstractSession.java:2105)
	at org.eclipse.persistence.sessions.server.ServerSession.executeCall(ServerSession.java:603)
	at org.eclipse.persistence.internal.queries.DatasourceCallQueryMechanism.executeCall(DatasourceCallQueryMechanism.java:277)
	at org.eclipse.persistence.internal.queries.DatasourceCallQueryMechanism.executeCall(DatasourceCallQueryMechanism.java:263)
	at org.eclipse.persistence.internal.queries.DatasourceCallQueryMechanism.executeSelectCall(DatasourceCallQueryMechanism.java:334)
	at org.eclipse.persistence.internal.queries.DatasourceCallQueryMechanism.executeSelect(DatasourceCallQueryMechanism.java:316)
	at org.eclipse.persistence.queries.DataReadQuery.executeNonCursor(DataReadQuery.java:199)
	at org.eclipse.persistence.queries.DataReadQuery.executeDatabaseQuery(DataReadQuery.java:154)
	at org.eclipse.persistence.queries.DatabaseQuery.execute(DatabaseQuery.java:911)
	at org.eclipse.persistence.queries.DataReadQuery.execute(DataReadQuery.java:139)
	at org.eclipse.persistence.internal.sessions.AbstractSession.internalExecuteQuery(AbstractSession.java:3367)
	at org.eclipse.persistence.internal.sessions.AbstractSession.executeQuery(AbstractSession.java:1898)
	at org.eclipse.persistence.internal.sessions.AbstractSession.executeQuery(AbstractSession.java:1880)
	at org.eclipse.persistence.internal.sessions.AbstractSession.executeQuery(AbstractSession.java:1830)
	at org.eclipse.persistence.internal.databaseaccess.DatabasePlatform.checkTableExists(DatabasePlatform.java:3792)
	at org.eclipse.persistence.tools.schemaframework.SchemaManager.checkTableExists(SchemaManager.java:467)
	at org.eclipse.persistence.tools.schemaframework.SchemaManager.checkTableExists(SchemaManager.java:480)
	at org.eclipse.persistence.tools.schemaframework.TableCreator.createTables(TableCreator.java:169)
	at org.eclipse.persistence.tools.schemaframework.TableCreator.createTables(TableCreator.java:151)
	at org.eclipse.persistence.tools.schemaframework.TableCreator.createTables(TableCreator.java:143)
	at org.eclipse.persistence.tools.schemaframework.SchemaManager.createDefaultTables(SchemaManager.java:1030)
	at org.eclipse.persistence.internal.jpa.EntityManagerFactoryProvider.generateDefaultTables(EntityManagerFactoryProvider.java:113)
	at org.eclipse.persistence.internal.jpa.EntityManagerSetupImpl.writeDDLToDatabase(EntityManagerSetupImpl.java:4695)
	at org.eclipse.persistence.internal.jpa.EntityManagerSetupImpl.writeMetadataDDLToDatabase(EntityManagerSetupImpl.java:4762)
	at org.eclipse.persistence.internal.jpa.EntityManagerSetupImpl.writeDDL(EntityManagerSetupImpl.java:4661)
	at org.eclipse.persistence.internal.jpa.EntityManagerSetupImpl.writeDDL(EntityManagerSetupImpl.java:4534)
	at org.eclipse.persistence.internal.jpa.EntityManagerSetupImpl.deploy(EntityManagerSetupImpl.java:820)
	at org.eclipse.persistence.internal.jpa.EntityManagerFactoryDelegate.getAbstractSession(EntityManagerFactoryDelegate.java:222)
	at org.eclipse.persistence.internal.jpa.EntityManagerFactoryDelegate.getDatabaseSession(EntityManagerFactoryDelegate.java:200)
	at org.eclipse.persistence.internal.jpa.EntityManagerFactoryImpl.getDatabaseSession(EntityManagerFactoryImpl.java:542)
	at org.eclipse.persistence.jpa.PersistenceProvider.createContainerEntityManagerFactoryImpl(PersistenceProvider.java:388)
	at org.eclipse.persistence.jpa.PersistenceProvider.createContainerEntityManagerFactory(PersistenceProvider.java:316)
	at org.glassfish.persistence.jpa.PersistenceUnitLoader.loadPU(PersistenceUnitLoader.java:207)
	at org.glassfish.persistence.jpa.PersistenceUnitLoader.<init>(PersistenceUnitLoader.java:114)
	at org.glassfish.persistence.jpa.JPADeployer$1.visitPUD(JPADeployer.java:267)
	at org.glassfish.persistence.jpa.JPADeployer$PersistenceUnitDescriptorIterator.iteratePUDs(JPADeployer.java:571)
	at org.glassfish.persistence.jpa.JPADeployer.createEMFs(JPADeployer.java:286)
	at org.glassfish.persistence.jpa.JPADeployer.prepare(JPADeployer.java:183)
	at com.sun.enterprise.v3.server.ApplicationLifecycle.prepareModule(ApplicationLifecycle.java:1131)
	at com.sun.enterprise.v3.server.ApplicationLifecycle.prepare(ApplicationLifecycle.java:504)
	at org.glassfish.deployment.admin.DeployCommand.execute(DeployCommand.java:588)
	at com.sun.enterprise.v3.admin.CommandRunnerImpl$2$1.run(CommandRunnerImpl.java:556)
	at com.sun.enterprise.v3.admin.CommandRunnerImpl$2$1.run(CommandRunnerImpl.java:552)
	at java.base/java.security.AccessController.doPrivileged(Native Method)
	at java.base/javax.security.auth.Subject.doAs(Subject.java:361)
	at com.sun.enterprise.v3.admin.CommandRunnerImpl$2.execute(CommandRunnerImpl.java:551)
	at com.sun.enterprise.v3.admin.CommandRunnerImpl$3.run(CommandRunnerImpl.java:582)
	at com.sun.enterprise.v3.admin.CommandRunnerImpl$3.run(CommandRunnerImpl.java:574)
	at java.base/java.security.AccessController.doPrivileged(Native Method)
	at java.base/javax.security.auth.Subject.doAs(Subject.java:361)
	at com.sun.enterprise.v3.admin.CommandRunnerImpl.doCommand(CommandRunnerImpl.java:573)
	at com.sun.enterprise.v3.admin.CommandRunnerImpl.doCommand(CommandRunnerImpl.java:1497)
	at com.sun.enterprise.v3.admin.CommandRunnerImpl.access$1300(CommandRunnerImpl.java:120)
	at com.sun.enterprise.v3.admin.CommandRunnerImpl$ExecutionContext.execute(CommandRunnerImpl.java:1879)
	at com.sun.enterprise.v3.admin.CommandRunnerImpl$ExecutionContext.execute(CommandRunnerImpl.java:1755)
	at com.sun.enterprise.admin.cli.embeddable.DeployerImpl.deploy(DeployerImpl.java:131)
	at com.sun.enterprise.admin.cli.embeddable.DeployerImpl.deploy(DeployerImpl.java:104)
	at fish.payara.arquillian.container.payara.embedded.PayaraContainer.deploy(PayaraContainer.java:236)
	at org.jboss.arquillian.container.impl.client.container.ContainerDeployController$3.call(ContainerDeployController.java:151)
	at org.jboss.arquillian.container.impl.client.container.ContainerDeployController$3.call(ContainerDeployController.java:118)
	at org.jboss.arquillian.container.impl.client.container.ContainerDeployController.executeOperation(ContainerDeployController.java:239)
	at org.jboss.arquillian.container.impl.client.container.ContainerDeployController.deploy(ContainerDeployController.java:118)
	at java.base/jdk.internal.reflect.NativeMethodAccessorImpl.invoke0(Native Method)
	at java.base/jdk.internal.reflect.NativeMethodAccessorImpl.invoke(NativeMethodAccessorImpl.java:62)
	at java.base/jdk.internal.reflect.DelegatingMethodAccessorImpl.invoke(DelegatingMethodAccessorImpl.java:43)
	at java.base/java.lang.reflect.Method.invoke(Method.java:566)
	at org.jboss.arquillian.core.impl.ObserverImpl.invoke(ObserverImpl.java:86)
	at org.jboss.arquillian.core.impl.EventContextImpl.invokeObservers(EventContextImpl.java:103)
	at org.jboss.arquillian.core.impl.EventContextImpl.proceed(EventContextImpl.java:90)
	at org.jboss.arquillian.container.impl.client.ContainerDeploymentContextHandler.createDeploymentContext(ContainerDeploymentContextHandler.java:71)
	at java.base/jdk.internal.reflect.NativeMethodAccessorImpl.invoke0(Native Method)
	at java.base/jdk.internal.reflect.NativeMethodAccessorImpl.invoke(NativeMethodAccessorImpl.java:62)
	at java.base/jdk.internal.reflect.DelegatingMethodAccessorImpl.invoke(DelegatingMethodAccessorImpl.java:43)
	at java.base/java.lang.reflect.Method.invoke(Method.java:566)
	at org.jboss.arquillian.core.impl.ObserverImpl.invoke(ObserverImpl.java:86)
	at org.jboss.arquillian.core.impl.EventContextImpl.proceed(EventContextImpl.java:95)
	at org.jboss.arquillian.container.impl.client.ContainerDeploymentContextHandler.createContainerContext(ContainerDeploymentContextHandler.java:54)
	at java.base/jdk.internal.reflect.NativeMethodAccessorImpl.invoke0(Native Method)
	at java.base/jdk.internal.reflect.NativeMethodAccessorImpl.invoke(NativeMethodAccessorImpl.java:62)
	at java.base/jdk.internal.reflect.DelegatingMethodAccessorImpl.invoke(DelegatingMethodAccessorImpl.java:43)
	at java.base/java.lang.reflect.Method.invoke(Method.java:566)
	at org.jboss.arquillian.core.impl.ObserverImpl.invoke(ObserverImpl.java:86)
	at org.jboss.arquillian.core.impl.EventContextImpl.proceed(EventContextImpl.java:95)
	at org.jboss.arquillian.container.impl.client.container.DeploymentExceptionHandler.verifyExpectedExceptionDuringDeploy(DeploymentExceptionHandler.java:47)
	at java.base/jdk.internal.reflect.NativeMethodAccessorImpl.invoke0(Native Method)
	at java.base/jdk.internal.reflect.NativeMethodAccessorImpl.invoke(NativeMethodAccessorImpl.java:62)
	at java.base/jdk.internal.reflect.DelegatingMethodAccessorImpl.invoke(DelegatingMethodAccessorImpl.java:43)
	at java.base/java.lang.reflect.Method.invoke(Method.java:566)
	at org.jboss.arquillian.core.impl.ObserverImpl.invoke(ObserverImpl.java:86)
	at org.jboss.arquillian.core.impl.EventContextImpl.proceed(EventContextImpl.java:95)
	at org.jboss.arquillian.core.impl.ManagerImpl.fire(ManagerImpl.java:133)
	at org.jboss.arquillian.core.impl.ManagerImpl.fire(ManagerImpl.java:105)
	at org.jboss.arquillian.core.impl.EventImpl.fire(EventImpl.java:62)
	at org.jboss.arquillian.container.impl.client.container.ContainerDeployController$1.perform(ContainerDeployController.java:92)
	at org.jboss.arquillian.container.impl.client.container.ContainerDeployController$1.perform(ContainerDeployController.java:77)
	at org.jboss.arquillian.container.impl.client.container.ContainerDeployController.forEachDeployment(ContainerDeployController.java:232)
	at org.jboss.arquillian.container.impl.client.container.ContainerDeployController.forEachManagedDeployment(ContainerDeployController.java:212)
	at org.jboss.arquillian.container.impl.client.container.ContainerDeployController.deployManaged(ContainerDeployController.java:77)
	at java.base/jdk.internal.reflect.NativeMethodAccessorImpl.invoke0(Native Method)
	at java.base/jdk.internal.reflect.NativeMethodAccessorImpl.invoke(NativeMethodAccessorImpl.java:62)
	at java.base/jdk.internal.reflect.DelegatingMethodAccessorImpl.invoke(DelegatingMethodAccessorImpl.java:43)
	at java.base/java.lang.reflect.Method.invoke(Method.java:566)
	at org.jboss.arquillian.core.impl.ObserverImpl.invoke(ObserverImpl.java:86)
	at org.jboss.arquillian.core.impl.EventContextImpl.invokeObservers(EventContextImpl.java:103)
	at org.jboss.arquillian.core.impl.EventContextImpl.proceed(EventContextImpl.java:90)
	at org.jboss.arquillian.core.impl.ManagerImpl.fire(ManagerImpl.java:133)
	at org.jboss.arquillian.core.impl.ManagerImpl.fire(ManagerImpl.java:105)
	at org.jboss.arquillian.core.impl.EventImpl.fire(EventImpl.java:62)
	at org.jboss.arquillian.container.test.impl.client.ContainerEventController.execute(ContainerEventController.java:96)
	at java.base/jdk.internal.reflect.NativeMethodAccessorImpl.invoke0(Native Method)
	at java.base/jdk.internal.reflect.NativeMethodAccessorImpl.invoke(NativeMethodAccessorImpl.java:62)
	at java.base/jdk.internal.reflect.DelegatingMethodAccessorImpl.invoke(DelegatingMethodAccessorImpl.java:43)
	at java.base/java.lang.reflect.Method.invoke(Method.java:566)
	at org.jboss.arquillian.core.impl.ObserverImpl.invoke(ObserverImpl.java:86)
	at org.jboss.arquillian.core.impl.EventContextImpl.invokeObservers(EventContextImpl.java:103)
	at org.jboss.arquillian.core.impl.EventContextImpl.proceed(EventContextImpl.java:90)
	at org.jboss.arquillian.test.impl.TestContextHandler.createClassContext(TestContextHandler.java:83)
	at java.base/jdk.internal.reflect.NativeMethodAccessorImpl.invoke0(Native Method)
	at java.base/jdk.internal.reflect.NativeMethodAccessorImpl.invoke(NativeMethodAccessorImpl.java:62)
	at java.base/jdk.internal.reflect.DelegatingMethodAccessorImpl.invoke(DelegatingMethodAccessorImpl.java:43)
	at java.base/java.lang.reflect.Method.invoke(Method.java:566)
	at org.jboss.arquillian.core.impl.ObserverImpl.invoke(ObserverImpl.java:86)
	at org.jboss.arquillian.core.impl.EventContextImpl.proceed(EventContextImpl.java:95)
	at org.jboss.arquillian.test.impl.TestContextHandler.createSuiteContext(TestContextHandler.java:69)
	at java.base/jdk.internal.reflect.NativeMethodAccessorImpl.invoke0(Native Method)
	at java.base/jdk.internal.reflect.NativeMethodAccessorImpl.invoke(NativeMethodAccessorImpl.java:62)
	at java.base/jdk.internal.reflect.DelegatingMethodAccessorImpl.invoke(DelegatingMethodAccessorImpl.java:43)
	at java.base/java.lang.reflect.Method.invoke(Method.java:566)
	at org.jboss.arquillian.core.impl.ObserverImpl.invoke(ObserverImpl.java:86)
	at org.jboss.arquillian.core.impl.EventContextImpl.proceed(EventContextImpl.java:95)
	at org.jboss.arquillian.core.impl.ManagerImpl.fire(ManagerImpl.java:133)
	at org.jboss.arquillian.core.impl.ManagerImpl.fire(ManagerImpl.java:105)
	at org.jboss.arquillian.test.impl.EventTestRunnerAdaptor.beforeClass(EventTestRunnerAdaptor.java:89)
	at org.jboss.arquillian.junit5.ArquillianExtension.beforeAll(ArquillianExtension.java:35)
	at org.junit.jupiter.engine.descriptor.ClassBasedTestDescriptor.lambda$invokeBeforeAllCallbacks$7(ClassBasedTestDescriptor.java:359)
	at org.junit.platform.engine.support.hierarchical.ThrowableCollector.execute(ThrowableCollector.java:73)
	at org.junit.jupiter.engine.descriptor.ClassBasedTestDescriptor.invokeBeforeAllCallbacks(ClassBasedTestDescriptor.java:359)
	at org.junit.jupiter.engine.descriptor.ClassBasedTestDescriptor.before(ClassBasedTestDescriptor.java:189)
	at org.junit.jupiter.engine.descriptor.ClassBasedTestDescriptor.before(ClassBasedTestDescriptor.java:78)
	at org.junit.platform.engine.support.hierarchical.NodeTestTask.lambda$executeRecursively$5(NodeTestTask.java:132)
	at org.junit.platform.engine.support.hierarchical.ThrowableCollector.execute(ThrowableCollector.java:73)
	at org.junit.platform.engine.support.hierarchical.NodeTestTask.lambda$executeRecursively$7(NodeTestTask.java:125)
	at org.junit.platform.engine.support.hierarchical.Node.around(Node.java:135)
	at org.junit.platform.engine.support.hierarchical.NodeTestTask.lambda$executeRecursively$8(NodeTestTask.java:123)
	at org.junit.platform.engine.support.hierarchical.ThrowableCollector.execute(ThrowableCollector.java:73)
	at org.junit.platform.engine.support.hierarchical.NodeTestTask.executeRecursively(NodeTestTask.java:122)
	at org.junit.platform.engine.support.hierarchical.NodeTestTask.execute(NodeTestTask.java:80)
	at java.base/java.util.ArrayList.forEach(ArrayList.java:1541)
	at org.junit.platform.engine.support.hierarchical.SameThreadHierarchicalTestExecutorService.invokeAll(SameThreadHierarchicalTestExecutorService.java:38)
	at org.junit.platform.engine.support.hierarchical.NodeTestTask.lambda$executeRecursively$5(NodeTestTask.java:139)
	at org.junit.platform.engine.support.hierarchical.ThrowableCollector.execute(ThrowableCollector.java:73)
	at org.junit.platform.engine.support.hierarchical.NodeTestTask.lambda$executeRecursively$7(NodeTestTask.java:125)
	at org.junit.platform.engine.support.hierarchical.Node.around(Node.java:135)
	at org.junit.platform.engine.support.hierarchical.NodeTestTask.lambda$executeRecursively$8(NodeTestTask.java:123)
	at org.junit.platform.engine.support.hierarchical.ThrowableCollector.execute(ThrowableCollector.java:73)
	at org.junit.platform.engine.support.hierarchical.NodeTestTask.executeRecursively(NodeTestTask.java:122)
	at org.junit.platform.engine.support.hierarchical.NodeTestTask.execute(NodeTestTask.java:80)
	at org.junit.platform.engine.support.hierarchical.SameThreadHierarchicalTestExecutorService.submit(SameThreadHierarchicalTestExecutorService.java:32)
	at org.junit.platform.engine.support.hierarchical.HierarchicalTestExecutor.execute(HierarchicalTestExecutor.java:57)
	at org.junit.platform.engine.support.hierarchical.HierarchicalTestEngine.execute(HierarchicalTestEngine.java:51)
	at org.junit.platform.launcher.core.DefaultLauncher.execute(DefaultLauncher.java:248)
	at org.junit.platform.launcher.core.DefaultLauncher.lambda$execute$5(DefaultLauncher.java:211)
	at org.junit.platform.launcher.core.DefaultLauncher.withInterceptedStreams(DefaultLauncher.java:226)
	at org.junit.platform.launcher.core.DefaultLauncher.execute(DefaultLauncher.java:199)
	at org.junit.platform.launcher.core.DefaultLauncher.execute(DefaultLauncher.java:132)
	at org.apache.maven.surefire.junitplatform.JUnitPlatformProvider.execute(JUnitPlatformProvider.java:188)
	at org.apache.maven.surefire.junitplatform.JUnitPlatformProvider.invokeAllTests(JUnitPlatformProvider.java:154)
	at org.apache.maven.surefire.junitplatform.JUnitPlatformProvider.invoke(JUnitPlatformProvider.java:128)
	at org.apache.maven.surefire.booter.ForkedBooter.runSuitesInProcess(ForkedBooter.java:428)
	at org.apache.maven.surefire.booter.ForkedBooter.execute(ForkedBooter.java:162)
	at org.apache.maven.surefire.booter.ForkedBooter.run(ForkedBooter.java:562)
	at org.apache.maven.surefire.booter.ForkedBooter.main(ForkedBooter.java:548)
2022-06-01 23:15:56 jdbc[3]: 
/**/PreparedStatement prep4 = conn0.prepareStatement("SELECT 1", 1003, 1007);
2022-06-01 23:15:56 jdbc[3]: Plan       : calculate cost for plan [DUAL:0:org.h2.table.DualTable@19710bed]
2022-06-01 23:15:56 jdbc[3]: Plan       :   for table filter DUAL:0:org.h2.table.DualTable@19710bed
2022-06-01 23:15:56 jdbc[3]: Table      :     potential plan item cost 1 index dual index
2022-06-01 23:15:56 jdbc[3]: Plan       :   best plan item cost 1 index dual index
2022-06-01 23:15:56 jdbc[3]: Plan       : plan cost 2
2022-06-01 23:15:56 jdbc[3]: 
/**/ResultSet rs2 = prep4.executeQuery();
2022-06-01 23:15:56 jdbc[3]: 
/*SQL #:1*/SELECT 1;
2022-06-01 23:15:56 jdbc[3]: 
/**/rs2.close();
2022-06-01 23:15:56 jdbc[3]: 
/**/prep4.close();
2022-06-01 23:15:56 jdbc[3]: 
/**/conn0.setClientInfo(properties);
2022-06-01 23:15:56 jdbc[3]: 
/**/conn0.getClientInfo();
2022-06-01 23:15:56 jdbc[3]: 
/**/PreparedStatement prep5 = conn0.prepareStatement("CREATE TABLE public.objeto (id_objeto BIGINT IDENTITY NOT NULL, latitud NUMERIC(9,6), longitud NUMERIC(8,6), nombre VARCHAR(155), observaciones VARCHAR(2147483647), id_tipo_objeto INTEGER, PRIMARY KEY (id_objeto))", 1003, 1007);
2022-06-01 23:15:56 jdbc[3]: 
/**/prep5.executeUpdate();
2022-06-01 23:15:56 lock: 3 exclusive write lock requesting for SYS 
2022-06-01 23:15:56 lock: 3 exclusive write lock added for SYS 
2022-06-01 23:15:56 lock: 3 exclusive write lock unlock SYS 
2022-06-01 23:15:56 lock: 3 exclusive write lock requesting for SYS 
2022-06-01 23:15:56 lock: 3 exclusive write lock added for SYS 
2022-06-01 23:15:56 lock: 3 exclusive write lock requesting for OBJETO 
2022-06-01 23:15:56 lock: 3 exclusive write lock added for OBJETO 
2022-06-01 23:15:56 jdbc[3]: 
/*SQL t:3*/CREATE TABLE public.objeto (id_objeto BIGINT IDENTITY NOT NULL, latitud NUMERIC(9,6), longitud NUMERIC(8,6), nombre VARCHAR(155), observaciones VARCHAR(2147483647), id_tipo_objeto INTEGER, PRIMARY KEY (id_objeto));
2022-06-01 23:15:56 lock: 3 exclusive write lock unlock SYS 
2022-06-01 23:15:56 lock: 3 exclusive write lock unlock OBJETO 
2022-06-01 23:15:56 jdbc[3]: 
/**/prep5.close();
2022-06-01 23:15:56 jdbc[3]: 
/**/conn0.setClientInfo(properties);
2022-06-01 23:15:56 jdbc[3]: 
/**/conn0.getClientInfo();
2022-06-01 23:15:56 jdbc[3]: 
/**/PreparedStatement prep6 = conn0.prepareStatement("SELECT 1 FROM public.objeto_estado", 1003, 1007);
2022-06-01 23:15:56 jdbc[3]: exception
org.h2.jdbc.JdbcSQLSyntaxErrorException: Tabla "OBJETO_ESTADO" no encontrada
Table "OBJETO_ESTADO" not found; SQL statement:
SELECT 1 FROM public.objeto_estado [42102-200]
	at org.h2.message.DbException.getJdbcSQLException(DbException.java:453)
	at org.h2.message.DbException.getJdbcSQLException(DbException.java:429)
	at org.h2.message.DbException.get(DbException.java:205)
	at org.h2.message.DbException.get(DbException.java:181)
	at org.h2.command.Parser.readTableOrView(Parser.java:7628)
	at org.h2.command.Parser.readTableFilter(Parser.java:1970)
	at org.h2.command.Parser.parseSelectFromPart(Parser.java:2827)
	at org.h2.command.Parser.parseSelect(Parser.java:2959)
	at org.h2.command.Parser.parseQuerySub(Parser.java:2817)
	at org.h2.command.Parser.parseSelectUnion(Parser.java:2649)
	at org.h2.command.Parser.parseQuery(Parser.java:2620)
	at org.h2.command.Parser.parsePrepared(Parser.java:868)
	at org.h2.command.Parser.parse(Parser.java:843)
	at org.h2.command.Parser.parse(Parser.java:815)
	at org.h2.command.Parser.prepareCommand(Parser.java:738)
	at org.h2.engine.Session.prepareLocal(Session.java:657)
	at org.h2.engine.Session.prepareCommand(Session.java:595)
	at org.h2.jdbc.JdbcConnection.prepareCommand(JdbcConnection.java:1235)
	at org.h2.jdbc.JdbcPreparedStatement.<init>(JdbcPreparedStatement.java:76)
	at org.h2.jdbc.JdbcConnection.prepareStatement(JdbcConnection.java:734)
	at com.sun.gjc.spi.base.ConnectionHolder.prepareStatement(ConnectionHolder.java:609)
	at com.sun.gjc.spi.jdbc40.ConnectionWrapper40.prepareCachedStatement(ConnectionWrapper40.java:271)
	at com.sun.gjc.spi.jdbc40.ConnectionWrapper40.prepareCachedStatement(ConnectionWrapper40.java:53)
	at com.sun.gjc.spi.ManagedConnectionImpl.prepareCachedStatement(ManagedConnectionImpl.java:1080)
	at com.sun.gjc.spi.jdbc40.ConnectionWrapper40.prepareStatement(ConnectionWrapper40.java:183)
	at org.eclipse.persistence.internal.databaseaccess.DatabaseAccessor.prepareStatement(DatabaseAccessor.java:1600)
	at org.eclipse.persistence.internal.databaseaccess.DatabaseAccessor.prepareStatement(DatabaseAccessor.java:1549)
	at org.eclipse.persistence.internal.databaseaccess.DatabaseCall.prepareStatement(DatabaseCall.java:806)
	at org.eclipse.persistence.internal.databaseaccess.DatabaseAccessor.basicExecuteCall(DatabaseAccessor.java:628)
	at org.eclipse.persistence.internal.databaseaccess.DatabaseAccessor.executeCall(DatabaseAccessor.java:567)
	at org.eclipse.persistence.internal.sessions.AbstractSession.basicExecuteCall(AbstractSession.java:2105)
	at org.eclipse.persistence.sessions.server.ServerSession.executeCall(ServerSession.java:603)
	at org.eclipse.persistence.internal.queries.DatasourceCallQueryMechanism.executeCall(DatasourceCallQueryMechanism.java:277)
	at org.eclipse.persistence.internal.queries.DatasourceCallQueryMechanism.executeCall(DatasourceCallQueryMechanism.java:263)
	at org.eclipse.persistence.internal.queries.DatasourceCallQueryMechanism.executeSelectCall(DatasourceCallQueryMechanism.java:334)
	at org.eclipse.persistence.internal.queries.DatasourceCallQueryMechanism.executeSelect(DatasourceCallQueryMechanism.java:316)
	at org.eclipse.persistence.queries.DataReadQuery.executeNonCursor(DataReadQuery.java:199)
	at org.eclipse.persistence.queries.DataReadQuery.executeDatabaseQuery(DataReadQuery.java:154)
	at org.eclipse.persistence.queries.DatabaseQuery.execute(DatabaseQuery.java:911)
	at org.eclipse.persistence.queries.DataReadQuery.execute(DataReadQuery.java:139)
	at org.eclipse.persistence.internal.sessions.AbstractSession.internalExecuteQuery(AbstractSession.java:3367)
	at org.eclipse.persistence.internal.sessions.AbstractSession.executeQuery(AbstractSession.java:1898)
	at org.eclipse.persistence.internal.sessions.AbstractSession.executeQuery(AbstractSession.java:1880)
	at org.eclipse.persistence.internal.sessions.AbstractSession.executeQuery(AbstractSession.java:1830)
	at org.eclipse.persistence.internal.databaseaccess.DatabasePlatform.checkTableExists(DatabasePlatform.java:3792)
	at org.eclipse.persistence.tools.schemaframework.SchemaManager.checkTableExists(SchemaManager.java:467)
	at org.eclipse.persistence.tools.schemaframework.SchemaManager.checkTableExists(SchemaManager.java:480)
	at org.eclipse.persistence.tools.schemaframework.TableCreator.createTables(TableCreator.java:169)
	at org.eclipse.persistence.tools.schemaframework.TableCreator.createTables(TableCreator.java:151)
	at org.eclipse.persistence.tools.schemaframework.TableCreator.createTables(TableCreator.java:143)
	at org.eclipse.persistence.tools.schemaframework.SchemaManager.createDefaultTables(SchemaManager.java:1030)
	at org.eclipse.persistence.internal.jpa.EntityManagerFactoryProvider.generateDefaultTables(EntityManagerFactoryProvider.java:113)
	at org.eclipse.persistence.internal.jpa.EntityManagerSetupImpl.writeDDLToDatabase(EntityManagerSetupImpl.java:4695)
	at org.eclipse.persistence.internal.jpa.EntityManagerSetupImpl.writeMetadataDDLToDatabase(EntityManagerSetupImpl.java:4762)
	at org.eclipse.persistence.internal.jpa.EntityManagerSetupImpl.writeDDL(EntityManagerSetupImpl.java:4661)
	at org.eclipse.persistence.internal.jpa.EntityManagerSetupImpl.writeDDL(EntityManagerSetupImpl.java:4534)
	at org.eclipse.persistence.internal.jpa.EntityManagerSetupImpl.deploy(EntityManagerSetupImpl.java:820)
	at org.eclipse.persistence.internal.jpa.EntityManagerFactoryDelegate.getAbstractSession(EntityManagerFactoryDelegate.java:222)
	at org.eclipse.persistence.internal.jpa.EntityManagerFactoryDelegate.getDatabaseSession(EntityManagerFactoryDelegate.java:200)
	at org.eclipse.persistence.internal.jpa.EntityManagerFactoryImpl.getDatabaseSession(EntityManagerFactoryImpl.java:542)
	at org.eclipse.persistence.jpa.PersistenceProvider.createContainerEntityManagerFactoryImpl(PersistenceProvider.java:388)
	at org.eclipse.persistence.jpa.PersistenceProvider.createContainerEntityManagerFactory(PersistenceProvider.java:316)
	at org.glassfish.persistence.jpa.PersistenceUnitLoader.loadPU(PersistenceUnitLoader.java:207)
	at org.glassfish.persistence.jpa.PersistenceUnitLoader.<init>(PersistenceUnitLoader.java:114)
	at org.glassfish.persistence.jpa.JPADeployer$1.visitPUD(JPADeployer.java:267)
	at org.glassfish.persistence.jpa.JPADeployer$PersistenceUnitDescriptorIterator.iteratePUDs(JPADeployer.java:571)
	at org.glassfish.persistence.jpa.JPADeployer.createEMFs(JPADeployer.java:286)
	at org.glassfish.persistence.jpa.JPADeployer.prepare(JPADeployer.java:183)
	at com.sun.enterprise.v3.server.ApplicationLifecycle.prepareModule(ApplicationLifecycle.java:1131)
	at com.sun.enterprise.v3.server.ApplicationLifecycle.prepare(ApplicationLifecycle.java:504)
	at org.glassfish.deployment.admin.DeployCommand.execute(DeployCommand.java:588)
	at com.sun.enterprise.v3.admin.CommandRunnerImpl$2$1.run(CommandRunnerImpl.java:556)
	at com.sun.enterprise.v3.admin.CommandRunnerImpl$2$1.run(CommandRunnerImpl.java:552)
	at java.base/java.security.AccessController.doPrivileged(Native Method)
	at java.base/javax.security.auth.Subject.doAs(Subject.java:361)
	at com.sun.enterprise.v3.admin.CommandRunnerImpl$2.execute(CommandRunnerImpl.java:551)
	at com.sun.enterprise.v3.admin.CommandRunnerImpl$3.run(CommandRunnerImpl.java:582)
	at com.sun.enterprise.v3.admin.CommandRunnerImpl$3.run(CommandRunnerImpl.java:574)
	at java.base/java.security.AccessController.doPrivileged(Native Method)
	at java.base/javax.security.auth.Subject.doAs(Subject.java:361)
	at com.sun.enterprise.v3.admin.CommandRunnerImpl.doCommand(CommandRunnerImpl.java:573)
	at com.sun.enterprise.v3.admin.CommandRunnerImpl.doCommand(CommandRunnerImpl.java:1497)
	at com.sun.enterprise.v3.admin.CommandRunnerImpl.access$1300(CommandRunnerImpl.java:120)
	at com.sun.enterprise.v3.admin.CommandRunnerImpl$ExecutionContext.execute(CommandRunnerImpl.java:1879)
	at com.sun.enterprise.v3.admin.CommandRunnerImpl$ExecutionContext.execute(CommandRunnerImpl.java:1755)
	at com.sun.enterprise.admin.cli.embeddable.DeployerImpl.deploy(DeployerImpl.java:131)
	at com.sun.enterprise.admin.cli.embeddable.DeployerImpl.deploy(DeployerImpl.java:104)
	at fish.payara.arquillian.container.payara.embedded.PayaraContainer.deploy(PayaraContainer.java:236)
	at org.jboss.arquillian.container.impl.client.container.ContainerDeployController$3.call(ContainerDeployController.java:151)
	at org.jboss.arquillian.container.impl.client.container.ContainerDeployController$3.call(ContainerDeployController.java:118)
	at org.jboss.arquillian.container.impl.client.container.ContainerDeployController.executeOperation(ContainerDeployController.java:239)
	at org.jboss.arquillian.container.impl.client.container.ContainerDeployController.deploy(ContainerDeployController.java:118)
	at java.base/jdk.internal.reflect.NativeMethodAccessorImpl.invoke0(Native Method)
	at java.base/jdk.internal.reflect.NativeMethodAccessorImpl.invoke(NativeMethodAccessorImpl.java:62)
	at java.base/jdk.internal.reflect.DelegatingMethodAccessorImpl.invoke(DelegatingMethodAccessorImpl.java:43)
	at java.base/java.lang.reflect.Method.invoke(Method.java:566)
	at org.jboss.arquillian.core.impl.ObserverImpl.invoke(ObserverImpl.java:86)
	at org.jboss.arquillian.core.impl.EventContextImpl.invokeObservers(EventContextImpl.java:103)
	at org.jboss.arquillian.core.impl.EventContextImpl.proceed(EventContextImpl.java:90)
	at org.jboss.arquillian.container.impl.client.ContainerDeploymentContextHandler.createDeploymentContext(ContainerDeploymentContextHandler.java:71)
	at java.base/jdk.internal.reflect.NativeMethodAccessorImpl.invoke0(Native Method)
	at java.base/jdk.internal.reflect.NativeMethodAccessorImpl.invoke(NativeMethodAccessorImpl.java:62)
	at java.base/jdk.internal.reflect.DelegatingMethodAccessorImpl.invoke(DelegatingMethodAccessorImpl.java:43)
	at java.base/java.lang.reflect.Method.invoke(Method.java:566)
	at org.jboss.arquillian.core.impl.ObserverImpl.invoke(ObserverImpl.java:86)
	at org.jboss.arquillian.core.impl.EventContextImpl.proceed(EventContextImpl.java:95)
	at org.jboss.arquillian.container.impl.client.ContainerDeploymentContextHandler.createContainerContext(ContainerDeploymentContextHandler.java:54)
	at java.base/jdk.internal.reflect.NativeMethodAccessorImpl.invoke0(Native Method)
	at java.base/jdk.internal.reflect.NativeMethodAccessorImpl.invoke(NativeMethodAccessorImpl.java:62)
	at java.base/jdk.internal.reflect.DelegatingMethodAccessorImpl.invoke(DelegatingMethodAccessorImpl.java:43)
	at java.base/java.lang.reflect.Method.invoke(Method.java:566)
	at org.jboss.arquillian.core.impl.ObserverImpl.invoke(ObserverImpl.java:86)
	at org.jboss.arquillian.core.impl.EventContextImpl.proceed(EventContextImpl.java:95)
	at org.jboss.arquillian.container.impl.client.container.DeploymentExceptionHandler.verifyExpectedExceptionDuringDeploy(DeploymentExceptionHandler.java:47)
	at java.base/jdk.internal.reflect.NativeMethodAccessorImpl.invoke0(Native Method)
	at java.base/jdk.internal.reflect.NativeMethodAccessorImpl.invoke(NativeMethodAccessorImpl.java:62)
	at java.base/jdk.internal.reflect.DelegatingMethodAccessorImpl.invoke(DelegatingMethodAccessorImpl.java:43)
	at java.base/java.lang.reflect.Method.invoke(Method.java:566)
	at org.jboss.arquillian.core.impl.ObserverImpl.invoke(ObserverImpl.java:86)
	at org.jboss.arquillian.core.impl.EventContextImpl.proceed(EventContextImpl.java:95)
	at org.jboss.arquillian.core.impl.ManagerImpl.fire(ManagerImpl.java:133)
	at org.jboss.arquillian.core.impl.ManagerImpl.fire(ManagerImpl.java:105)
	at org.jboss.arquillian.core.impl.EventImpl.fire(EventImpl.java:62)
	at org.jboss.arquillian.container.impl.client.container.ContainerDeployController$1.perform(ContainerDeployController.java:92)
	at org.jboss.arquillian.container.impl.client.container.ContainerDeployController$1.perform(ContainerDeployController.java:77)
	at org.jboss.arquillian.container.impl.client.container.ContainerDeployController.forEachDeployment(ContainerDeployController.java:232)
	at org.jboss.arquillian.container.impl.client.container.ContainerDeployController.forEachManagedDeployment(ContainerDeployController.java:212)
	at org.jboss.arquillian.container.impl.client.container.ContainerDeployController.deployManaged(ContainerDeployController.java:77)
	at java.base/jdk.internal.reflect.NativeMethodAccessorImpl.invoke0(Native Method)
	at java.base/jdk.internal.reflect.NativeMethodAccessorImpl.invoke(NativeMethodAccessorImpl.java:62)
	at java.base/jdk.internal.reflect.DelegatingMethodAccessorImpl.invoke(DelegatingMethodAccessorImpl.java:43)
	at java.base/java.lang.reflect.Method.invoke(Method.java:566)
	at org.jboss.arquillian.core.impl.ObserverImpl.invoke(ObserverImpl.java:86)
	at org.jboss.arquillian.core.impl.EventContextImpl.invokeObservers(EventContextImpl.java:103)
	at org.jboss.arquillian.core.impl.EventContextImpl.proceed(EventContextImpl.java:90)
	at org.jboss.arquillian.core.impl.ManagerImpl.fire(ManagerImpl.java:133)
	at org.jboss.arquillian.core.impl.ManagerImpl.fire(ManagerImpl.java:105)
	at org.jboss.arquillian.core.impl.EventImpl.fire(EventImpl.java:62)
	at org.jboss.arquillian.container.test.impl.client.ContainerEventController.execute(ContainerEventController.java:96)
	at java.base/jdk.internal.reflect.NativeMethodAccessorImpl.invoke0(Native Method)
	at java.base/jdk.internal.reflect.NativeMethodAccessorImpl.invoke(NativeMethodAccessorImpl.java:62)
	at java.base/jdk.internal.reflect.DelegatingMethodAccessorImpl.invoke(DelegatingMethodAccessorImpl.java:43)
	at java.base/java.lang.reflect.Method.invoke(Method.java:566)
	at org.jboss.arquillian.core.impl.ObserverImpl.invoke(ObserverImpl.java:86)
	at org.jboss.arquillian.core.impl.EventContextImpl.invokeObservers(EventContextImpl.java:103)
	at org.jboss.arquillian.core.impl.EventContextImpl.proceed(EventContextImpl.java:90)
	at org.jboss.arquillian.test.impl.TestContextHandler.createClassContext(TestContextHandler.java:83)
	at java.base/jdk.internal.reflect.NativeMethodAccessorImpl.invoke0(Native Method)
	at java.base/jdk.internal.reflect.NativeMethodAccessorImpl.invoke(NativeMethodAccessorImpl.java:62)
	at java.base/jdk.internal.reflect.DelegatingMethodAccessorImpl.invoke(DelegatingMethodAccessorImpl.java:43)
	at java.base/java.lang.reflect.Method.invoke(Method.java:566)
	at org.jboss.arquillian.core.impl.ObserverImpl.invoke(ObserverImpl.java:86)
	at org.jboss.arquillian.core.impl.EventContextImpl.proceed(EventContextImpl.java:95)
	at org.jboss.arquillian.test.impl.TestContextHandler.createSuiteContext(TestContextHandler.java:69)
	at java.base/jdk.internal.reflect.NativeMethodAccessorImpl.invoke0(Native Method)
	at java.base/jdk.internal.reflect.NativeMethodAccessorImpl.invoke(NativeMethodAccessorImpl.java:62)
	at java.base/jdk.internal.reflect.DelegatingMethodAccessorImpl.invoke(DelegatingMethodAccessorImpl.java:43)
	at java.base/java.lang.reflect.Method.invoke(Method.java:566)
	at org.jboss.arquillian.core.impl.ObserverImpl.invoke(ObserverImpl.java:86)
	at org.jboss.arquillian.core.impl.EventContextImpl.proceed(EventContextImpl.java:95)
	at org.jboss.arquillian.core.impl.ManagerImpl.fire(ManagerImpl.java:133)
	at org.jboss.arquillian.core.impl.ManagerImpl.fire(ManagerImpl.java:105)
	at org.jboss.arquillian.test.impl.EventTestRunnerAdaptor.beforeClass(EventTestRunnerAdaptor.java:89)
	at org.jboss.arquillian.junit5.ArquillianExtension.beforeAll(ArquillianExtension.java:35)
	at org.junit.jupiter.engine.descriptor.ClassBasedTestDescriptor.lambda$invokeBeforeAllCallbacks$7(ClassBasedTestDescriptor.java:359)
	at org.junit.platform.engine.support.hierarchical.ThrowableCollector.execute(ThrowableCollector.java:73)
	at org.junit.jupiter.engine.descriptor.ClassBasedTestDescriptor.invokeBeforeAllCallbacks(ClassBasedTestDescriptor.java:359)
	at org.junit.jupiter.engine.descriptor.ClassBasedTestDescriptor.before(ClassBasedTestDescriptor.java:189)
	at org.junit.jupiter.engine.descriptor.ClassBasedTestDescriptor.before(ClassBasedTestDescriptor.java:78)
	at org.junit.platform.engine.support.hierarchical.NodeTestTask.lambda$executeRecursively$5(NodeTestTask.java:132)
	at org.junit.platform.engine.support.hierarchical.ThrowableCollector.execute(ThrowableCollector.java:73)
	at org.junit.platform.engine.support.hierarchical.NodeTestTask.lambda$executeRecursively$7(NodeTestTask.java:125)
	at org.junit.platform.engine.support.hierarchical.Node.around(Node.java:135)
	at org.junit.platform.engine.support.hierarchical.NodeTestTask.lambda$executeRecursively$8(NodeTestTask.java:123)
	at org.junit.platform.engine.support.hierarchical.ThrowableCollector.execute(ThrowableCollector.java:73)
	at org.junit.platform.engine.support.hierarchical.NodeTestTask.executeRecursively(NodeTestTask.java:122)
	at org.junit.platform.engine.support.hierarchical.NodeTestTask.execute(NodeTestTask.java:80)
	at java.base/java.util.ArrayList.forEach(ArrayList.java:1541)
	at org.junit.platform.engine.support.hierarchical.SameThreadHierarchicalTestExecutorService.invokeAll(SameThreadHierarchicalTestExecutorService.java:38)
	at org.junit.platform.engine.support.hierarchical.NodeTestTask.lambda$executeRecursively$5(NodeTestTask.java:139)
	at org.junit.platform.engine.support.hierarchical.ThrowableCollector.execute(ThrowableCollector.java:73)
	at org.junit.platform.engine.support.hierarchical.NodeTestTask.lambda$executeRecursively$7(NodeTestTask.java:125)
	at org.junit.platform.engine.support.hierarchical.Node.around(Node.java:135)
	at org.junit.platform.engine.support.hierarchical.NodeTestTask.lambda$executeRecursively$8(NodeTestTask.java:123)
	at org.junit.platform.engine.support.hierarchical.ThrowableCollector.execute(ThrowableCollector.java:73)
	at org.junit.platform.engine.support.hierarchical.NodeTestTask.executeRecursively(NodeTestTask.java:122)
	at org.junit.platform.engine.support.hierarchical.NodeTestTask.execute(NodeTestTask.java:80)
	at org.junit.platform.engine.support.hierarchical.SameThreadHierarchicalTestExecutorService.submit(SameThreadHierarchicalTestExecutorService.java:32)
	at org.junit.platform.engine.support.hierarchical.HierarchicalTestExecutor.execute(HierarchicalTestExecutor.java:57)
	at org.junit.platform.engine.support.hierarchical.HierarchicalTestEngine.execute(HierarchicalTestEngine.java:51)
	at org.junit.platform.launcher.core.DefaultLauncher.execute(DefaultLauncher.java:248)
	at org.junit.platform.launcher.core.DefaultLauncher.lambda$execute$5(DefaultLauncher.java:211)
	at org.junit.platform.launcher.core.DefaultLauncher.withInterceptedStreams(DefaultLauncher.java:226)
	at org.junit.platform.launcher.core.DefaultLauncher.execute(DefaultLauncher.java:199)
	at org.junit.platform.launcher.core.DefaultLauncher.execute(DefaultLauncher.java:132)
	at org.apache.maven.surefire.junitplatform.JUnitPlatformProvider.execute(JUnitPlatformProvider.java:188)
	at org.apache.maven.surefire.junitplatform.JUnitPlatformProvider.invokeAllTests(JUnitPlatformProvider.java:154)
	at org.apache.maven.surefire.junitplatform.JUnitPlatformProvider.invoke(JUnitPlatformProvider.java:128)
	at org.apache.maven.surefire.booter.ForkedBooter.runSuitesInProcess(ForkedBooter.java:428)
	at org.apache.maven.surefire.booter.ForkedBooter.execute(ForkedBooter.java:162)
	at org.apache.maven.surefire.booter.ForkedBooter.run(ForkedBooter.java:562)
	at org.apache.maven.surefire.booter.ForkedBooter.main(ForkedBooter.java:548)
2022-06-01 23:15:56 jdbc[3]: 
/**/PreparedStatement prep7 = conn0.prepareStatement("SELECT 1", 1003, 1007);
2022-06-01 23:15:56 jdbc[3]: Plan       : calculate cost for plan [DUAL:0:org.h2.table.DualTable@72457cdd]
2022-06-01 23:15:56 jdbc[3]: Plan       :   for table filter DUAL:0:org.h2.table.DualTable@72457cdd
2022-06-01 23:15:56 jdbc[3]: Table      :     potential plan item cost 1 index dual index
2022-06-01 23:15:56 jdbc[3]: Plan       :   best plan item cost 1 index dual index
2022-06-01 23:15:56 jdbc[3]: Plan       : plan cost 2
2022-06-01 23:15:56 jdbc[3]: 
/**/ResultSet rs3 = prep7.executeQuery();
2022-06-01 23:15:56 jdbc[3]: 
/*SQL #:1*/SELECT 1;
2022-06-01 23:15:56 jdbc[3]: 
/**/rs3.close();
2022-06-01 23:15:56 jdbc[3]: 
/**/prep7.close();
2022-06-01 23:15:56 jdbc[3]: 
/**/conn0.setClientInfo(properties);
2022-06-01 23:15:56 jdbc[3]: 
/**/conn0.getClientInfo();
2022-06-01 23:15:56 jdbc[3]: 
/**/PreparedStatement prep8 = conn0.prepareStatement("CREATE TABLE public.objeto_estado (id_objeto_estado BIGINT IDENTITY NOT NULL, actual BOOLEAN, fecha_alcanzado DATE, observaciones VARCHAR(2147483647), id_estado INTEGER, id_objeto BIGINT, PRIMARY KEY (id_objeto_estado))", 1003, 1007);
2022-06-01 23:15:56 jdbc[3]: 
/**/prep8.executeUpdate();
2022-06-01 23:15:56 lock: 3 exclusive write lock requesting for SYS 
2022-06-01 23:15:56 lock: 3 exclusive write lock added for SYS 
2022-06-01 23:15:56 lock: 3 exclusive write lock unlock SYS 
2022-06-01 23:15:56 lock: 3 exclusive write lock requesting for SYS 
2022-06-01 23:15:56 lock: 3 exclusive write lock added for SYS 
2022-06-01 23:15:56 lock: 3 exclusive write lock requesting for OBJETO_ESTADO 
2022-06-01 23:15:56 lock: 3 exclusive write lock added for OBJETO_ESTADO 
2022-06-01 23:15:56 jdbc[3]: 
/*SQL t:2*/CREATE TABLE public.objeto_estado (id_objeto_estado BIGINT IDENTITY NOT NULL, actual BOOLEAN, fecha_alcanzado DATE, observaciones VARCHAR(2147483647), id_estado INTEGER, id_objeto BIGINT, PRIMARY KEY (id_objeto_estado));
2022-06-01 23:15:56 lock: 3 exclusive write lock unlock SYS 
2022-06-01 23:15:56 lock: 3 exclusive write lock unlock OBJETO_ESTADO 
2022-06-01 23:15:56 jdbc[3]: 
/**/prep8.close();
2022-06-01 23:15:56 jdbc[3]: 
/**/conn0.setClientInfo(properties);
2022-06-01 23:15:56 jdbc[3]: 
/**/conn0.getClientInfo();
2022-06-01 23:15:56 jdbc[3]: 
/**/PreparedStatement prep9 = conn0.prepareStatement("SELECT 1 FROM public.ruta", 1003, 1007);
2022-06-01 23:15:56 jdbc[3]: exception
org.h2.jdbc.JdbcSQLSyntaxErrorException: Tabla "RUTA" no encontrada
Table "RUTA" not found; SQL statement:
SELECT 1 FROM public.ruta [42102-200]
	at org.h2.message.DbException.getJdbcSQLException(DbException.java:453)
	at org.h2.message.DbException.getJdbcSQLException(DbException.java:429)
	at org.h2.message.DbException.get(DbException.java:205)
	at org.h2.message.DbException.get(DbException.java:181)
	at org.h2.command.Parser.readTableOrView(Parser.java:7628)
	at org.h2.command.Parser.readTableFilter(Parser.java:1970)
	at org.h2.command.Parser.parseSelectFromPart(Parser.java:2827)
	at org.h2.command.Parser.parseSelect(Parser.java:2959)
	at org.h2.command.Parser.parseQuerySub(Parser.java:2817)
	at org.h2.command.Parser.parseSelectUnion(Parser.java:2649)
	at org.h2.command.Parser.parseQuery(Parser.java:2620)
	at org.h2.command.Parser.parsePrepared(Parser.java:868)
	at org.h2.command.Parser.parse(Parser.java:843)
	at org.h2.command.Parser.parse(Parser.java:815)
	at org.h2.command.Parser.prepareCommand(Parser.java:738)
	at org.h2.engine.Session.prepareLocal(Session.java:657)
	at org.h2.engine.Session.prepareCommand(Session.java:595)
	at org.h2.jdbc.JdbcConnection.prepareCommand(JdbcConnection.java:1235)
	at org.h2.jdbc.JdbcPreparedStatement.<init>(JdbcPreparedStatement.java:76)
	at org.h2.jdbc.JdbcConnection.prepareStatement(JdbcConnection.java:734)
	at com.sun.gjc.spi.base.ConnectionHolder.prepareStatement(ConnectionHolder.java:609)
	at com.sun.gjc.spi.jdbc40.ConnectionWrapper40.prepareCachedStatement(ConnectionWrapper40.java:271)
	at com.sun.gjc.spi.jdbc40.ConnectionWrapper40.prepareCachedStatement(ConnectionWrapper40.java:53)
	at com.sun.gjc.spi.ManagedConnectionImpl.prepareCachedStatement(ManagedConnectionImpl.java:1080)
	at com.sun.gjc.spi.jdbc40.ConnectionWrapper40.prepareStatement(ConnectionWrapper40.java:183)
	at org.eclipse.persistence.internal.databaseaccess.DatabaseAccessor.prepareStatement(DatabaseAccessor.java:1600)
	at org.eclipse.persistence.internal.databaseaccess.DatabaseAccessor.prepareStatement(DatabaseAccessor.java:1549)
	at org.eclipse.persistence.internal.databaseaccess.DatabaseCall.prepareStatement(DatabaseCall.java:806)
	at org.eclipse.persistence.internal.databaseaccess.DatabaseAccessor.basicExecuteCall(DatabaseAccessor.java:628)
	at org.eclipse.persistence.internal.databaseaccess.DatabaseAccessor.executeCall(DatabaseAccessor.java:567)
	at org.eclipse.persistence.internal.sessions.AbstractSession.basicExecuteCall(AbstractSession.java:2105)
	at org.eclipse.persistence.sessions.server.ServerSession.executeCall(ServerSession.java:603)
	at org.eclipse.persistence.internal.queries.DatasourceCallQueryMechanism.executeCall(DatasourceCallQueryMechanism.java:277)
	at org.eclipse.persistence.internal.queries.DatasourceCallQueryMechanism.executeCall(DatasourceCallQueryMechanism.java:263)
	at org.eclipse.persistence.internal.queries.DatasourceCallQueryMechanism.executeSelectCall(DatasourceCallQueryMechanism.java:334)
	at org.eclipse.persistence.internal.queries.DatasourceCallQueryMechanism.executeSelect(DatasourceCallQueryMechanism.java:316)
	at org.eclipse.persistence.queries.DataReadQuery.executeNonCursor(DataReadQuery.java:199)
	at org.eclipse.persistence.queries.DataReadQuery.executeDatabaseQuery(DataReadQuery.java:154)
	at org.eclipse.persistence.queries.DatabaseQuery.execute(DatabaseQuery.java:911)
	at org.eclipse.persistence.queries.DataReadQuery.execute(DataReadQuery.java:139)
	at org.eclipse.persistence.internal.sessions.AbstractSession.internalExecuteQuery(AbstractSession.java:3367)
	at org.eclipse.persistence.internal.sessions.AbstractSession.executeQuery(AbstractSession.java:1898)
	at org.eclipse.persistence.internal.sessions.AbstractSession.executeQuery(AbstractSession.java:1880)
	at org.eclipse.persistence.internal.sessions.AbstractSession.executeQuery(AbstractSession.java:1830)
	at org.eclipse.persistence.internal.databaseaccess.DatabasePlatform.checkTableExists(DatabasePlatform.java:3792)
	at org.eclipse.persistence.tools.schemaframework.SchemaManager.checkTableExists(SchemaManager.java:467)
	at org.eclipse.persistence.tools.schemaframework.SchemaManager.checkTableExists(SchemaManager.java:480)
	at org.eclipse.persistence.tools.schemaframework.TableCreator.createTables(TableCreator.java:169)
	at org.eclipse.persistence.tools.schemaframework.TableCreator.createTables(TableCreator.java:151)
	at org.eclipse.persistence.tools.schemaframework.TableCreator.createTables(TableCreator.java:143)
	at org.eclipse.persistence.tools.schemaframework.SchemaManager.createDefaultTables(SchemaManager.java:1030)
	at org.eclipse.persistence.internal.jpa.EntityManagerFactoryProvider.generateDefaultTables(EntityManagerFactoryProvider.java:113)
	at org.eclipse.persistence.internal.jpa.EntityManagerSetupImpl.writeDDLToDatabase(EntityManagerSetupImpl.java:4695)
	at org.eclipse.persistence.internal.jpa.EntityManagerSetupImpl.writeMetadataDDLToDatabase(EntityManagerSetupImpl.java:4762)
	at org.eclipse.persistence.internal.jpa.EntityManagerSetupImpl.writeDDL(EntityManagerSetupImpl.java:4661)
	at org.eclipse.persistence.internal.jpa.EntityManagerSetupImpl.writeDDL(EntityManagerSetupImpl.java:4534)
	at org.eclipse.persistence.internal.jpa.EntityManagerSetupImpl.deploy(EntityManagerSetupImpl.java:820)
	at org.eclipse.persistence.internal.jpa.EntityManagerFactoryDelegate.getAbstractSession(EntityManagerFactoryDelegate.java:222)
	at org.eclipse.persistence.internal.jpa.EntityManagerFactoryDelegate.getDatabaseSession(EntityManagerFactoryDelegate.java:200)
	at org.eclipse.persistence.internal.jpa.EntityManagerFactoryImpl.getDatabaseSession(EntityManagerFactoryImpl.java:542)
	at org.eclipse.persistence.jpa.PersistenceProvider.createContainerEntityManagerFactoryImpl(PersistenceProvider.java:388)
	at org.eclipse.persistence.jpa.PersistenceProvider.createContainerEntityManagerFactory(PersistenceProvider.java:316)
	at org.glassfish.persistence.jpa.PersistenceUnitLoader.loadPU(PersistenceUnitLoader.java:207)
	at org.glassfish.persistence.jpa.PersistenceUnitLoader.<init>(PersistenceUnitLoader.java:114)
	at org.glassfish.persistence.jpa.JPADeployer$1.visitPUD(JPADeployer.java:267)
	at org.glassfish.persistence.jpa.JPADeployer$PersistenceUnitDescriptorIterator.iteratePUDs(JPADeployer.java:571)
	at org.glassfish.persistence.jpa.JPADeployer.createEMFs(JPADeployer.java:286)
	at org.glassfish.persistence.jpa.JPADeployer.prepare(JPADeployer.java:183)
	at com.sun.enterprise.v3.server.ApplicationLifecycle.prepareModule(ApplicationLifecycle.java:1131)
	at com.sun.enterprise.v3.server.ApplicationLifecycle.prepare(ApplicationLifecycle.java:504)
	at org.glassfish.deployment.admin.DeployCommand.execute(DeployCommand.java:588)
	at com.sun.enterprise.v3.admin.CommandRunnerImpl$2$1.run(CommandRunnerImpl.java:556)
	at com.sun.enterprise.v3.admin.CommandRunnerImpl$2$1.run(CommandRunnerImpl.java:552)
	at java.base/java.security.AccessController.doPrivileged(Native Method)
	at java.base/javax.security.auth.Subject.doAs(Subject.java:361)
	at com.sun.enterprise.v3.admin.CommandRunnerImpl$2.execute(CommandRunnerImpl.java:551)
	at com.sun.enterprise.v3.admin.CommandRunnerImpl$3.run(CommandRunnerImpl.java:582)
	at com.sun.enterprise.v3.admin.CommandRunnerImpl$3.run(CommandRunnerImpl.java:574)
	at java.base/java.security.AccessController.doPrivileged(Native Method)
	at java.base/javax.security.auth.Subject.doAs(Subject.java:361)
	at com.sun.enterprise.v3.admin.CommandRunnerImpl.doCommand(CommandRunnerImpl.java:573)
	at com.sun.enterprise.v3.admin.CommandRunnerImpl.doCommand(CommandRunnerImpl.java:1497)
	at com.sun.enterprise.v3.admin.CommandRunnerImpl.access$1300(CommandRunnerImpl.java:120)
	at com.sun.enterprise.v3.admin.CommandRunnerImpl$ExecutionContext.execute(CommandRunnerImpl.java:1879)
	at com.sun.enterprise.v3.admin.CommandRunnerImpl$ExecutionContext.execute(CommandRunnerImpl.java:1755)
	at com.sun.enterprise.admin.cli.embeddable.DeployerImpl.deploy(DeployerImpl.java:131)
	at com.sun.enterprise.admin.cli.embeddable.DeployerImpl.deploy(DeployerImpl.java:104)
	at fish.payara.arquillian.container.payara.embedded.PayaraContainer.deploy(PayaraContainer.java:236)
	at org.jboss.arquillian.container.impl.client.container.ContainerDeployController$3.call(ContainerDeployController.java:151)
	at org.jboss.arquillian.container.impl.client.container.ContainerDeployController$3.call(ContainerDeployController.java:118)
	at org.jboss.arquillian.container.impl.client.container.ContainerDeployController.executeOperation(ContainerDeployController.java:239)
	at org.jboss.arquillian.container.impl.client.container.ContainerDeployController.deploy(ContainerDeployController.java:118)
	at java.base/jdk.internal.reflect.NativeMethodAccessorImpl.invoke0(Native Method)
	at java.base/jdk.internal.reflect.NativeMethodAccessorImpl.invoke(NativeMethodAccessorImpl.java:62)
	at java.base/jdk.internal.reflect.DelegatingMethodAccessorImpl.invoke(DelegatingMethodAccessorImpl.java:43)
	at java.base/java.lang.reflect.Method.invoke(Method.java:566)
	at org.jboss.arquillian.core.impl.ObserverImpl.invoke(ObserverImpl.java:86)
	at org.jboss.arquillian.core.impl.EventContextImpl.invokeObservers(EventContextImpl.java:103)
	at org.jboss.arquillian.core.impl.EventContextImpl.proceed(EventContextImpl.java:90)
	at org.jboss.arquillian.container.impl.client.ContainerDeploymentContextHandler.createDeploymentContext(ContainerDeploymentContextHandler.java:71)
	at java.base/jdk.internal.reflect.NativeMethodAccessorImpl.invoke0(Native Method)
	at java.base/jdk.internal.reflect.NativeMethodAccessorImpl.invoke(NativeMethodAccessorImpl.java:62)
	at java.base/jdk.internal.reflect.DelegatingMethodAccessorImpl.invoke(DelegatingMethodAccessorImpl.java:43)
	at java.base/java.lang.reflect.Method.invoke(Method.java:566)
	at org.jboss.arquillian.core.impl.ObserverImpl.invoke(ObserverImpl.java:86)
	at org.jboss.arquillian.core.impl.EventContextImpl.proceed(EventContextImpl.java:95)
	at org.jboss.arquillian.container.impl.client.ContainerDeploymentContextHandler.createContainerContext(ContainerDeploymentContextHandler.java:54)
	at java.base/jdk.internal.reflect.NativeMethodAccessorImpl.invoke0(Native Method)
	at java.base/jdk.internal.reflect.NativeMethodAccessorImpl.invoke(NativeMethodAccessorImpl.java:62)
	at java.base/jdk.internal.reflect.DelegatingMethodAccessorImpl.invoke(DelegatingMethodAccessorImpl.java:43)
	at java.base/java.lang.reflect.Method.invoke(Method.java:566)
	at org.jboss.arquillian.core.impl.ObserverImpl.invoke(ObserverImpl.java:86)
	at org.jboss.arquillian.core.impl.EventContextImpl.proceed(EventContextImpl.java:95)
	at org.jboss.arquillian.container.impl.client.container.DeploymentExceptionHandler.verifyExpectedExceptionDuringDeploy(DeploymentExceptionHandler.java:47)
	at java.base/jdk.internal.reflect.NativeMethodAccessorImpl.invoke0(Native Method)
	at java.base/jdk.internal.reflect.NativeMethodAccessorImpl.invoke(NativeMethodAccessorImpl.java:62)
	at java.base/jdk.internal.reflect.DelegatingMethodAccessorImpl.invoke(DelegatingMethodAccessorImpl.java:43)
	at java.base/java.lang.reflect.Method.invoke(Method.java:566)
	at org.jboss.arquillian.core.impl.ObserverImpl.invoke(ObserverImpl.java:86)
	at org.jboss.arquillian.core.impl.EventContextImpl.proceed(EventContextImpl.java:95)
	at org.jboss.arquillian.core.impl.ManagerImpl.fire(ManagerImpl.java:133)
	at org.jboss.arquillian.core.impl.ManagerImpl.fire(ManagerImpl.java:105)
	at org.jboss.arquillian.core.impl.EventImpl.fire(EventImpl.java:62)
	at org.jboss.arquillian.container.impl.client.container.ContainerDeployController$1.perform(ContainerDeployController.java:92)
	at org.jboss.arquillian.container.impl.client.container.ContainerDeployController$1.perform(ContainerDeployController.java:77)
	at org.jboss.arquillian.container.impl.client.container.ContainerDeployController.forEachDeployment(ContainerDeployController.java:232)
	at org.jboss.arquillian.container.impl.client.container.ContainerDeployController.forEachManagedDeployment(ContainerDeployController.java:212)
	at org.jboss.arquillian.container.impl.client.container.ContainerDeployController.deployManaged(ContainerDeployController.java:77)
	at java.base/jdk.internal.reflect.NativeMethodAccessorImpl.invoke0(Native Method)
	at java.base/jdk.internal.reflect.NativeMethodAccessorImpl.invoke(NativeMethodAccessorImpl.java:62)
	at java.base/jdk.internal.reflect.DelegatingMethodAccessorImpl.invoke(DelegatingMethodAccessorImpl.java:43)
	at java.base/java.lang.reflect.Method.invoke(Method.java:566)
	at org.jboss.arquillian.core.impl.ObserverImpl.invoke(ObserverImpl.java:86)
	at org.jboss.arquillian.core.impl.EventContextImpl.invokeObservers(EventContextImpl.java:103)
	at org.jboss.arquillian.core.impl.EventContextImpl.proceed(EventContextImpl.java:90)
	at org.jboss.arquillian.core.impl.ManagerImpl.fire(ManagerImpl.java:133)
	at org.jboss.arquillian.core.impl.ManagerImpl.fire(ManagerImpl.java:105)
	at org.jboss.arquillian.core.impl.EventImpl.fire(EventImpl.java:62)
	at org.jboss.arquillian.container.test.impl.client.ContainerEventController.execute(ContainerEventController.java:96)
	at java.base/jdk.internal.reflect.NativeMethodAccessorImpl.invoke0(Native Method)
	at java.base/jdk.internal.reflect.NativeMethodAccessorImpl.invoke(NativeMethodAccessorImpl.java:62)
	at java.base/jdk.internal.reflect.DelegatingMethodAccessorImpl.invoke(DelegatingMethodAccessorImpl.java:43)
	at java.base/java.lang.reflect.Method.invoke(Method.java:566)
	at org.jboss.arquillian.core.impl.ObserverImpl.invoke(ObserverImpl.java:86)
	at org.jboss.arquillian.core.impl.EventContextImpl.invokeObservers(EventContextImpl.java:103)
	at org.jboss.arquillian.core.impl.EventContextImpl.proceed(EventContextImpl.java:90)
	at org.jboss.arquillian.test.impl.TestContextHandler.createClassContext(TestContextHandler.java:83)
	at java.base/jdk.internal.reflect.NativeMethodAccessorImpl.invoke0(Native Method)
	at java.base/jdk.internal.reflect.NativeMethodAccessorImpl.invoke(NativeMethodAccessorImpl.java:62)
	at java.base/jdk.internal.reflect.DelegatingMethodAccessorImpl.invoke(DelegatingMethodAccessorImpl.java:43)
	at java.base/java.lang.reflect.Method.invoke(Method.java:566)
	at org.jboss.arquillian.core.impl.ObserverImpl.invoke(ObserverImpl.java:86)
	at org.jboss.arquillian.core.impl.EventContextImpl.proceed(EventContextImpl.java:95)
	at org.jboss.arquillian.test.impl.TestContextHandler.createSuiteContext(TestContextHandler.java:69)
	at java.base/jdk.internal.reflect.NativeMethodAccessorImpl.invoke0(Native Method)
	at java.base/jdk.internal.reflect.NativeMethodAccessorImpl.invoke(NativeMethodAccessorImpl.java:62)
	at java.base/jdk.internal.reflect.DelegatingMethodAccessorImpl.invoke(DelegatingMethodAccessorImpl.java:43)
	at java.base/java.lang.reflect.Method.invoke(Method.java:566)
	at org.jboss.arquillian.core.impl.ObserverImpl.invoke(ObserverImpl.java:86)
	at org.jboss.arquillian.core.impl.EventContextImpl.proceed(EventContextImpl.java:95)
	at org.jboss.arquillian.core.impl.ManagerImpl.fire(ManagerImpl.java:133)
	at org.jboss.arquillian.core.impl.ManagerImpl.fire(ManagerImpl.java:105)
	at org.jboss.arquillian.test.impl.EventTestRunnerAdaptor.beforeClass(EventTestRunnerAdaptor.java:89)
	at org.jboss.arquillian.junit5.ArquillianExtension.beforeAll(ArquillianExtension.java:35)
	at org.junit.jupiter.engine.descriptor.ClassBasedTestDescriptor.lambda$invokeBeforeAllCallbacks$7(ClassBasedTestDescriptor.java:359)
	at org.junit.platform.engine.support.hierarchical.ThrowableCollector.execute(ThrowableCollector.java:73)
	at org.junit.jupiter.engine.descriptor.ClassBasedTestDescriptor.invokeBeforeAllCallbacks(ClassBasedTestDescriptor.java:359)
	at org.junit.jupiter.engine.descriptor.ClassBasedTestDescriptor.before(ClassBasedTestDescriptor.java:189)
	at org.junit.jupiter.engine.descriptor.ClassBasedTestDescriptor.before(ClassBasedTestDescriptor.java:78)
	at org.junit.platform.engine.support.hierarchical.NodeTestTask.lambda$executeRecursively$5(NodeTestTask.java:132)
	at org.junit.platform.engine.support.hierarchical.ThrowableCollector.execute(ThrowableCollector.java:73)
	at org.junit.platform.engine.support.hierarchical.NodeTestTask.lambda$executeRecursively$7(NodeTestTask.java:125)
	at org.junit.platform.engine.support.hierarchical.Node.around(Node.java:135)
	at org.junit.platform.engine.support.hierarchical.NodeTestTask.lambda$executeRecursively$8(NodeTestTask.java:123)
	at org.junit.platform.engine.support.hierarchical.ThrowableCollector.execute(ThrowableCollector.java:73)
	at org.junit.platform.engine.support.hierarchical.NodeTestTask.executeRecursively(NodeTestTask.java:122)
	at org.junit.platform.engine.support.hierarchical.NodeTestTask.execute(NodeTestTask.java:80)
	at java.base/java.util.ArrayList.forEach(ArrayList.java:1541)
	at org.junit.platform.engine.support.hierarchical.SameThreadHierarchicalTestExecutorService.invokeAll(SameThreadHierarchicalTestExecutorService.java:38)
	at org.junit.platform.engine.support.hierarchical.NodeTestTask.lambda$executeRecursively$5(NodeTestTask.java:139)
	at org.junit.platform.engine.support.hierarchical.ThrowableCollector.execute(ThrowableCollector.java:73)
	at org.junit.platform.engine.support.hierarchical.NodeTestTask.lambda$executeRecursively$7(NodeTestTask.java:125)
	at org.junit.platform.engine.support.hierarchical.Node.around(Node.java:135)
	at org.junit.platform.engine.support.hierarchical.NodeTestTask.lambda$executeRecursively$8(NodeTestTask.java:123)
	at org.junit.platform.engine.support.hierarchical.ThrowableCollector.execute(ThrowableCollector.java:73)
	at org.junit.platform.engine.support.hierarchical.NodeTestTask.executeRecursively(NodeTestTask.java:122)
	at org.junit.platform.engine.support.hierarchical.NodeTestTask.execute(NodeTestTask.java:80)
	at org.junit.platform.engine.support.hierarchical.SameThreadHierarchicalTestExecutorService.submit(SameThreadHierarchicalTestExecutorService.java:32)
	at org.junit.platform.engine.support.hierarchical.HierarchicalTestExecutor.execute(HierarchicalTestExecutor.java:57)
	at org.junit.platform.engine.support.hierarchical.HierarchicalTestEngine.execute(HierarchicalTestEngine.java:51)
	at org.junit.platform.launcher.core.DefaultLauncher.execute(DefaultLauncher.java:248)
	at org.junit.platform.launcher.core.DefaultLauncher.lambda$execute$5(DefaultLauncher.java:211)
	at org.junit.platform.launcher.core.DefaultLauncher.withInterceptedStreams(DefaultLauncher.java:226)
	at org.junit.platform.launcher.core.DefaultLauncher.execute(DefaultLauncher.java:199)
	at org.junit.platform.launcher.core.DefaultLauncher.execute(DefaultLauncher.java:132)
	at org.apache.maven.surefire.junitplatform.JUnitPlatformProvider.execute(JUnitPlatformProvider.java:188)
	at org.apache.maven.surefire.junitplatform.JUnitPlatformProvider.invokeAllTests(JUnitPlatformProvider.java:154)
	at org.apache.maven.surefire.junitplatform.JUnitPlatformProvider.invoke(JUnitPlatformProvider.java:128)
	at org.apache.maven.surefire.booter.ForkedBooter.runSuitesInProcess(ForkedBooter.java:428)
	at org.apache.maven.surefire.booter.ForkedBooter.execute(ForkedBooter.java:162)
	at org.apache.maven.surefire.booter.ForkedBooter.run(ForkedBooter.java:562)
	at org.apache.maven.surefire.booter.ForkedBooter.main(ForkedBooter.java:548)
2022-06-01 23:15:56 jdbc[3]: 
/**/PreparedStatement prep10 = conn0.prepareStatement("SELECT 1", 1003, 1007);
2022-06-01 23:15:56 jdbc[3]: Plan       : calculate cost for plan [DUAL:0:org.h2.table.DualTable@73e0fa1c]
2022-06-01 23:15:56 jdbc[3]: Plan       :   for table filter DUAL:0:org.h2.table.DualTable@73e0fa1c
2022-06-01 23:15:56 jdbc[3]: Table      :     potential plan item cost 1 index dual index
2022-06-01 23:15:56 jdbc[3]: Plan       :   best plan item cost 1 index dual index
2022-06-01 23:15:56 jdbc[3]: Plan       : plan cost 2
2022-06-01 23:15:56 jdbc[3]: 
/**/ResultSet rs4 = prep10.executeQuery();
2022-06-01 23:15:56 jdbc[3]: 
/*SQL #:1*/SELECT 1;
2022-06-01 23:15:56 jdbc[3]: 
/**/rs4.close();
2022-06-01 23:15:56 jdbc[3]: 
/**/prep10.close();
2022-06-01 23:15:56 jdbc[3]: 
/**/conn0.setClientInfo(properties);
2022-06-01 23:15:56 jdbc[3]: 
/**/conn0.getClientInfo();
2022-06-01 23:15:56 jdbc[3]: 
/**/PreparedStatement prep11 = conn0.prepareStatement("CREATE TABLE public.ruta (id_ruta BIGINT IDENTITY NOT NULL, fecha_creacion DATE, nombre VARCHAR(2147483647), observaciones VARCHAR(2147483647), PRIMARY KEY (id_ruta))", 1003, 1007);
2022-06-01 23:15:56 jdbc[3]: 
/**/prep11.executeUpdate();
2022-06-01 23:15:56 lock: 3 exclusive write lock requesting for SYS 
2022-06-01 23:15:56 lock: 3 exclusive write lock added for SYS 
2022-06-01 23:15:56 lock: 3 exclusive write lock unlock SYS 
2022-06-01 23:15:56 lock: 3 exclusive write lock requesting for SYS 
2022-06-01 23:15:56 lock: 3 exclusive write lock added for SYS 
2022-06-01 23:15:56 lock: 3 exclusive write lock requesting for RUTA 
2022-06-01 23:15:56 lock: 3 exclusive write lock added for RUTA 
2022-06-01 23:15:56 jdbc[3]: 
/*SQL t:3*/CREATE TABLE public.ruta (id_ruta BIGINT IDENTITY NOT NULL, fecha_creacion DATE, nombre VARCHAR(2147483647), observaciones VARCHAR(2147483647), PRIMARY KEY (id_ruta));
2022-06-01 23:15:56 lock: 3 exclusive write lock unlock SYS 
2022-06-01 23:15:56 lock: 3 exclusive write lock unlock RUTA 
2022-06-01 23:15:56 jdbc[3]: 
/**/prep11.close();
2022-06-01 23:15:56 jdbc[3]: 
/**/conn0.setClientInfo(properties);
2022-06-01 23:15:56 jdbc[3]: 
/**/conn0.getClientInfo();
2022-06-01 23:15:56 jdbc[3]: 
/**/PreparedStatement prep12 = conn0.prepareStatement("SELECT 1 FROM public.tipo_objeto", 1003, 1007);
2022-06-01 23:15:56 jdbc[3]: exception
org.h2.jdbc.JdbcSQLSyntaxErrorException: Tabla "TIPO_OBJETO" no encontrada
Table "TIPO_OBJETO" not found; SQL statement:
SELECT 1 FROM public.tipo_objeto [42102-200]
	at org.h2.message.DbException.getJdbcSQLException(DbException.java:453)
	at org.h2.message.DbException.getJdbcSQLException(DbException.java:429)
	at org.h2.message.DbException.get(DbException.java:205)
	at org.h2.message.DbException.get(DbException.java:181)
	at org.h2.command.Parser.readTableOrView(Parser.java:7628)
	at org.h2.command.Parser.readTableFilter(Parser.java:1970)
	at org.h2.command.Parser.parseSelectFromPart(Parser.java:2827)
	at org.h2.command.Parser.parseSelect(Parser.java:2959)
	at org.h2.command.Parser.parseQuerySub(Parser.java:2817)
	at org.h2.command.Parser.parseSelectUnion(Parser.java:2649)
	at org.h2.command.Parser.parseQuery(Parser.java:2620)
	at org.h2.command.Parser.parsePrepared(Parser.java:868)
	at org.h2.command.Parser.parse(Parser.java:843)
	at org.h2.command.Parser.parse(Parser.java:815)
	at org.h2.command.Parser.prepareCommand(Parser.java:738)
	at org.h2.engine.Session.prepareLocal(Session.java:657)
	at org.h2.engine.Session.prepareCommand(Session.java:595)
	at org.h2.jdbc.JdbcConnection.prepareCommand(JdbcConnection.java:1235)
	at org.h2.jdbc.JdbcPreparedStatement.<init>(JdbcPreparedStatement.java:76)
	at org.h2.jdbc.JdbcConnection.prepareStatement(JdbcConnection.java:734)
	at com.sun.gjc.spi.base.ConnectionHolder.prepareStatement(ConnectionHolder.java:609)
	at com.sun.gjc.spi.jdbc40.ConnectionWrapper40.prepareCachedStatement(ConnectionWrapper40.java:271)
	at com.sun.gjc.spi.jdbc40.ConnectionWrapper40.prepareCachedStatement(ConnectionWrapper40.java:53)
	at com.sun.gjc.spi.ManagedConnectionImpl.prepareCachedStatement(ManagedConnectionImpl.java:1080)
	at com.sun.gjc.spi.jdbc40.ConnectionWrapper40.prepareStatement(ConnectionWrapper40.java:183)
	at org.eclipse.persistence.internal.databaseaccess.DatabaseAccessor.prepareStatement(DatabaseAccessor.java:1600)
	at org.eclipse.persistence.internal.databaseaccess.DatabaseAccessor.prepareStatement(DatabaseAccessor.java:1549)
	at org.eclipse.persistence.internal.databaseaccess.DatabaseCall.prepareStatement(DatabaseCall.java:806)
	at org.eclipse.persistence.internal.databaseaccess.DatabaseAccessor.basicExecuteCall(DatabaseAccessor.java:628)
	at org.eclipse.persistence.internal.databaseaccess.DatabaseAccessor.executeCall(DatabaseAccessor.java:567)
	at org.eclipse.persistence.internal.sessions.AbstractSession.basicExecuteCall(AbstractSession.java:2105)
	at org.eclipse.persistence.sessions.server.ServerSession.executeCall(ServerSession.java:603)
	at org.eclipse.persistence.internal.queries.DatasourceCallQueryMechanism.executeCall(DatasourceCallQueryMechanism.java:277)
	at org.eclipse.persistence.internal.queries.DatasourceCallQueryMechanism.executeCall(DatasourceCallQueryMechanism.java:263)
	at org.eclipse.persistence.internal.queries.DatasourceCallQueryMechanism.executeSelectCall(DatasourceCallQueryMechanism.java:334)
	at org.eclipse.persistence.internal.queries.DatasourceCallQueryMechanism.executeSelect(DatasourceCallQueryMechanism.java:316)
	at org.eclipse.persistence.queries.DataReadQuery.executeNonCursor(DataReadQuery.java:199)
	at org.eclipse.persistence.queries.DataReadQuery.executeDatabaseQuery(DataReadQuery.java:154)
	at org.eclipse.persistence.queries.DatabaseQuery.execute(DatabaseQuery.java:911)
	at org.eclipse.persistence.queries.DataReadQuery.execute(DataReadQuery.java:139)
	at org.eclipse.persistence.internal.sessions.AbstractSession.internalExecuteQuery(AbstractSession.java:3367)
	at org.eclipse.persistence.internal.sessions.AbstractSession.executeQuery(AbstractSession.java:1898)
	at org.eclipse.persistence.internal.sessions.AbstractSession.executeQuery(AbstractSession.java:1880)
	at org.eclipse.persistence.internal.sessions.AbstractSession.executeQuery(AbstractSession.java:1830)
	at org.eclipse.persistence.internal.databaseaccess.DatabasePlatform.checkTableExists(DatabasePlatform.java:3792)
	at org.eclipse.persistence.tools.schemaframework.SchemaManager.checkTableExists(SchemaManager.java:467)
	at org.eclipse.persistence.tools.schemaframework.SchemaManager.checkTableExists(SchemaManager.java:480)
	at org.eclipse.persistence.tools.schemaframework.TableCreator.createTables(TableCreator.java:169)
	at org.eclipse.persistence.tools.schemaframework.TableCreator.createTables(TableCreator.java:151)
	at org.eclipse.persistence.tools.schemaframework.TableCreator.createTables(TableCreator.java:143)
	at org.eclipse.persistence.tools.schemaframework.SchemaManager.createDefaultTables(SchemaManager.java:1030)
	at org.eclipse.persistence.internal.jpa.EntityManagerFactoryProvider.generateDefaultTables(EntityManagerFactoryProvider.java:113)
	at org.eclipse.persistence.internal.jpa.EntityManagerSetupImpl.writeDDLToDatabase(EntityManagerSetupImpl.java:4695)
	at org.eclipse.persistence.internal.jpa.EntityManagerSetupImpl.writeMetadataDDLToDatabase(EntityManagerSetupImpl.java:4762)
	at org.eclipse.persistence.internal.jpa.EntityManagerSetupImpl.writeDDL(EntityManagerSetupImpl.java:4661)
	at org.eclipse.persistence.internal.jpa.EntityManagerSetupImpl.writeDDL(EntityManagerSetupImpl.java:4534)
	at org.eclipse.persistence.internal.jpa.EntityManagerSetupImpl.deploy(EntityManagerSetupImpl.java:820)
	at org.eclipse.persistence.internal.jpa.EntityManagerFactoryDelegate.getAbstractSession(EntityManagerFactoryDelegate.java:222)
	at org.eclipse.persistence.internal.jpa.EntityManagerFactoryDelegate.getDatabaseSession(EntityManagerFactoryDelegate.java:200)
	at org.eclipse.persistence.internal.jpa.EntityManagerFactoryImpl.getDatabaseSession(EntityManagerFactoryImpl.java:542)
	at org.eclipse.persistence.jpa.PersistenceProvider.createContainerEntityManagerFactoryImpl(PersistenceProvider.java:388)
	at org.eclipse.persistence.jpa.PersistenceProvider.createContainerEntityManagerFactory(PersistenceProvider.java:316)
	at org.glassfish.persistence.jpa.PersistenceUnitLoader.loadPU(PersistenceUnitLoader.java:207)
	at org.glassfish.persistence.jpa.PersistenceUnitLoader.<init>(PersistenceUnitLoader.java:114)
	at org.glassfish.persistence.jpa.JPADeployer$1.visitPUD(JPADeployer.java:267)
	at org.glassfish.persistence.jpa.JPADeployer$PersistenceUnitDescriptorIterator.iteratePUDs(JPADeployer.java:571)
	at org.glassfish.persistence.jpa.JPADeployer.createEMFs(JPADeployer.java:286)
	at org.glassfish.persistence.jpa.JPADeployer.prepare(JPADeployer.java:183)
	at com.sun.enterprise.v3.server.ApplicationLifecycle.prepareModule(ApplicationLifecycle.java:1131)
	at com.sun.enterprise.v3.server.ApplicationLifecycle.prepare(ApplicationLifecycle.java:504)
	at org.glassfish.deployment.admin.DeployCommand.execute(DeployCommand.java:588)
	at com.sun.enterprise.v3.admin.CommandRunnerImpl$2$1.run(CommandRunnerImpl.java:556)
	at com.sun.enterprise.v3.admin.CommandRunnerImpl$2$1.run(CommandRunnerImpl.java:552)
	at java.base/java.security.AccessController.doPrivileged(Native Method)
	at java.base/javax.security.auth.Subject.doAs(Subject.java:361)
	at com.sun.enterprise.v3.admin.CommandRunnerImpl$2.execute(CommandRunnerImpl.java:551)
	at com.sun.enterprise.v3.admin.CommandRunnerImpl$3.run(CommandRunnerImpl.java:582)
	at com.sun.enterprise.v3.admin.CommandRunnerImpl$3.run(CommandRunnerImpl.java:574)
	at java.base/java.security.AccessController.doPrivileged(Native Method)
	at java.base/javax.security.auth.Subject.doAs(Subject.java:361)
	at com.sun.enterprise.v3.admin.CommandRunnerImpl.doCommand(CommandRunnerImpl.java:573)
	at com.sun.enterprise.v3.admin.CommandRunnerImpl.doCommand(CommandRunnerImpl.java:1497)
	at com.sun.enterprise.v3.admin.CommandRunnerImpl.access$1300(CommandRunnerImpl.java:120)
	at com.sun.enterprise.v3.admin.CommandRunnerImpl$ExecutionContext.execute(CommandRunnerImpl.java:1879)
	at com.sun.enterprise.v3.admin.CommandRunnerImpl$ExecutionContext.execute(CommandRunnerImpl.java:1755)
	at com.sun.enterprise.admin.cli.embeddable.DeployerImpl.deploy(DeployerImpl.java:131)
	at com.sun.enterprise.admin.cli.embeddable.DeployerImpl.deploy(DeployerImpl.java:104)
	at fish.payara.arquillian.container.payara.embedded.PayaraContainer.deploy(PayaraContainer.java:236)
	at org.jboss.arquillian.container.impl.client.container.ContainerDeployController$3.call(ContainerDeployController.java:151)
	at org.jboss.arquillian.container.impl.client.container.ContainerDeployController$3.call(ContainerDeployController.java:118)
	at org.jboss.arquillian.container.impl.client.container.ContainerDeployController.executeOperation(ContainerDeployController.java:239)
	at org.jboss.arquillian.container.impl.client.container.ContainerDeployController.deploy(ContainerDeployController.java:118)
	at java.base/jdk.internal.reflect.NativeMethodAccessorImpl.invoke0(Native Method)
	at java.base/jdk.internal.reflect.NativeMethodAccessorImpl.invoke(NativeMethodAccessorImpl.java:62)
	at java.base/jdk.internal.reflect.DelegatingMethodAccessorImpl.invoke(DelegatingMethodAccessorImpl.java:43)
	at java.base/java.lang.reflect.Method.invoke(Method.java:566)
	at org.jboss.arquillian.core.impl.ObserverImpl.invoke(ObserverImpl.java:86)
	at org.jboss.arquillian.core.impl.EventContextImpl.invokeObservers(EventContextImpl.java:103)
	at org.jboss.arquillian.core.impl.EventContextImpl.proceed(EventContextImpl.java:90)
	at org.jboss.arquillian.container.impl.client.ContainerDeploymentContextHandler.createDeploymentContext(ContainerDeploymentContextHandler.java:71)
	at java.base/jdk.internal.reflect.NativeMethodAccessorImpl.invoke0(Native Method)
	at java.base/jdk.internal.reflect.NativeMethodAccessorImpl.invoke(NativeMethodAccessorImpl.java:62)
	at java.base/jdk.internal.reflect.DelegatingMethodAccessorImpl.invoke(DelegatingMethodAccessorImpl.java:43)
	at java.base/java.lang.reflect.Method.invoke(Method.java:566)
	at org.jboss.arquillian.core.impl.ObserverImpl.invoke(ObserverImpl.java:86)
	at org.jboss.arquillian.core.impl.EventContextImpl.proceed(EventContextImpl.java:95)
	at org.jboss.arquillian.container.impl.client.ContainerDeploymentContextHandler.createContainerContext(ContainerDeploymentContextHandler.java:54)
	at java.base/jdk.internal.reflect.NativeMethodAccessorImpl.invoke0(Native Method)
	at java.base/jdk.internal.reflect.NativeMethodAccessorImpl.invoke(NativeMethodAccessorImpl.java:62)
	at java.base/jdk.internal.reflect.DelegatingMethodAccessorImpl.invoke(DelegatingMethodAccessorImpl.java:43)
	at java.base/java.lang.reflect.Method.invoke(Method.java:566)
	at org.jboss.arquillian.core.impl.ObserverImpl.invoke(ObserverImpl.java:86)
	at org.jboss.arquillian.core.impl.EventContextImpl.proceed(EventContextImpl.java:95)
	at org.jboss.arquillian.container.impl.client.container.DeploymentExceptionHandler.verifyExpectedExceptionDuringDeploy(DeploymentExceptionHandler.java:47)
	at java.base/jdk.internal.reflect.NativeMethodAccessorImpl.invoke0(Native Method)
	at java.base/jdk.internal.reflect.NativeMethodAccessorImpl.invoke(NativeMethodAccessorImpl.java:62)
	at java.base/jdk.internal.reflect.DelegatingMethodAccessorImpl.invoke(DelegatingMethodAccessorImpl.java:43)
	at java.base/java.lang.reflect.Method.invoke(Method.java:566)
	at org.jboss.arquillian.core.impl.ObserverImpl.invoke(ObserverImpl.java:86)
	at org.jboss.arquillian.core.impl.EventContextImpl.proceed(EventContextImpl.java:95)
	at org.jboss.arquillian.core.impl.ManagerImpl.fire(ManagerImpl.java:133)
	at org.jboss.arquillian.core.impl.ManagerImpl.fire(ManagerImpl.java:105)
	at org.jboss.arquillian.core.impl.EventImpl.fire(EventImpl.java:62)
	at org.jboss.arquillian.container.impl.client.container.ContainerDeployController$1.perform(ContainerDeployController.java:92)
	at org.jboss.arquillian.container.impl.client.container.ContainerDeployController$1.perform(ContainerDeployController.java:77)
	at org.jboss.arquillian.container.impl.client.container.ContainerDeployController.forEachDeployment(ContainerDeployController.java:232)
	at org.jboss.arquillian.container.impl.client.container.ContainerDeployController.forEachManagedDeployment(ContainerDeployController.java:212)
	at org.jboss.arquillian.container.impl.client.container.ContainerDeployController.deployManaged(ContainerDeployController.java:77)
	at java.base/jdk.internal.reflect.NativeMethodAccessorImpl.invoke0(Native Method)
	at java.base/jdk.internal.reflect.NativeMethodAccessorImpl.invoke(NativeMethodAccessorImpl.java:62)
	at java.base/jdk.internal.reflect.DelegatingMethodAccessorImpl.invoke(DelegatingMethodAccessorImpl.java:43)
	at java.base/java.lang.reflect.Method.invoke(Method.java:566)
	at org.jboss.arquillian.core.impl.ObserverImpl.invoke(ObserverImpl.java:86)
	at org.jboss.arquillian.core.impl.EventContextImpl.invokeObservers(EventContextImpl.java:103)
	at org.jboss.arquillian.core.impl.EventContextImpl.proceed(EventContextImpl.java:90)
	at org.jboss.arquillian.core.impl.ManagerImpl.fire(ManagerImpl.java:133)
	at org.jboss.arquillian.core.impl.ManagerImpl.fire(ManagerImpl.java:105)
	at org.jboss.arquillian.core.impl.EventImpl.fire(EventImpl.java:62)
	at org.jboss.arquillian.container.test.impl.client.ContainerEventController.execute(ContainerEventController.java:96)
	at java.base/jdk.internal.reflect.NativeMethodAccessorImpl.invoke0(Native Method)
	at java.base/jdk.internal.reflect.NativeMethodAccessorImpl.invoke(NativeMethodAccessorImpl.java:62)
	at java.base/jdk.internal.reflect.DelegatingMethodAccessorImpl.invoke(DelegatingMethodAccessorImpl.java:43)
	at java.base/java.lang.reflect.Method.invoke(Method.java:566)
	at org.jboss.arquillian.core.impl.ObserverImpl.invoke(ObserverImpl.java:86)
	at org.jboss.arquillian.core.impl.EventContextImpl.invokeObservers(EventContextImpl.java:103)
	at org.jboss.arquillian.core.impl.EventContextImpl.proceed(EventContextImpl.java:90)
	at org.jboss.arquillian.test.impl.TestContextHandler.createClassContext(TestContextHandler.java:83)
	at java.base/jdk.internal.reflect.NativeMethodAccessorImpl.invoke0(Native Method)
	at java.base/jdk.internal.reflect.NativeMethodAccessorImpl.invoke(NativeMethodAccessorImpl.java:62)
	at java.base/jdk.internal.reflect.DelegatingMethodAccessorImpl.invoke(DelegatingMethodAccessorImpl.java:43)
	at java.base/java.lang.reflect.Method.invoke(Method.java:566)
	at org.jboss.arquillian.core.impl.ObserverImpl.invoke(ObserverImpl.java:86)
	at org.jboss.arquillian.core.impl.EventContextImpl.proceed(EventContextImpl.java:95)
	at org.jboss.arquillian.test.impl.TestContextHandler.createSuiteContext(TestContextHandler.java:69)
	at java.base/jdk.internal.reflect.NativeMethodAccessorImpl.invoke0(Native Method)
	at java.base/jdk.internal.reflect.NativeMethodAccessorImpl.invoke(NativeMethodAccessorImpl.java:62)
	at java.base/jdk.internal.reflect.DelegatingMethodAccessorImpl.invoke(DelegatingMethodAccessorImpl.java:43)
	at java.base/java.lang.reflect.Method.invoke(Method.java:566)
	at org.jboss.arquillian.core.impl.ObserverImpl.invoke(ObserverImpl.java:86)
	at org.jboss.arquillian.core.impl.EventContextImpl.proceed(EventContextImpl.java:95)
	at org.jboss.arquillian.core.impl.ManagerImpl.fire(ManagerImpl.java:133)
	at org.jboss.arquillian.core.impl.ManagerImpl.fire(ManagerImpl.java:105)
	at org.jboss.arquillian.test.impl.EventTestRunnerAdaptor.beforeClass(EventTestRunnerAdaptor.java:89)
	at org.jboss.arquillian.junit5.ArquillianExtension.beforeAll(ArquillianExtension.java:35)
	at org.junit.jupiter.engine.descriptor.ClassBasedTestDescriptor.lambda$invokeBeforeAllCallbacks$7(ClassBasedTestDescriptor.java:359)
	at org.junit.platform.engine.support.hierarchical.ThrowableCollector.execute(ThrowableCollector.java:73)
	at org.junit.jupiter.engine.descriptor.ClassBasedTestDescriptor.invokeBeforeAllCallbacks(ClassBasedTestDescriptor.java:359)
	at org.junit.jupiter.engine.descriptor.ClassBasedTestDescriptor.before(ClassBasedTestDescriptor.java:189)
	at org.junit.jupiter.engine.descriptor.ClassBasedTestDescriptor.before(ClassBasedTestDescriptor.java:78)
	at org.junit.platform.engine.support.hierarchical.NodeTestTask.lambda$executeRecursively$5(NodeTestTask.java:132)
	at org.junit.platform.engine.support.hierarchical.ThrowableCollector.execute(ThrowableCollector.java:73)
	at org.junit.platform.engine.support.hierarchical.NodeTestTask.lambda$executeRecursively$7(NodeTestTask.java:125)
	at org.junit.platform.engine.support.hierarchical.Node.around(Node.java:135)
	at org.junit.platform.engine.support.hierarchical.NodeTestTask.lambda$executeRecursively$8(NodeTestTask.java:123)
	at org.junit.platform.engine.support.hierarchical.ThrowableCollector.execute(ThrowableCollector.java:73)
	at org.junit.platform.engine.support.hierarchical.NodeTestTask.executeRecursively(NodeTestTask.java:122)
	at org.junit.platform.engine.support.hierarchical.NodeTestTask.execute(NodeTestTask.java:80)
	at java.base/java.util.ArrayList.forEach(ArrayList.java:1541)
	at org.junit.platform.engine.support.hierarchical.SameThreadHierarchicalTestExecutorService.invokeAll(SameThreadHierarchicalTestExecutorService.java:38)
	at org.junit.platform.engine.support.hierarchical.NodeTestTask.lambda$executeRecursively$5(NodeTestTask.java:139)
	at org.junit.platform.engine.support.hierarchical.ThrowableCollector.execute(ThrowableCollector.java:73)
	at org.junit.platform.engine.support.hierarchical.NodeTestTask.lambda$executeRecursively$7(NodeTestTask.java:125)
	at org.junit.platform.engine.support.hierarchical.Node.around(Node.java:135)
	at org.junit.platform.engine.support.hierarchical.NodeTestTask.lambda$executeRecursively$8(NodeTestTask.java:123)
	at org.junit.platform.engine.support.hierarchical.ThrowableCollector.execute(ThrowableCollector.java:73)
	at org.junit.platform.engine.support.hierarchical.NodeTestTask.executeRecursively(NodeTestTask.java:122)
	at org.junit.platform.engine.support.hierarchical.NodeTestTask.execute(NodeTestTask.java:80)
	at org.junit.platform.engine.support.hierarchical.SameThreadHierarchicalTestExecutorService.submit(SameThreadHierarchicalTestExecutorService.java:32)
	at org.junit.platform.engine.support.hierarchical.HierarchicalTestExecutor.execute(HierarchicalTestExecutor.java:57)
	at org.junit.platform.engine.support.hierarchical.HierarchicalTestEngine.execute(HierarchicalTestEngine.java:51)
	at org.junit.platform.launcher.core.DefaultLauncher.execute(DefaultLauncher.java:248)
	at org.junit.platform.launcher.core.DefaultLauncher.lambda$execute$5(DefaultLauncher.java:211)
	at org.junit.platform.launcher.core.DefaultLauncher.withInterceptedStreams(DefaultLauncher.java:226)
	at org.junit.platform.launcher.core.DefaultLauncher.execute(DefaultLauncher.java:199)
	at org.junit.platform.launcher.core.DefaultLauncher.execute(DefaultLauncher.java:132)
	at org.apache.maven.surefire.junitplatform.JUnitPlatformProvider.execute(JUnitPlatformProvider.java:188)
	at org.apache.maven.surefire.junitplatform.JUnitPlatformProvider.invokeAllTests(JUnitPlatformProvider.java:154)
	at org.apache.maven.surefire.junitplatform.JUnitPlatformProvider.invoke(JUnitPlatformProvider.java:128)
	at org.apache.maven.surefire.booter.ForkedBooter.runSuitesInProcess(ForkedBooter.java:428)
	at org.apache.maven.surefire.booter.ForkedBooter.execute(ForkedBooter.java:162)
	at org.apache.maven.surefire.booter.ForkedBooter.run(ForkedBooter.java:562)
	at org.apache.maven.surefire.booter.ForkedBooter.main(ForkedBooter.java:548)
2022-06-01 23:15:56 jdbc[3]: 
/**/PreparedStatement prep13 = conn0.prepareStatement("SELECT 1", 1003, 1007);
2022-06-01 23:15:56 jdbc[3]: Plan       : calculate cost for plan [DUAL:0:org.h2.table.DualTable@4ce979de]
2022-06-01 23:15:56 jdbc[3]: Plan       :   for table filter DUAL:0:org.h2.table.DualTable@4ce979de
2022-06-01 23:15:56 jdbc[3]: Table      :     potential plan item cost 1 index dual index
2022-06-01 23:15:56 jdbc[3]: Plan       :   best plan item cost 1 index dual index
2022-06-01 23:15:56 jdbc[3]: Plan       : plan cost 2
2022-06-01 23:15:56 jdbc[3]: 
/**/ResultSet rs5 = prep13.executeQuery();
2022-06-01 23:15:56 jdbc[3]: 
/*SQL #:1*/SELECT 1;
2022-06-01 23:15:56 jdbc[3]: 
/**/rs5.close();
2022-06-01 23:15:56 jdbc[3]: 
/**/prep13.close();
2022-06-01 23:15:56 jdbc[3]: 
/**/conn0.setClientInfo(properties);
2022-06-01 23:15:56 jdbc[3]: 
/**/conn0.getClientInfo();
2022-06-01 23:15:56 jdbc[3]: 
/**/PreparedStatement prep14 = conn0.prepareStatement("CREATE TABLE public.tipo_objeto (id_tipo_objeto INTEGER IDENTITY NOT NULL, activo BOOLEAN, fecha_creacion DATE, PRIMARY KEY (id_tipo_objeto))", 1003, 1007);
2022-06-01 23:15:56 jdbc[3]: 
/**/prep14.executeUpdate();
2022-06-01 23:15:56 lock: 3 exclusive write lock requesting for SYS 
2022-06-01 23:15:56 lock: 3 exclusive write lock added for SYS 
2022-06-01 23:15:56 lock: 3 exclusive write lock unlock SYS 
2022-06-01 23:15:56 lock: 3 exclusive write lock requesting for SYS 
2022-06-01 23:15:56 lock: 3 exclusive write lock added for SYS 
2022-06-01 23:15:56 lock: 3 exclusive write lock requesting for TIPO_OBJETO 
2022-06-01 23:15:56 lock: 3 exclusive write lock added for TIPO_OBJETO 
2022-06-01 23:15:56 jdbc[3]: 
/*SQL t:2*/CREATE TABLE public.tipo_objeto (id_tipo_objeto INTEGER IDENTITY NOT NULL, activo BOOLEAN, fecha_creacion DATE, PRIMARY KEY (id_tipo_objeto));
2022-06-01 23:15:56 lock: 3 exclusive write lock unlock SYS 
2022-06-01 23:15:56 lock: 3 exclusive write lock unlock TIPO_OBJETO 
2022-06-01 23:15:56 jdbc[3]: 
/**/prep14.close();
2022-06-01 23:15:56 jdbc[3]: 
/**/conn0.setClientInfo(properties);
2022-06-01 23:15:56 jdbc[3]: 
/**/conn0.getClientInfo();
2022-06-01 23:15:56 jdbc[3]: 
/**/PreparedStatement prep15 = conn0.prepareStatement("ALTER TABLE public.objeto ADD CONSTRAINT FK_objeto_id_tipo_objeto FOREIGN KEY (id_tipo_objeto) REFERENCES public.tipo_objeto (id_tipo_objeto)", 1003, 1007);
2022-06-01 23:15:56 jdbc[3]: 
/**/prep15.executeUpdate();
2022-06-01 23:15:56 lock: 3 exclusive write lock requesting for SYS 
2022-06-01 23:15:56 lock: 3 exclusive write lock added for SYS 
2022-06-01 23:15:56 lock: 3 exclusive write lock requesting for OBJETO 
2022-06-01 23:15:56 lock: 3 exclusive write lock added for OBJETO 
2022-06-01 23:15:56 jdbc[3]: Plan       : calculate cost for plan [P]
2022-06-01 23:15:56 jdbc[3]: Plan       :   for table filter P
2022-06-01 23:15:56 jdbc[3]: Table      :     potential plan item cost 10,200 index PUBLIC.TIPO_OBJETO.tableScan
2022-06-01 23:15:56 jdbc[3]: Table      :     potential plan item cost 230 index PUBLIC.PRIMARY_KEY_1
2022-06-01 23:15:56 jdbc[3]: Plan       :   best plan item cost 227.7 index PUBLIC.PRIMARY_KEY_1
2022-06-01 23:15:56 jdbc[3]: Plan       : plan cost 228.7
2022-06-01 23:15:56 jdbc[3]: Plan       : calculate cost for plan [C]
2022-06-01 23:15:56 jdbc[3]: Plan       :   for table filter C
2022-06-01 23:15:56 jdbc[3]: Plan       : calculate cost for plan [PUBLIC.OBJETO]
2022-06-01 23:15:56 jdbc[3]: Plan       :   for table filter PUBLIC.OBJETO
2022-06-01 23:15:56 jdbc[3]: Table      :     potential plan item cost 10,200 index PUBLIC.OBJETO.tableScan
2022-06-01 23:15:56 jdbc[3]: Table      :     potential plan item cost 12,210 index PUBLIC.PRIMARY_KEY_8
2022-06-01 23:15:56 jdbc[3]: Table      :     potential plan item cost 11,010 index PUBLIC.FK_OBJETO_ID_TIPO_OBJETO_INDEX_8
2022-06-01 23:15:56 jdbc[3]: Plan       :   best plan item cost 10,200 index PUBLIC.OBJETO.tableScan
2022-06-01 23:15:56 jdbc[3]: Plan       : plan cost 10,201
2022-06-01 23:15:56 jdbc[3]: Plan       : calculate cost for plan [PUBLIC.OBJETO]
2022-06-01 23:15:56 jdbc[3]: Plan       :   for table filter PUBLIC.OBJETO
2022-06-01 23:15:56 jdbc[3]: Table      :     potential plan item cost 10,200 index PUBLIC.OBJETO.tableScan
2022-06-01 23:15:56 jdbc[3]: Table      :     potential plan item cost 12,210 index PUBLIC.PRIMARY_KEY_8
2022-06-01 23:15:56 jdbc[3]: Table      :     potential plan item cost 11,010 index PUBLIC.FK_OBJETO_ID_TIPO_OBJETO_INDEX_8
2022-06-01 23:15:56 jdbc[3]: Plan       :   best plan item cost 10,200 index PUBLIC.OBJETO.tableScan
2022-06-01 23:15:56 jdbc[3]: Plan       : plan cost 10,201
2022-06-01 23:15:56 jdbc[3]: Plan       : calculate cost for plan [PUBLIC.OBJETO]
2022-06-01 23:15:56 jdbc[3]: Plan       :   for table filter PUBLIC.OBJETO
2022-06-01 23:15:56 jdbc[3]: Table      :     potential plan item cost 10,200 index PUBLIC.OBJETO.tableScan
2022-06-01 23:15:56 jdbc[3]: Table      :     potential plan item cost 12,210 index PUBLIC.PRIMARY_KEY_8
2022-06-01 23:15:56 jdbc[3]: Table      :     potential plan item cost 12,020 index PUBLIC.FK_OBJETO_ID_TIPO_OBJETO_INDEX_8
2022-06-01 23:15:56 jdbc[3]: Plan       :   best plan item cost 10,200 index PUBLIC.OBJETO.tableScan
2022-06-01 23:15:56 jdbc[3]: Plan       : plan cost 10,201
2022-06-01 23:15:56 jdbc[3]: Plan       :   best plan item cost 10,201 index SELECT
    ID_TIPO_OBJETO
FROM PUBLIC.OBJETO
    /* PUBLIC.FK_OBJETO_ID_TIPO_OBJETO_INDEX_8 */
WHERE ID_TIPO_OBJETO IS NOT NULL
ORDER BY 1
/* index sorted */
2022-06-01 23:15:56 jdbc[3]: Plan       : plan cost 10,202
2022-06-01 23:15:56 jdbc[3]: 
/*SQL t:22*/ALTER TABLE public.objeto ADD CONSTRAINT FK_objeto_id_tipo_objeto FOREIGN KEY (id_tipo_objeto) REFERENCES public.tipo_objeto (id_tipo_objeto);
2022-06-01 23:15:56 lock: 3 exclusive write lock unlock SYS 
2022-06-01 23:15:56 lock: 3 exclusive write lock unlock OBJETO 
2022-06-01 23:15:56 jdbc[3]: 
/**/prep15.close();
2022-06-01 23:15:56 jdbc[3]: 
/**/conn0.setClientInfo(properties);
2022-06-01 23:15:56 jdbc[3]: 
/**/conn0.getClientInfo();
2022-06-01 23:15:56 jdbc[3]: 
/**/PreparedStatement prep16 = conn0.prepareStatement("ALTER TABLE public.objeto_estado ADD CONSTRAINT FK_objeto_estado_id_objeto FOREIGN KEY (id_objeto) REFERENCES public.objeto (id_objeto)", 1003, 1007);
2022-06-01 23:15:56 jdbc[3]: 
/**/prep16.executeUpdate();
2022-06-01 23:15:56 lock: 3 exclusive write lock requesting for SYS 
2022-06-01 23:15:56 lock: 3 exclusive write lock added for SYS 
2022-06-01 23:15:56 lock: 3 exclusive write lock requesting for OBJETO_ESTADO 
2022-06-01 23:15:56 lock: 3 exclusive write lock added for OBJETO_ESTADO 
2022-06-01 23:15:56 jdbc[3]: Plan       : calculate cost for plan [P]
2022-06-01 23:15:56 jdbc[3]: Plan       :   for table filter P
2022-06-01 23:15:56 jdbc[3]: Table      :     potential plan item cost 10,200 index PUBLIC.OBJETO.tableScan
2022-06-01 23:15:56 jdbc[3]: Table      :     potential plan item cost 230 index PUBLIC.PRIMARY_KEY_8
2022-06-01 23:15:56 jdbc[3]: Table      :     potential plan item cost 20,220 index PUBLIC.FK_OBJETO_ID_TIPO_OBJETO_INDEX_8
2022-06-01 23:15:56 jdbc[3]: Plan       :   best plan item cost 227.7 index PUBLIC.PRIMARY_KEY_8
2022-06-01 23:15:56 jdbc[3]: Plan       : plan cost 228.7
2022-06-01 23:15:56 jdbc[3]: Plan       : calculate cost for plan [C]
2022-06-01 23:15:56 jdbc[3]: Plan       :   for table filter C
2022-06-01 23:15:56 jdbc[3]: Plan       : calculate cost for plan [PUBLIC.OBJETO_ESTADO]
2022-06-01 23:15:56 jdbc[3]: Plan       :   for table filter PUBLIC.OBJETO_ESTADO
2022-06-01 23:15:56 jdbc[3]: Table      :     potential plan item cost 10,200 index PUBLIC.OBJETO_ESTADO.tableScan
2022-06-01 23:15:56 jdbc[3]: Table      :     potential plan item cost 12,210 index PUBLIC.PRIMARY_KEY_4
2022-06-01 23:15:56 jdbc[3]: Table      :     potential plan item cost 11,010 index PUBLIC.FK_OBJETO_ESTADO_ID_OBJETO_INDEX_4
2022-06-01 23:15:56 jdbc[3]: Plan       :   best plan item cost 10,200 index PUBLIC.OBJETO_ESTADO.tableScan
2022-06-01 23:15:56 jdbc[3]: Plan       : plan cost 10,201
2022-06-01 23:15:56 jdbc[3]: Plan       : calculate cost for plan [PUBLIC.OBJETO_ESTADO]
2022-06-01 23:15:56 jdbc[3]: Plan       :   for table filter PUBLIC.OBJETO_ESTADO
2022-06-01 23:15:56 jdbc[3]: Table      :     potential plan item cost 10,200 index PUBLIC.OBJETO_ESTADO.tableScan
2022-06-01 23:15:56 jdbc[3]: Table      :     potential plan item cost 12,210 index PUBLIC.PRIMARY_KEY_4
2022-06-01 23:15:56 jdbc[3]: Table      :     potential plan item cost 11,010 index PUBLIC.FK_OBJETO_ESTADO_ID_OBJETO_INDEX_4
2022-06-01 23:15:56 jdbc[3]: Plan       :   best plan item cost 10,200 index PUBLIC.OBJETO_ESTADO.tableScan
2022-06-01 23:15:56 jdbc[3]: Plan       : plan cost 10,201
2022-06-01 23:15:56 jdbc[3]: Plan       : calculate cost for plan [PUBLIC.OBJETO_ESTADO]
2022-06-01 23:15:56 jdbc[3]: Plan       :   for table filter PUBLIC.OBJETO_ESTADO
2022-06-01 23:15:56 jdbc[3]: Table      :     potential plan item cost 10,200 index PUBLIC.OBJETO_ESTADO.tableScan
2022-06-01 23:15:56 jdbc[3]: Table      :     potential plan item cost 12,210 index PUBLIC.PRIMARY_KEY_4
2022-06-01 23:15:56 jdbc[3]: Table      :     potential plan item cost 12,020 index PUBLIC.FK_OBJETO_ESTADO_ID_OBJETO_INDEX_4
2022-06-01 23:15:56 jdbc[3]: Plan       :   best plan item cost 10,200 index PUBLIC.OBJETO_ESTADO.tableScan
2022-06-01 23:15:56 jdbc[3]: Plan       : plan cost 10,201
2022-06-01 23:15:56 jdbc[3]: Plan       :   best plan item cost 10,201 index SELECT
    ID_OBJETO
FROM PUBLIC.OBJETO_ESTADO
    /* PUBLIC.FK_OBJETO_ESTADO_ID_OBJETO_INDEX_4 */
WHERE ID_OBJETO IS NOT NULL
ORDER BY 1
/* index sorted */
2022-06-01 23:15:56 jdbc[3]: Plan       : plan cost 10,202
2022-06-01 23:15:56 jdbc[3]: 
/*SQL t:5*/ALTER TABLE public.objeto_estado ADD CONSTRAINT FK_objeto_estado_id_objeto FOREIGN KEY (id_objeto) REFERENCES public.objeto (id_objeto);
2022-06-01 23:15:56 lock: 3 exclusive write lock unlock SYS 
2022-06-01 23:15:56 lock: 3 exclusive write lock unlock OBJETO_ESTADO 
2022-06-01 23:15:56 jdbc[3]: 
/**/prep16.close();
2022-06-01 23:15:56 jdbc[3]: 
/**/conn0.setClientInfo(properties);
2022-06-01 23:15:56 jdbc[3]: 
/**/conn0.getClientInfo();
2022-06-01 23:15:56 jdbc[3]: 
/**/PreparedStatement prep17 = conn0.prepareStatement("ALTER TABLE public.objeto_estado ADD CONSTRAINT FK_objeto_estado_id_estado FOREIGN KEY (id_estado) REFERENCES public.estado (id_estado)", 1003, 1007);
2022-06-01 23:15:56 jdbc[3]: 
/**/prep17.executeUpdate();
2022-06-01 23:15:56 lock: 3 exclusive write lock requesting for SYS 
2022-06-01 23:15:56 lock: 3 exclusive write lock added for SYS 
2022-06-01 23:15:56 lock: 3 exclusive write lock requesting for OBJETO_ESTADO 
2022-06-01 23:15:56 lock: 3 exclusive write lock added for OBJETO_ESTADO 
2022-06-01 23:15:56 jdbc[3]: Plan       : calculate cost for plan [P]
2022-06-01 23:15:56 jdbc[3]: Plan       :   for table filter P
2022-06-01 23:15:56 jdbc[3]: Table      :     potential plan item cost 10,200 index PUBLIC.ESTADO.tableScan
2022-06-01 23:15:56 jdbc[3]: Table      :     potential plan item cost 230 index PUBLIC.PRIMARY_KEY_7
2022-06-01 23:15:56 jdbc[3]: Plan       :   best plan item cost 227.7 index PUBLIC.PRIMARY_KEY_7
2022-06-01 23:15:56 jdbc[3]: Plan       : plan cost 228.7
2022-06-01 23:15:56 jdbc[3]: Plan       : calculate cost for plan [C]
2022-06-01 23:15:56 jdbc[3]: Plan       :   for table filter C
2022-06-01 23:15:56 jdbc[3]: Plan       : calculate cost for plan [PUBLIC.OBJETO_ESTADO]
2022-06-01 23:15:56 jdbc[3]: Plan       :   for table filter PUBLIC.OBJETO_ESTADO
2022-06-01 23:15:56 jdbc[3]: Table      :     potential plan item cost 10,200 index PUBLIC.OBJETO_ESTADO.tableScan
2022-06-01 23:15:56 jdbc[3]: Table      :     potential plan item cost 12,210 index PUBLIC.PRIMARY_KEY_4
2022-06-01 23:15:56 jdbc[3]: Table      :     potential plan item cost 22,220 index PUBLIC.FK_OBJETO_ESTADO_ID_OBJETO_INDEX_4
2022-06-01 23:15:56 jdbc[3]: Table      :     potential plan item cost 11,010 index PUBLIC.FK_OBJETO_ESTADO_ID_ESTADO_INDEX_4
2022-06-01 23:15:56 jdbc[3]: Plan       :   best plan item cost 10,200 index PUBLIC.OBJETO_ESTADO.tableScan
2022-06-01 23:15:56 jdbc[3]: Plan       : plan cost 10,201
2022-06-01 23:15:56 jdbc[3]: Plan       : calculate cost for plan [PUBLIC.OBJETO_ESTADO]
2022-06-01 23:15:56 jdbc[3]: Plan       :   for table filter PUBLIC.OBJETO_ESTADO
2022-06-01 23:15:56 jdbc[3]: Table      :     potential plan item cost 10,200 index PUBLIC.OBJETO_ESTADO.tableScan
2022-06-01 23:15:56 jdbc[3]: Table      :     potential plan item cost 12,210 index PUBLIC.PRIMARY_KEY_4
2022-06-01 23:15:56 jdbc[3]: Table      :     potential plan item cost 22,220 index PUBLIC.FK_OBJETO_ESTADO_ID_OBJETO_INDEX_4
2022-06-01 23:15:56 jdbc[3]: Table      :     potential plan item cost 11,010 index PUBLIC.FK_OBJETO_ESTADO_ID_ESTADO_INDEX_4
2022-06-01 23:15:56 jdbc[3]: Plan       :   best plan item cost 10,200 index PUBLIC.OBJETO_ESTADO.tableScan
2022-06-01 23:15:56 jdbc[3]: Plan       : plan cost 10,201
2022-06-01 23:15:56 jdbc[3]: Plan       : calculate cost for plan [PUBLIC.OBJETO_ESTADO]
2022-06-01 23:15:56 jdbc[3]: Plan       :   for table filter PUBLIC.OBJETO_ESTADO
2022-06-01 23:15:56 jdbc[3]: Table      :     potential plan item cost 10,200 index PUBLIC.OBJETO_ESTADO.tableScan
2022-06-01 23:15:56 jdbc[3]: Table      :     potential plan item cost 12,210 index PUBLIC.PRIMARY_KEY_4
2022-06-01 23:15:56 jdbc[3]: Table      :     potential plan item cost 22,220 index PUBLIC.FK_OBJETO_ESTADO_ID_OBJETO_INDEX_4
2022-06-01 23:15:56 jdbc[3]: Table      :     potential plan item cost 12,020 index PUBLIC.FK_OBJETO_ESTADO_ID_ESTADO_INDEX_4
2022-06-01 23:15:56 jdbc[3]: Plan       :   best plan item cost 10,200 index PUBLIC.OBJETO_ESTADO.tableScan
2022-06-01 23:15:56 jdbc[3]: Plan       : plan cost 10,201
2022-06-01 23:15:56 jdbc[3]: Plan       :   best plan item cost 10,201 index SELECT
    ID_ESTADO
FROM PUBLIC.OBJETO_ESTADO
    /* PUBLIC.FK_OBJETO_ESTADO_ID_ESTADO_INDEX_4 */
WHERE ID_ESTADO IS NOT NULL
ORDER BY 1
/* index sorted */
2022-06-01 23:15:56 jdbc[3]: Plan       : plan cost 10,202
2022-06-01 23:15:56 jdbc[3]: 
/*SQL t:6*/ALTER TABLE public.objeto_estado ADD CONSTRAINT FK_objeto_estado_id_estado FOREIGN KEY (id_estado) REFERENCES public.estado (id_estado);
2022-06-01 23:15:56 lock: 3 exclusive write lock unlock SYS 
2022-06-01 23:15:56 lock: 3 exclusive write lock unlock OBJETO_ESTADO 
2022-06-01 23:15:56 jdbc[3]: 
/**/prep17.close();
2022-06-01 23:15:56 jdbc[3]: 
/**/conn0.setClientInfo(properties);
2022-06-01 23:15:56 jdbc[3]: 
/**/conn0.getClientInfo();
2022-06-01 23:15:56 jdbc[3]: 
/**/PreparedStatement prep18 = conn0.prepareStatement("INSERT INTO estado (nombre, fecha_creacion) VALUES('Insertado desde datos.sql','2022-05-01');", 1003, 1007);
2022-06-01 23:15:56 jdbc[3]: 
/**/prep18.executeUpdate();
2022-06-01 23:15:56 lock: 1 exclusive write lock requesting for SYS 
2022-06-01 23:15:56 lock: 1 exclusive write lock added for SYS 
2022-06-01 23:15:56 lock: 1 exclusive write lock unlock SYS 
2022-06-01 23:15:56 lock: 3 shared read lock requesting for ESTADO 
2022-06-01 23:15:56 lock: 3 shared read lock ok ESTADO 
2022-06-01 23:15:56 jdbc[3]: 
/*SQL #:1 t:4*/INSERT INTO estado (nombre, fecha_creacion) VALUES('Insertado desde datos.sql','2022-05-01');
2022-06-01 23:15:56 lock: 3 shared read lock unlock ESTADO 
2022-06-01 23:15:56 jdbc[3]: 
/**/prep18.close();
2022-06-01 23:15:56 jdbc[3]: 
/**/conn0.setClientInfo(properties);
2022-06-01 23:15:56 jdbc[3]: 
/**/conn0.getClientInfo();
2022-06-01 23:15:56 jdbc[3]: 
/**/PreparedStatement prep19 = conn0.prepareStatement("INSERT INTO estado (nombre, fecha_creacion) VALUES('Insertado desde datos.sql','2022-05-02');", 1003, 1007);
2022-06-01 23:15:56 jdbc[3]: 
/**/prep19.executeUpdate();
2022-06-01 23:15:56 lock: 3 shared read lock requesting for ESTADO 
2022-06-01 23:15:56 lock: 3 shared read lock ok ESTADO 
2022-06-01 23:15:56 jdbc[3]: 
/*SQL #:1*/INSERT INTO estado (nombre, fecha_creacion) VALUES('Insertado desde datos.sql','2022-05-02');
2022-06-01 23:15:56 lock: 3 shared read lock unlock ESTADO 
2022-06-01 23:15:56 jdbc[3]: 
/**/prep19.close();
2022-06-01 23:15:56 jdbc[3]: 
/**/conn0.setClientInfo(properties);
2022-06-01 23:15:56 jdbc[3]: 
/**/conn0.getClientInfo();
2022-06-01 23:15:56 jdbc[3]: 
/**/PreparedStatement prep20 = conn0.prepareStatement("INSERT INTO estado (nombre, fecha_creacion) VALUES('Insertado desde datos.sql','2022-05-03');", 1003, 1007);
2022-06-01 23:15:56 jdbc[3]: 
/**/prep20.executeUpdate();
2022-06-01 23:15:56 lock: 3 shared read lock requesting for ESTADO 
2022-06-01 23:15:56 lock: 3 shared read lock ok ESTADO 
2022-06-01 23:15:56 jdbc[3]: 
/*SQL #:1*/INSERT INTO estado (nombre, fecha_creacion) VALUES('Insertado desde datos.sql','2022-05-03');
2022-06-01 23:15:56 lock: 3 shared read lock unlock ESTADO 
2022-06-01 23:15:56 jdbc[3]: 
/**/prep20.close();
2022-06-01 23:15:56 jdbc[3]: 
/**/conn0.setClientInfo(properties);
2022-06-01 23:15:56 jdbc[3]: 
/**/conn0.getClientInfo();
2022-06-01 23:15:56 jdbc[3]: 
/**/PreparedStatement prep21 = conn0.prepareStatement("INSERT INTO objeto (longitud, latitud,nombre) VALUES('1.3845285035','5.3456798788','Insertado desde datos.sql');", 1003, 1007);
2022-06-01 23:15:56 jdbc[3]: 
/**/prep21.executeUpdate();
2022-06-01 23:15:56 lock: 1 exclusive write lock requesting for SYS 
2022-06-01 23:15:56 lock: 1 exclusive write lock added for SYS 
2022-06-01 23:15:56 lock: 1 exclusive write lock unlock SYS 
2022-06-01 23:15:56 lock: 3 shared read lock requesting for OBJETO 
2022-06-01 23:15:56 lock: 3 shared read lock ok OBJETO 
2022-06-01 23:15:56 jdbc[3]: 
/*SQL #:1 t:1*/INSERT INTO objeto (longitud, latitud,nombre) VALUES('1.3845285035','5.3456798788','Insertado desde datos.sql');
2022-06-01 23:15:56 lock: 3 shared read lock unlock OBJETO 
2022-06-01 23:15:56 jdbc[3]: 
/**/prep21.close();
2022-06-01 23:15:56 jdbc[3]: 
/**/conn0.setClientInfo(properties);
2022-06-01 23:15:56 jdbc[3]: 
/**/conn0.getClientInfo();
2022-06-01 23:15:56 jdbc[3]: 
/**/PreparedStatement prep22 = conn0.prepareStatement("INSERT INTO objeto (longitud, latitud,nombre) VALUES('2.5392273491','3.5559444444','Insertado desde datos.sql');", 1003, 1007);
2022-06-01 23:15:56 jdbc[3]: 
/**/prep22.executeUpdate();
2022-06-01 23:15:56 lock: 3 shared read lock requesting for OBJETO 
2022-06-01 23:15:56 lock: 3 shared read lock ok OBJETO 
2022-06-01 23:15:56 jdbc[3]: 
/*SQL #:1*/INSERT INTO objeto (longitud, latitud,nombre) VALUES('2.5392273491','3.5559444444','Insertado desde datos.sql');
2022-06-01 23:15:56 lock: 3 shared read lock unlock OBJETO 
2022-06-01 23:15:56 jdbc[3]: 
/**/prep22.close();
2022-06-01 23:15:56 jdbc[3]: 
/**/conn0.setClientInfo(properties);
2022-06-01 23:15:56 jdbc[3]: 
/**/conn0.getClientInfo();
2022-06-01 23:15:56 jdbc[3]: 
/**/PreparedStatement prep23 = conn0.prepareStatement("INSERT INTO objeto (longitud, latitud,nombre) VALUES('3.1234987654','1.0873023588','Insertado desde datos.sql');", 1003, 1007);
2022-06-01 23:15:56 jdbc[3]: 
/**/prep23.executeUpdate();
2022-06-01 23:15:56 lock: 3 shared read lock requesting for OBJETO 
2022-06-01 23:15:56 lock: 3 shared read lock ok OBJETO 
2022-06-01 23:15:56 jdbc[3]: 
/*SQL #:1*/INSERT INTO objeto (longitud, latitud,nombre) VALUES('3.1234987654','1.0873023588','Insertado desde datos.sql');
2022-06-01 23:15:56 lock: 3 shared read lock unlock OBJETO 
2022-06-01 23:15:56 jdbc[3]: 
/**/prep23.close();
2022-06-01 23:15:56 jdbc[3]: 
/**/conn0.setClientInfo(properties);
2022-06-01 23:15:56 jdbc[3]: 
/**/conn0.getClientInfo();
2022-06-01 23:15:56 jdbc[3]: 
/**/PreparedStatement prep24 = conn0.prepareStatement("INSERT INTO objeto_estado(actual,fecha_alcanzado) VALUES(true,'2022-05-02');", 1003, 1007);
2022-06-01 23:15:56 jdbc[3]: 
/**/prep24.executeUpdate();
2022-06-01 23:15:56 lock: 1 exclusive write lock requesting for SYS 
2022-06-01 23:15:56 lock: 1 exclusive write lock added for SYS 
2022-06-01 23:15:56 lock: 1 exclusive write lock unlock SYS 
2022-06-01 23:15:56 lock: 3 shared read lock requesting for OBJETO_ESTADO 
2022-06-01 23:15:56 lock: 3 shared read lock ok OBJETO_ESTADO 
2022-06-01 23:15:56 jdbc[3]: 
/*SQL #:1 t:1*/INSERT INTO objeto_estado(actual,fecha_alcanzado) VALUES(true,'2022-05-02');
2022-06-01 23:15:56 lock: 3 shared read lock unlock OBJETO_ESTADO 
2022-06-01 23:15:56 jdbc[3]: 
/**/prep24.close();
2022-06-01 23:15:56 jdbc[3]: 
/**/conn0.setClientInfo(properties);
2022-06-01 23:15:56 jdbc[3]: 
/**/conn0.getClientInfo();
2022-06-01 23:15:56 jdbc[3]: 
/**/PreparedStatement prep25 = conn0.prepareStatement("INSERT INTO objeto_estado(actual,fecha_alcanzado) VALUES(false,'2022-05-02');", 1003, 1007);
2022-06-01 23:15:56 jdbc[3]: 
/**/prep25.executeUpdate();
2022-06-01 23:15:56 lock: 3 shared read lock requesting for OBJETO_ESTADO 
2022-06-01 23:15:56 lock: 3 shared read lock ok OBJETO_ESTADO 
2022-06-01 23:15:56 jdbc[3]: 
/*SQL #:1*/INSERT INTO objeto_estado(actual,fecha_alcanzado) VALUES(false,'2022-05-02');
2022-06-01 23:15:56 lock: 3 shared read lock unlock OBJETO_ESTADO 
2022-06-01 23:15:56 jdbc[3]: 
/**/prep25.close();
2022-06-01 23:15:56 jdbc[3]: 
/**/conn0.setClientInfo(properties);
2022-06-01 23:15:56 jdbc[3]: 
/**/conn0.getClientInfo();
2022-06-01 23:15:56 jdbc[3]: 
/**/PreparedStatement prep26 = conn0.prepareStatement("INSERT INTO objeto_estado(actual,fecha_alcanzado) VALUES(true,'2022-05-02');", 1003, 1007);
2022-06-01 23:15:56 jdbc[3]: 
/**/prep26.executeUpdate();
2022-06-01 23:15:56 lock: 3 shared read lock requesting for OBJETO_ESTADO 
2022-06-01 23:15:56 lock: 3 shared read lock ok OBJETO_ESTADO 
2022-06-01 23:15:56 jdbc[3]: 
/*SQL #:1*/INSERT INTO objeto_estado(actual,fecha_alcanzado) VALUES(true,'2022-05-02');
2022-06-01 23:15:56 lock: 3 shared read lock unlock OBJETO_ESTADO 
2022-06-01 23:15:56 jdbc[3]: 
/**/prep26.close();
2022-06-01 23:15:56 jdbc[3]: 
/**/conn0.setClientInfo(properties);
2022-06-01 23:15:56 jdbc[3]: 
/**/conn0.getClientInfo();
2022-06-01 23:15:56 jdbc[3]: 
/**/PreparedStatement prep27 = conn0.prepareStatement("INSERT INTO ruta(nombre,fecha_creacion) VALUES('Insertado desde datos.sql','2022-05-03');", 1003, 1007);
2022-06-01 23:15:56 jdbc[3]: 
/**/prep27.executeUpdate();
2022-06-01 23:15:56 lock: 1 exclusive write lock requesting for SYS 
2022-06-01 23:15:56 lock: 1 exclusive write lock added for SYS 
2022-06-01 23:15:56 lock: 1 exclusive write lock unlock SYS 
2022-06-01 23:15:56 lock: 3 shared read lock requesting for RUTA 
2022-06-01 23:15:56 lock: 3 shared read lock ok RUTA 
2022-06-01 23:15:56 jdbc[3]: 
/*SQL #:1*/INSERT INTO ruta(nombre,fecha_creacion) VALUES('Insertado desde datos.sql','2022-05-03');
2022-06-01 23:15:56 lock: 3 shared read lock unlock RUTA 
2022-06-01 23:15:56 jdbc[3]: 
/**/prep27.close();
2022-06-01 23:15:56 jdbc[3]: 
/**/conn0.setClientInfo(properties);
2022-06-01 23:15:56 jdbc[3]: 
/**/conn0.getClientInfo();
2022-06-01 23:15:56 jdbc[3]: 
/**/PreparedStatement prep28 = conn0.prepareStatement("INSERT INTO ruta(nombre,fecha_creacion) VALUES('Insertado desde datos.sql','2022-05-03');", 1003, 1007);
2022-06-01 23:15:56 jdbc[3]: 
/**/prep28.executeUpdate();
2022-06-01 23:15:56 lock: 3 shared read lock requesting for RUTA 
2022-06-01 23:15:56 lock: 3 shared read lock ok RUTA 
2022-06-01 23:15:56 jdbc[3]: 
/*SQL #:1*/INSERT INTO ruta(nombre,fecha_creacion) VALUES('Insertado desde datos.sql','2022-05-03');
2022-06-01 23:15:56 lock: 3 shared read lock unlock RUTA 
2022-06-01 23:15:56 jdbc[3]: 
/**/prep28.close();
2022-06-01 23:15:56 jdbc[3]: 
/**/conn0.setClientInfo(properties);
2022-06-01 23:15:56 jdbc[3]: 
/**/conn0.getClientInfo();
2022-06-01 23:15:56 jdbc[3]: 
/**/PreparedStatement prep29 = conn0.prepareStatement("INSERT INTO ruta(nombre,fecha_creacion) VALUES('Insertado desde datos.sql','2022-05-03');", 1003, 1007);
2022-06-01 23:15:56 jdbc[3]: 
/**/prep29.executeUpdate();
2022-06-01 23:15:56 lock: 3 shared read lock requesting for RUTA 
2022-06-01 23:15:56 lock: 3 shared read lock ok RUTA 
2022-06-01 23:15:56 jdbc[3]: 
/*SQL #:1*/INSERT INTO ruta(nombre,fecha_creacion) VALUES('Insertado desde datos.sql','2022-05-03');
2022-06-01 23:15:56 lock: 3 shared read lock unlock RUTA 
2022-06-01 23:15:56 jdbc[3]: 
/**/prep29.close();
2022-06-01 23:15:56 jdbc[3]: 
/**/conn0.setClientInfo(properties);
2022-06-01 23:15:56 jdbc[3]: 
/**/conn0.getClientInfo();
2022-06-01 23:15:56 jdbc[3]: 
/**/PreparedStatement prep30 = conn0.prepareStatement("INSERT INTO tipo_objeto (activo,fecha_creacion) VALUES (true,'2022-3-21');", 1003, 1007);
2022-06-01 23:15:56 jdbc[3]: 
/**/prep30.executeUpdate();
2022-06-01 23:15:56 lock: 1 exclusive write lock requesting for SYS 
2022-06-01 23:15:56 lock: 1 exclusive write lock added for SYS 
2022-06-01 23:15:56 lock: 1 exclusive write lock unlock SYS 
2022-06-01 23:15:56 lock: 3 shared read lock requesting for TIPO_OBJETO 
2022-06-01 23:15:56 lock: 3 shared read lock ok TIPO_OBJETO 
2022-06-01 23:15:56 jdbc[3]: 
/*SQL #:1 t:1*/INSERT INTO tipo_objeto (activo,fecha_creacion) VALUES (true,'2022-3-21');
2022-06-01 23:15:56 lock: 3 shared read lock unlock TIPO_OBJETO 
2022-06-01 23:15:56 jdbc[3]: 
/**/prep30.close();
2022-06-01 23:15:56 jdbc[3]: 
/**/conn0.setClientInfo(properties);
2022-06-01 23:15:56 jdbc[3]: 
/**/conn0.getClientInfo();
2022-06-01 23:15:56 jdbc[3]: 
/**/PreparedStatement prep31 = conn0.prepareStatement("INSERT INTO tipo_objeto (activo,fecha_creacion) VALUES (true,'2022-3-22');", 1003, 1007);
2022-06-01 23:15:56 jdbc[3]: 
/**/prep31.executeUpdate();
2022-06-01 23:15:56 lock: 3 shared read lock requesting for TIPO_OBJETO 
2022-06-01 23:15:56 lock: 3 shared read lock ok TIPO_OBJETO 
2022-06-01 23:15:56 jdbc[3]: 
/*SQL #:1*/INSERT INTO tipo_objeto (activo,fecha_creacion) VALUES (true,'2022-3-22');
2022-06-01 23:15:56 lock: 3 shared read lock unlock TIPO_OBJETO 
2022-06-01 23:15:56 jdbc[3]: 
/**/prep31.close();
2022-06-01 23:15:56 jdbc[3]: 
/**/conn0.setClientInfo(properties);
2022-06-01 23:15:56 jdbc[3]: 
/**/conn0.getClientInfo();
2022-06-01 23:15:56 jdbc[3]: 
/**/PreparedStatement prep32 = conn0.prepareStatement("INSERT INTO tipo_objeto (activo,fecha_creacion) VALUES (true,'2022-3-23');", 1003, 1007);
2022-06-01 23:15:56 jdbc[3]: 
/**/prep32.executeUpdate();
2022-06-01 23:15:56 lock: 3 shared read lock requesting for TIPO_OBJETO 
2022-06-01 23:15:56 lock: 3 shared read lock ok TIPO_OBJETO 
2022-06-01 23:15:56 jdbc[3]: 
/*SQL #:1*/INSERT INTO tipo_objeto (activo,fecha_creacion) VALUES (true,'2022-3-23');
2022-06-01 23:15:56 lock: 3 shared read lock unlock TIPO_OBJETO 
2022-06-01 23:15:56 jdbc[3]: 
/**/prep32.close();
2022-06-01 23:15:56 jdbc[3]: 
/**/conn0.setClientInfo(properties);
Crear
2022-06-01 23:15:58 jdbc[3]: 
/**/conn0.getClientInfo();
2022-06-01 23:15:58 jdbc[3]: 
/**/conn0.setAutoCommit(false);
2022-06-01 23:15:58 jdbc[3]: 
/**/PreparedStatement prep33 = conn0.prepareStatement("INSERT INTO public.tipo_objeto (activo, fecha_creacion) VALUES (?, ?)", 1003, 1007);
2022-06-01 23:15:58 jdbc[3]: 
/**/prep33.setNull(1, -7);
2022-06-01 23:15:58 jdbc[3]: 
/**/prep33.setNull(2, 91);
2022-06-01 23:15:58 jdbc[3]: 
/**/prep33.executeUpdate();
2022-06-01 23:15:58 lock: 3 shared read lock requesting for TIPO_OBJETO 
2022-06-01 23:15:58 lock: 3 shared read lock ok TIPO_OBJETO 
2022-06-01 23:15:58 jdbc[3]: 
/*SQL l:69 #:1 t:1*/INSERT INTO public.tipo_objeto (activo, fecha_creacion) VALUES (?, ?) {1: NULL, 2: NULL};
2022-06-01 23:15:58 jdbc[3]: 
/**/prep33.close();
2022-06-01 23:15:58 jdbc[3]: 
/**/PreparedStatement prep34 = conn0.prepareStatement("CALL IDENTITY()", 1003, 1007);
2022-06-01 23:15:58 jdbc[3]: 
/**/ResultSet rs6 = prep34.executeQuery();
2022-06-01 23:15:58 jdbc[3]: 
/*SQL #:1*/CALL IDENTITY();
2022-06-01 23:15:58 jdbc[3]: 
/**/ResultSetMetaData rsMeta0 = rs6.getMetaData();
2022-06-01 23:15:58 jdbc[3]: 
/**/conn0.getCatalog();
2022-06-01 23:15:58 jdbc[3]: 
/*SQL #:1*/CALL DATABASE();
2022-06-01 23:15:58 jdbc[3]: 
/**/rsMeta0.getColumnCount();
2022-06-01 23:15:58 jdbc[3]: 
/**/rsMeta0.getColumnCount();
2022-06-01 23:15:58 jdbc[3]: 
/**/rsMeta0.getColumnLabel(1);
2022-06-01 23:15:58 jdbc[3]: 
/**/rsMeta0.getColumnCount();
2022-06-01 23:15:58 jdbc[3]: 
/**/ResultSetMetaData rsMeta1 = rs6.getMetaData();
2022-06-01 23:15:58 jdbc[3]: 
/**/conn0.getCatalog();
2022-06-01 23:15:58 jdbc[3]: 
/**/rsMeta1.getColumnCount();
2022-06-01 23:15:58 jdbc[3]: 
/**/rs6.next();
2022-06-01 23:15:58 jdbc[3]: 
/**/rsMeta1.getColumnType(1);
2022-06-01 23:15:58 jdbc[3]: 
/**/rs6.getObject(1);
2022-06-01 23:15:58 jdbc[3]: 
/**/rs6.next();
2022-06-01 23:15:58 jdbc[3]: 
/**/rs6.close();
2022-06-01 23:15:58 jdbc[3]: 
/**/prep34.close();
2022-06-01 23:15:58 jdbc[3]: 
/**/conn0.setClientInfo(properties);
2022-06-01 23:15:58 jdbc[3]: 
/**/conn0.commit();
2022-06-01 23:15:58 lock: 3 shared read lock unlock TIPO_OBJETO 
2022-06-01 23:15:58 jdbc[3]: 
/*SQL */COMMIT;
2022-06-01 23:15:58 jdbc[3]: 
/**/conn0.setAutoCommit(true);
2022-06-01 23:15:58 jdbc[3]: 
/**/conn0.commit();
2022-06-01 23:15:58 jdbc[3]: 
/*SQL */COMMIT;
2022-06-01 23:15:58 jdbc[3]: 
/**/conn0.getClientInfo();
2022-06-01 23:15:58 jdbc[3]: 
/**/PreparedStatement prep35 = conn0.prepareStatement("SELECT id_tipo_objeto, activo, fecha_creacion FROM public.tipo_objeto WHERE (id_tipo_objeto = ?)", 1003, 1007);
2022-06-01 23:15:58 jdbc[3]: Plan       : calculate cost for plan [PUBLIC.TIPO_OBJETO]
2022-06-01 23:15:58 jdbc[3]: Plan       :   for table filter PUBLIC.TIPO_OBJETO
2022-06-01 23:15:58 jdbc[3]: Table      :     potential plan item cost 10,240 index PUBLIC.TIPO_OBJETO.tableScan
2022-06-01 23:15:58 jdbc[3]: Table      :     potential plan item cost 230 index PUBLIC.PRIMARY_KEY_1
2022-06-01 23:15:58 jdbc[3]: Plan       :   best plan item cost 227.7 index PUBLIC.PRIMARY_KEY_1
2022-06-01 23:15:58 jdbc[3]: Plan       : plan cost 228.7
2022-06-01 23:15:58 jdbc[3]: 
/**/prep35.setInt(1, 5);
2022-06-01 23:15:58 jdbc[3]: 
/**/ResultSet rs7 = prep35.executeQuery();
2022-06-01 23:15:58 jdbc[3]: 
/*SQL l:96*/SELECT id_tipo_objeto, activo, fecha_creacion FROM public.tipo_objeto WHERE (id_tipo_objeto = ?) {1: 5};
2022-06-01 23:15:58 jdbc[3]: 
/**/ResultSetMetaData rsMeta2 = rs7.getMetaData();
2022-06-01 23:15:58 jdbc[3]: 
/**/conn0.getCatalog();
2022-06-01 23:15:58 jdbc[3]: 
/**/rsMeta2.getColumnCount();
2022-06-01 23:15:58 jdbc[3]: 
/**/rs7.next();
2022-06-01 23:15:58 jdbc[3]: 
/**/rs7.close();
2022-06-01 23:15:58 jdbc[3]: 
/**/prep35.close();
2022-06-01 23:15:58 jdbc[3]: 
/**/conn0.setClientInfo(properties);
2022-06-01 23:16:00 jdbc[3]: 
/**/conn0.getClientInfo();
2022-06-01 23:16:00 jdbc[3]: 
/**/PreparedStatement prep36 = conn0.prepareStatement("SELECT COUNT(id_tipo_objeto) FROM public.tipo_objeto", 1003, 1007);
2022-06-01 23:16:00 jdbc[3]: Plan       : calculate cost for plan [PUBLIC.TIPO_OBJETO]
2022-06-01 23:16:00 jdbc[3]: Plan       :   for table filter PUBLIC.TIPO_OBJETO
2022-06-01 23:16:00 jdbc[3]: Table      :     potential plan item cost 10,240 index PUBLIC.TIPO_OBJETO.tableScan
2022-06-01 23:16:00 jdbc[3]: Table      :     potential plan item cost 10,250 index PUBLIC.PRIMARY_KEY_1
2022-06-01 23:16:00 jdbc[3]: Plan       :   best plan item cost 10,240 index PUBLIC.TIPO_OBJETO.tableScan
2022-06-01 23:16:00 jdbc[3]: Plan       : plan cost 10,241
2022-06-01 23:16:00 jdbc[3]: 
/**/ResultSet rs8 = prep36.executeQuery();
2022-06-01 23:16:00 jdbc[3]: 
/*SQL #:1*/SELECT COUNT(id_tipo_objeto) FROM public.tipo_objeto;
2022-06-01 23:16:00 jdbc[3]: 
/**/ResultSetMetaData rsMeta3 = rs8.getMetaData();
2022-06-01 23:16:00 jdbc[3]: 
/**/conn0.getCatalog();
2022-06-01 23:16:00 jdbc[3]: 
/**/rsMeta3.getColumnCount();
2022-06-01 23:16:00 jdbc[3]: 
/**/rs8.next();
2022-06-01 23:16:00 jdbc[3]: 
/**/rsMeta3.getColumnType(1);
2022-06-01 23:16:00 jdbc[3]: 
/**/rs8.getLong(1);
2022-06-01 23:16:00 jdbc[3]: 
/**/rs8.next();
2022-06-01 23:16:00 jdbc[3]: 
/**/rs8.close();
2022-06-01 23:16:00 jdbc[3]: 
/**/prep36.close();
2022-06-01 23:16:00 jdbc[3]: 
/**/conn0.setClientInfo(properties);
Total: 4
]]></system-out>
    <system-err><![CDATA[jun. 01, 2022 11:15:43 P. M. com.sun.enterprise.v3.server.CommonClassLoaderServiceImpl findH2Client
INFORMACIÓN: Cannot find h2db client jar file, h2 jdbc driver will not be available by default.
jun. 01, 2022 11:15:43 P. M. org.hibernate.validator.internal.util.Version <clinit>
INFO: HV000001: Hibernate Validator null
jun. 01, 2022 11:15:45 P. M. com.hazelcast.instance.impl.HazelcastInstanceFactory
ADVERTENCIA: Hazelcast is starting in a Java modular environment (Java 9 and newer) but without proper access to required Java packages. Use additional Java arguments to provide Hazelcast access to Java internal API. The internal API access is used to get the best performance results. Arguments to be used:
 --add-modules java.se --add-exports java.base/jdk.internal.ref=ALL-UNNAMED --add-opens java.base/java.lang=ALL-UNNAMED --add-opens java.base/java.nio=ALL-UNNAMED --add-opens java.base/sun.nio.ch=ALL-UNNAMED --add-opens java.management/sun.management=ALL-UNNAMED --add-opens jdk.management/com.sun.management.internal=ALL-UNNAMED
jun. 01, 2022 11:15:45 P. M. com.hazelcast.instance.AddressPicker
INFORMACIÓN: [LOCAL] [development] [4.2] Using bind address: 0.0.0.0/0.0.0.0:4900
jun. 01, 2022 11:15:45 P. M. com.hazelcast.instance.AddressPicker
INFORMACIÓN: [LOCAL] [development] [4.2] Using public address: /192.168.1.20:4900
jun. 01, 2022 11:15:45 P. M. com.hazelcast.system
INFORMACIÓN: [192.168.1.20]:4900 [development] [4.2] Hazelcast 4.2 (20210324 - 405cfd1) starting at [192.168.1.20]:4900
jun. 01, 2022 11:15:46 P. M. com.hazelcast.instance.impl.Node
INFORMACIÓN: [192.168.1.20]:4900 [development] [4.2] Using Discovery SPI
jun. 01, 2022 11:15:46 P. M. com.hazelcast.internal.diagnostics.Diagnostics
INFORMACIÓN: [192.168.1.20]:4900 [development] [4.2] Diagnostics disabled. To enable add -Dhazelcast.diagnostics.enabled=true to the JVM arguments.
jun. 01, 2022 11:15:46 P. M. com.hazelcast.core.LifecycleService
INFORMACIÓN: [192.168.1.20]:4900 [development] [4.2] [192.168.1.20]:4900 is STARTING
jun. 01, 2022 11:15:47 P. M. com.hazelcast.internal.cluster.impl.DiscoveryJoiner
INFORMACIÓN: [192.168.1.20]:4900 [development] [4.2] [192.168.1.20]:5900 is added to the blacklist.
jun. 01, 2022 11:15:47 P. M. com.hazelcast.internal.cluster.impl.DiscoveryJoiner
INFORMACIÓN: [192.168.1.20]:4900 [development] [4.2] [192.168.1.20]:5900 is added to the blacklist.
jun. 01, 2022 11:15:47 P. M. com.hazelcast.internal.cluster.impl.DiscoveryJoiner
INFORMACIÓN: [192.168.1.20]:4900 [development] [4.2] [192.168.1.20]:5900 is added to the blacklist.
jun. 01, 2022 11:15:47 P. M. com.hazelcast.internal.cluster.impl.DiscoveryJoiner
INFORMACIÓN: [192.168.1.20]:4900 [development] [4.2] [192.168.1.20]:5900 is added to the blacklist.
jun. 01, 2022 11:15:47 P. M. com.hazelcast.internal.cluster.impl.DiscoveryJoiner
INFORMACIÓN: [192.168.1.20]:4900 [development] [4.2] [192.168.1.20]:5900 is added to the blacklist.
jun. 01, 2022 11:15:48 P. M. com.hazelcast.internal.cluster.ClusterService
INFORMACIÓN: [192.168.1.20]:4900 [development] [4.2] 

Members {size:1, ver:1} [
	Member [192.168.1.20]:4900 - e432016b-7c4b-4460-aeea-32ffb33b75fb this
]

jun. 01, 2022 11:15:48 P. M. com.hazelcast.internal.jmx.ManagementService
INFORMACIÓN: [192.168.1.20]:4900 [development] [4.2] Hazelcast JMX agent enabled.
jun. 01, 2022 11:15:48 P. M. com.hazelcast.core.LifecycleService
INFORMACIÓN: [192.168.1.20]:4900 [development] [4.2] [192.168.1.20]:4900 is STARTED
jun. 01, 2022 11:15:48 P. M. com.hazelcast.internal.partition.impl.PartitionStateManager
INFORMACIÓN: [192.168.1.20]:4900 [development] [4.2] Initializing cluster partition table arrangement...
jun. 01, 2022 11:15:48 P. M. fish.payara.nucleus.hazelcast.HazelcastCore bindToJNDI
INFORMACIÓN: Hazelcast Instance Bound to JNDI at payara/Hazelcast
jun. 01, 2022 11:15:48 P. M. fish.payara.nucleus.hazelcast.HazelcastCore bindToJNDI
INFORMACIÓN: JSR107 Caching Provider Bound to JNDI at payara/CachingProvider
jun. 01, 2022 11:15:48 P. M. fish.payara.nucleus.hazelcast.HazelcastCore bindToJNDI
INFORMACIÓN: JSR107 Default Cache Manager Bound to JNDI at payara/CacheManager
jun. 01, 2022 11:15:48 P. M. com.sun.enterprise.v3.services.impl.GrizzlyProxy start0
INFORMACIÓN: Network Listener http-listener started in: 4ms - bound to [/0.0.0.0:8181]
jun. 01, 2022 11:15:48 P. M. com.sun.enterprise.v3.services.impl.GrizzlyProxy start0
INFORMACIÓN: Network Listener https-listener started in: 1ms - bound to [/0.0.0.0:8182]
jun. 01, 2022 11:15:48 P. M. com.sun.enterprise.v3.services.impl.GrizzlyProxy start0
INFORMACIÓN: Network Listener admin-listener started in: 1ms - bound to [/0.0.0.0:4848]
jun. 01, 2022 11:15:48 P. M. com.sun.enterprise.v3.services.impl.GrizzlyService postConstruct
INFORMACIÓN: Grizzly 2.4.4 started in: 3,197ms - bound to [http-listener:8181, https-listener:8182, admin-listener:4848]
jun. 01, 2022 11:15:49 P. M. com.sun.enterprise.v3.services.impl.GrizzlyProxy start0
INFORMACIÓN: Network Listener iiop-service started in: 2ms - bound to [/0.0.0.0:3700]
jun. 01, 2022 11:15:49 P. M. com.sun.enterprise.v3.server.AppServerStartup postStartupJob
INFORMACIÓN: Undefined Product Name - define product and version info in config/branding  0.0.0  (0) startup time : Embedded (2,038ms), startup services(4,742ms), total(6,780ms)
jun. 01, 2022 11:15:49 P. M. fish.payara.nucleus.cluster.PayaraCluster logClusterStatus
INFORMACIÓN: Data Grid Status 
Payara Data Grid State: DG Version: 4 DG Name: development DG Size: 1
Instances: {
 DataGrid: development Name: server Lite: false This: true UUID: e432016b-7c4b-4460-aeea-32ffb33b75fb Address: /192.168.1.20:4900
}
jun. 01, 2022 11:15:49 P. M. fish.payara.nucleus.notification.NotificationService bootstrapNotificationService
INFORMACIÓN: Payara Notification Service bootstrapped.
jun. 01, 2022 11:15:49 P. M. org.glassfish.admin.mbeanserver.JMXStartupService$JMXConnectorsStarterThread startConnector
INFORMACIÓN: JMXStartupService has started JMXConnector on JMXService URL service:jmx:rmi://0.0.0.0:8686/jndi/rmi://0.0.0.0:8686/jmxrmi
jun. 01, 2022 11:15:49 P. M. com.sun.enterprise.connectors.jms.util.JmsRaUtil getInstalledMqVersion
ADVERTENCIA: Check for a new version of MQ installation failed : /tmp/gfembed12724135745135464521tmp/lib/install/applications/jmsra/../imqjmsra.rar:/tmp/gfembed12724135745135464521tmp/lib/install/applications/jmsra/imqjmsra.rar
jun. 01, 2022 11:15:49 P. M. com.sun.enterprise.v3.services.impl.GrizzlyProxy start0
INFORMACIÓN: Network Listener JMS_PROXY_default_JMS_host started in: 1ms - bound to [/0.0.0.0:7676]
jun. 01, 2022 11:15:49 P. M. fish.payara.arquillian.container.payara.embedded.PayaraContainer executeCommand
INFORMACIÓN: command add-resources parameters[Ljava.lang.String;@4e2dae78 result: PlainTextActionReporterSUCCESSDescription: add-resources AdminCommandnull
    JDBC connection pool baches created successfully.
    JDBC resource jdbc/bachesTPI created successfully.

jun. 01, 2022 11:15:51 P. M. org.glassfish.hk2.classmodel.reflect.Parser awaitTermination
INFORMACIÓN: visiting unvisited references
jun. 01, 2022 11:15:52 P. M. org.glassfish.enterprise.iiop.api.GlassFishORBHelper postConstruct
INFORMACIÓN: GlassFishORBFactory service initialized.
jun. 01, 2022 11:15:52 P. M. com.sun.logging.LogDomains getResourceBundle
INFORMACIÓN: Cannot find the resource bundle for the name com.sun.logging.enterprise.system.container.ejb for class com.sun.ejb.containers.EjbAsyncInvocationManager using jdk.internal.loader.ClassLoaders$AppClassLoader@3d4eac69
jun. 01, 2022 11:15:52 P. M. com.sun.logging.LogDomains getResourceBundle
INFORMACIÓN: Cannot find the resource bundle for the name com.sun.logging.enterprise.system.container.ejb for class com.sun.ejb.base.io.EJBObjectOutputStreamHandler using jdk.internal.loader.ClassLoaders$AppClassLoader@3d4eac69
jun. 01, 2022 11:15:52 P. M. com.sun.enterprise.security.ssl.impl.SecuritySupportImpl checkCertificateDates
ADVERTENCIA: The SSL certificate has expired: [
[
  Version: V3
  Subject: CN=GlobalSign, O=GlobalSign, OU=GlobalSign Root CA - R2
  Signature Algorithm: SHA1withRSA, OID = 1.2.840.113549.1.1.5

  Key:  Sun RSA public key, 2048 bits
  params: null
  modulus: 21057703584475184807565557524537816321491861642060041763647257260224980509300477196924243590718942686590709107534863816871998744486217397041943036790668349398596465655712023148303173173625617456109014852791089527884590320201838663822684972532489783525944263241117811947512306928924706019699374824809368116805968844700689553244922646662031817428598871924656385681991340984751484716908148967287908171187321560857250025694833777855463632395686856225456740364321799926634676042609958611723658984406384068047734580405304178873193147583468071249577706812402337331306461396767845742998827081874578148453783909473879293336463
  public exponent: 65537
  Validity: [From: Fri Dec 15 02:00:00 CST 2006,
               To: Wed Dec 15 02:00:00 CST 2021]
  Issuer: CN=GlobalSign, O=GlobalSign, OU=GlobalSign Root CA - R2
  SerialNumber: [    04000000 00010f86 26e60d]

Certificate Extensions: 5
[1]: ObjectId: 2.5.29.35 Criticality=false
AuthorityKeyIdentifier [
KeyIdentifier [
0000: 9B E2 07 57 67 1C 1E C0   6A 06 DE 59 B4 9A 2D DF  ...Wg...j..Y..-.
0010: DC 19 86 2E                                        ....
]
]

[2]: ObjectId: 2.5.29.19 Criticality=true
BasicConstraints:[
  CA:true
  PathLen:2147483647
]

[3]: ObjectId: 2.5.29.31 Criticality=false
CRLDistributionPoints [
  [DistributionPoint:
     [URIName: http://crl.globalsign.net/root-r2.crl]
]]

[4]: ObjectId: 2.5.29.15 Criticality=true
KeyUsage [
  Key_CertSign
  Crl_Sign
]

[5]: ObjectId: 2.5.29.14 Criticality=false
SubjectKeyIdentifier [
KeyIdentifier [
0000: 9B E2 07 57 67 1C 1E C0   6A 06 DE 59 B4 9A 2D DF  ...Wg...j..Y..-.
0010: DC 19 86 2E                                        ....
]
]

]
  Algorithm: [SHA1withRSA]
  Signature:
0000: 99 81 53 87 1C 68 97 86   91 EC E0 4A B8 44 0B AB  ..S..h.....J.D..
0010: 81 AC 27 4F D6 C1 B8 1C   43 78 B3 0C 9A FC EA 2C  ..'O....Cx.....,
0020: 3C 6E 61 1B 4D 4B 29 F5   9F 05 1D 26 C1 B8 E9 83  <na.MK)....&....
0030: 00 62 45 B6 A9 08 93 B9   A9 33 4B 18 9A C2 F8 87  .bE......3K.....
0040: 88 4E DB DD 71 34 1A C1   54 DA 46 3F E0 D3 2A AB  .N..q4..T.F?..*.
0050: 6D 54 22 F5 3A 62 CD 20   6F BA 29 89 D7 DD 91 EE  mT".:b. o.).....
0060: D3 5C A2 3E A1 5B 41 F5   DF E5 64 43 2D E9 D5 39  .\.>.[A...dC-..9
0070: AB D2 A2 DF B7 8B D0 C0   80 19 1C 45 C0 2D 8C E8  ...........E.-..
0080: F8 2D A4 74 56 49 C5 05   B5 4F 15 DE 6E 44 78 39  .-.tVI...O..nDx9
0090: 87 A8 7E BB F3 79 18 91   BB F4 6F 9D C1 F0 8C 35  .....y....o....5
00A0: 8C 5D 01 FB C3 6D B9 EF   44 6D 79 46 31 7E 0A FE  .]...m..DmyF1...
00B0: A9 82 C1 FF EF AB 6E 20   C4 50 C9 5F 9D 4D 9B 17  ......n .P._.M..
00C0: 8C 0C E5 01 C9 A0 41 6A   73 53 FA A5 50 B4 6E 25  ......AjsS..P.n%
00D0: 0F FB 4C 18 F4 FD 52 D9   8E 69 B1 E8 11 0F DE 88  ..L...R..i......
00E0: D8 FB 1D 49 F7 AA DE 95   CF 20 78 C2 60 12 DB 25  ...I..... x.`..%
00F0: 40 8C 6A FC 7E 42 38 40   64 12 F7 9E 81 E1 93 2E  @.j..B8@d.......

]
jun. 01, 2022 11:15:52 P. M. com.sun.enterprise.security.ssl.impl.SecuritySupportImpl checkCertificateDates
ADVERTENCIA: The SSL certificate has expired: [
[
  Version: V3
  Subject: CN=GlobalSign, O=GlobalSign, OU=GlobalSign Root CA - R2
  Signature Algorithm: SHA1withRSA, OID = 1.2.840.113549.1.1.5

  Key:  Sun RSA public key, 2048 bits
  params: null
  modulus: 21057703584475184807565557524537816321491861642060041763647257260224980509300477196924243590718942686590709107534863816871998744486217397041943036790668349398596465655712023148303173173625617456109014852791089527884590320201838663822684972532489783525944263241117811947512306928924706019699374824809368116805968844700689553244922646662031817428598871924656385681991340984751484716908148967287908171187321560857250025694833777855463632395686856225456740364321799926634676042609958611723658984406384068047734580405304178873193147583468071249577706812402337331306461396767845742998827081874578148453783909473879293336463
  public exponent: 65537
  Validity: [From: Fri Dec 15 02:00:00 CST 2006,
               To: Wed Dec 15 02:00:00 CST 2021]
  Issuer: CN=GlobalSign, O=GlobalSign, OU=GlobalSign Root CA - R2
  SerialNumber: [    04000000 00010f86 26e60d]

Certificate Extensions: 5
[1]: ObjectId: 2.5.29.35 Criticality=false
AuthorityKeyIdentifier [
KeyIdentifier [
0000: 9B E2 07 57 67 1C 1E C0   6A 06 DE 59 B4 9A 2D DF  ...Wg...j..Y..-.
0010: DC 19 86 2E                                        ....
]
]

[2]: ObjectId: 2.5.29.19 Criticality=true
BasicConstraints:[
  CA:true
  PathLen:2147483647
]

[3]: ObjectId: 2.5.29.31 Criticality=false
CRLDistributionPoints [
  [DistributionPoint:
     [URIName: http://crl.globalsign.net/root-r2.crl]
]]

[4]: ObjectId: 2.5.29.15 Criticality=true
KeyUsage [
  Key_CertSign
  Crl_Sign
]

[5]: ObjectId: 2.5.29.14 Criticality=false
SubjectKeyIdentifier [
KeyIdentifier [
0000: 9B E2 07 57 67 1C 1E C0   6A 06 DE 59 B4 9A 2D DF  ...Wg...j..Y..-.
0010: DC 19 86 2E                                        ....
]
]

]
  Algorithm: [SHA1withRSA]
  Signature:
0000: 99 81 53 87 1C 68 97 86   91 EC E0 4A B8 44 0B AB  ..S..h.....J.D..
0010: 81 AC 27 4F D6 C1 B8 1C   43 78 B3 0C 9A FC EA 2C  ..'O....Cx.....,
0020: 3C 6E 61 1B 4D 4B 29 F5   9F 05 1D 26 C1 B8 E9 83  <na.MK)....&....
0030: 00 62 45 B6 A9 08 93 B9   A9 33 4B 18 9A C2 F8 87  .bE......3K.....
0040: 88 4E DB DD 71 34 1A C1   54 DA 46 3F E0 D3 2A AB  .N..q4..T.F?..*.
0050: 6D 54 22 F5 3A 62 CD 20   6F BA 29 89 D7 DD 91 EE  mT".:b. o.).....
0060: D3 5C A2 3E A1 5B 41 F5   DF E5 64 43 2D E9 D5 39  .\.>.[A...dC-..9
0070: AB D2 A2 DF B7 8B D0 C0   80 19 1C 45 C0 2D 8C E8  ...........E.-..
0080: F8 2D A4 74 56 49 C5 05   B5 4F 15 DE 6E 44 78 39  .-.tVI...O..nDx9
0090: 87 A8 7E BB F3 79 18 91   BB F4 6F 9D C1 F0 8C 35  .....y....o....5
00A0: 8C 5D 01 FB C3 6D B9 EF   44 6D 79 46 31 7E 0A FE  .]...m..DmyF1...
00B0: A9 82 C1 FF EF AB 6E 20   C4 50 C9 5F 9D 4D 9B 17  ......n .P._.M..
00C0: 8C 0C E5 01 C9 A0 41 6A   73 53 FA A5 50 B4 6E 25  ......AjsS..P.n%
00D0: 0F FB 4C 18 F4 FD 52 D9   8E 69 B1 E8 11 0F DE 88  ..L...R..i......
00E0: D8 FB 1D 49 F7 AA DE 95   CF 20 78 C2 60 12 DB 25  ...I..... x.`..%
00F0: 40 8C 6A FC 7E 42 38 40   64 12 F7 9E 81 E1 93 2E  @.j..B8@d.......

]
jun. 01, 2022 11:15:52 P. M. com.sun.enterprise.security.ssl.impl.SecuritySupportImpl checkCertificateDates
ADVERTENCIA: The SSL certificate has expired: [
[
  Version: V3
  Subject: CN=PSCProcert, C=VE, O=Sistema Nacional de Certificacion Electronica, OU=Proveedor de Certificados PROCERT, ST=Miranda, L=Chacao, EMAILADDRESS=contacto@procert.net.ve
  Signature Algorithm: SHA256withRSA, OID = 1.2.840.113549.1.1.11

  Key:  Sun RSA public key, 4096 bits
  params: null
  modulus: 871895723433823748298054165627383881760717628700214291206023704066483892773164605774371075737924958121281294414283960593256892179188421144001165854302905264541180873595420175305739613048804097933720756711839660782492051327806414578285085183346537923113427331951263117321974228015916766624799540554330139047008063696692260751121800845550949555756076426986329360042470861702889645230137190604565846493033762699260582336834121341534871693458750420480444810148657008361019107133541954279964821001110844780941146756879449012624001644850328891194293683242436689838834639029706132953442134216296074057267888971574646094296048839787941890630952518993555288812035158158357244624191778570939342159440409656747897013475077778492182618110790776029831041780509331623433982263483246855657257742733757568084808628879644208203712543735277863859465388653427551154003623317455038773996326096078910452072795728421794800324522623286986028172704354459797203013097749562237116769905433004288023450753305125661857064329605634256614681625188193793842340091830439446293001805291717883877921066714833812083758922944388332512999618672076104836414245133436417671463688911088865589011643939986031838497817001772012701711217729178924780929647969002995202130052903
  public exponent: 65537
  Validity: [From: Tue Dec 28 10:51:00 CST 2010,
               To: Fri Dec 25 17:59:59 CST 2020]
  Issuer: EMAILADDRESS=acraiz@suscerte.gob.ve, OU=Superintendencia de Servicios de Certificacion Electronica, O=Sistema Nacional de Certificacion Electronica, ST=Distrito Capital, L=Caracas, C=VE, CN=Autoridad de Certificacion Raiz del Estado Venezolano
  SerialNumber: [    0b]

Certificate Extensions: 9
[1]: ObjectId: 1.3.6.1.5.5.7.1.1 Criticality=false
AuthorityInfoAccess [
  [
   accessMethod: ocsp
   accessLocation: URIName: http://ocsp.suscerte.gob.ve
]
]

[2]: ObjectId: 2.5.29.35 Criticality=false
AuthorityKeyIdentifier [
KeyIdentifier [
0000: AD BB 22 1D C6 E0 D2 01   A8 FD 76 50 52 93 ED 98  ..".......vPR...
0010: C1 4D AE D3                                        .M..
]
[EMAILADDRESS=acraiz@suscerte.gob.ve, OU=Superintendencia de Servicios de Certificacion Electronica, O=Sistema Nacional de Certificacion Electronica, ST=Distrito Capital, L=Caracas, C=VE, CN=Autoridad de Certificacion Raiz del Estado Venezolano]
SerialNumber: [    0a]
]

[3]: ObjectId: 2.5.29.19 Criticality=true
BasicConstraints:[
  CA:true
  PathLen:1
]

[4]: ObjectId: 2.5.29.31 Criticality=false
CRLDistributionPoints [
  [DistributionPoint:
     [URIName: http://www.suscerte.gob.ve/lcr/CERTIFICADO-RAIZ-SHA384CRLDER.crl]
, DistributionPoint:
     [URIName: ldap://acraiz.suscerte.gob.ve]
]]

[5]: ObjectId: 2.5.29.32 Criticality=false
CertificatePolicies [
  [CertificatePolicyId: [2.16.862.3.1.2]
[PolicyQualifierInfo: [
  qualifierID: 1.3.6.1.5.5.7.2.1
  qualifier: 0000: 16 1E 68 74 74 70 3A 2F   2F 77 77 77 2E 73 75 73  ..http://www.sus
0010: 63 65 72 74 65 2E 67 6F   62 2E 76 65 2F 64 70 63  certe.gob.ve/dpc

]]  ]
]

[6]: ObjectId: 2.5.29.18 Criticality=false
IssuerAlternativeName [
  DNSName: suscerte.gob.ve
  Other-Name: Unrecognized ObjectIdentifier: 2.16.862.2.2
]

[7]: ObjectId: 2.5.29.15 Criticality=true
KeyUsage [
  Key_CertSign
  Crl_Sign
]

[8]: ObjectId: 2.5.29.17 Criticality=false
SubjectAlternativeName [
  DNSName: procert.net.ve
  Other-Name: Unrecognized ObjectIdentifier: 2.16.862.2.1
  Other-Name: Unrecognized ObjectIdentifier: 2.16.862.2.2
]

[9]: ObjectId: 2.5.29.14 Criticality=false
SubjectKeyIdentifier [
KeyIdentifier [
0000: 41 0F 19 38 AA 99 7F 42   0B A4 D7 27 98 54 A2 17  A..8...B...'.T..
0010: 4C 2D 51 54                                        L-QT
]
]

]
  Algorithm: [SHA256withRSA]
  Signature:
0000: 2B 59 EB 22 99 BB 84 AA   4F DE 90 C6 D1 86 71 23  +Y."....O.....q#
0010: 9E 4B 03 91 47 70 BB C0   92 60 EC E0 D4 E7 6D C6  .K..Gp...`....m.
0020: D3 ED 67 83 77 52 D5 F2   E5 77 A7 36 B2 E3 54 BE  ..g.wR...w.6..T.
0030: D9 BB 0A 9B 11 EF 61 F4   C6 99 33 99 F5 AF 00 39  ......a...3....9
0040: 8D 83 BF A6 BD 35 7E 2C   5C 31 34 6F 6C DB F3 64  .....5.,\14ol..d
0050: 01 98 AA 94 2C 41 DD 15   86 CA 6B 29 4E 16 C0 49  ....,A....k)N..I
0060: FC D7 83 48 13 07 51 84   31 52 88 BB 86 17 C7 6B  ...H..Q.1R.....k
0070: 2F 8A 20 AD C5 0B 8F 70   3E 2A BB 1B 71 8F B9 A4  /. ....p>*..q...
0080: A0 FD D8 95 D9 AF 59 BF   25 2B 98 E9 63 93 2F 60  ......Y.%+..c./`
0090: 1E C4 AA F8 77 F5 8B 6C   2F ED 7E 2E B5 4F 40 0D  ....w..l/....O@.
00A0: EE BC 57 77 E7 D9 B6 D4   3F 95 27 3A 20 D5 E5 AE  ..Ww....?.': ...
00B0: AB 6C 35 9F C1 A1 1D 59   DC 84 81 EE 4D 07 E2 48  .l5....Y....M..H
00C0: B6 9E 4B 95 2D 41 B1 E1   E8 DE 7E 2F 05 1E 68 EE  ..K.-A...../..h.
00D0: BF BB 90 65 3A C8 EE EA   B1 18 37 1C 62 93 A4 A0  ...e:.....7.b...
00E0: 31 EC 71 6C 91 E6 A4 79   89 5A 14 A7 14 50 05 4C  1.ql...y.Z...P.L
00F0: A4 00 57 30 2C C1 B5 61   96 DC 3E 1E 84 AF 39 42  ..W0,..a..>...9B
0100: CF E5 D0 2C B1 24 BC DF   40 C3 ED 7F 63 4A BD E1  ...,.$..@...cJ..
0110: 4F 12 64 86 95 F3 B0 E7   C8 B7 E1 53 BD 92 E6 F3  O.d........S....
0120: 0C 96 B9 EB E8 E6 92 ED   A7 81 09 14 0B FC 95 7A  ...............z
0130: CF 8F D6 34 4F 36 12 DC   5E D1 34 75 C6 46 80 2F  ...4O6..^.4u.F./
0140: 95 04 8C C7 86 C4 A8 26   89 A8 3F 19 9B 81 BB 51  .......&..?....Q
0150: A4 4A 86 AB 0B 11 0F B1   AE 63 53 6D 28 EA DD 33  .J.......cSm(..3
0160: 56 38 1C B2 AD 80 D3 D7   72 BD 9A 6C 99 63 E8 00  V8......r..l.c..
0170: BB 41 76 05 B7 5B 99 18   8A C3 B8 12 5C 56 CF 56  .Av..[......\V.V
0180: 0C 7D E8 E2 CF ED BC 74   47 FB EE D3 17 4E 22 4F  .......tG....N"O
0190: 56 FF 50 F3 2E E6 39 A6   82 D6 71 CA DE B7 D5 BA  V.P...9...q.....
01A0: 68 08 ED 99 CC FD A2 92   CB 69 B8 9D F9 0A A4 A6  h........i......
01B0: 3E 4F 93 28 2A 61 6C 07   26 00 FF 96 5F 68 86 B8  >O.(*al.&..._h..
01C0: B8 CE CA 55 E0 AB B1 3D   7F 98 D7 33 0E 5A 3D D8  ...U...=...3.Z=.
01D0: 78 C2 C4 60 2F C7 62 F0   61 91 D2 38 B0 F6 9E 55  x..`/.b.a..8...U
01E0: DB 40 80 05 12 33 CE 1D   92 9B D1 69 B3 FF BF F1  .@...3.....i....
01F0: 92 0A 61 35 3F DD FE 86   F4 BC E0 1A 71 B3 62 A6  ..a5?.......q.b.

]
jun. 01, 2022 11:15:52 P. M. com.sun.enterprise.security.ssl.impl.SecuritySupportImpl checkCertificateDates
ADVERTENCIA: The SSL certificate has expired: [
[
  Version: V3
  Subject: CN=GeoTrust Global CA, O=GeoTrust Inc., C=US
  Signature Algorithm: SHA1withRSA, OID = 1.2.840.113549.1.1.5

  Key:  Sun RSA public key, 2048 bits
  params: null
  modulus: 27620593608073140957439440929253438012688864718977347268272053725994928948867769687165112265058896553974818505070806430256424431940072485024407486246475597522063246121214348496326377341879755851197260401080498544606788760407243324127929930612201002157618691487713632251700065187865963692723720912135393438861302779432180613616167225206519123176430362410262429702404863434904116727055203524505580952824336979641923534005571504410997292144760317953739063178352809680844232935574095508445145910310675421726257114605895831426222686272114090063230017292595425393719031924942422176213538487957041730136782988405751614792953
  public exponent: 65537
  Validity: [From: Mon May 20 22:00:00 CST 2002,
               To: Fri May 20 22:00:00 CST 2022]
  Issuer: CN=GeoTrust Global CA, O=GeoTrust Inc., C=US
  SerialNumber: [    023456]

Certificate Extensions: 3
[1]: ObjectId: 2.5.29.35 Criticality=false
AuthorityKeyIdentifier [
KeyIdentifier [
0000: C0 7A 98 68 8D 89 FB AB   05 64 0C 11 7D AA 7D 65  .z.h.....d.....e
0010: B8 CA CC 4E                                        ...N
]
]

[2]: ObjectId: 2.5.29.19 Criticality=true
BasicConstraints:[
  CA:true
  PathLen:2147483647
]

[3]: ObjectId: 2.5.29.14 Criticality=false
SubjectKeyIdentifier [
KeyIdentifier [
0000: C0 7A 98 68 8D 89 FB AB   05 64 0C 11 7D AA 7D 65  .z.h.....d.....e
0010: B8 CA CC 4E                                        ...N
]
]

]
  Algorithm: [SHA1withRSA]
  Signature:
0000: 35 E3 29 6A E5 2F 5D 54   8E 29 50 94 9F 99 1A 14  5.)j./]T.)P.....
0010: E4 8F 78 2A 62 94 A2 27   67 9E D0 CF 1A 5E 47 E9  ..x*b..'g....^G.
0020: C1 B2 A4 CF DD 41 1A 05   4E 9B 4B EE 4A 6F 55 52  .....A..N.K.JoUR
0030: B3 24 A1 37 0A EB 64 76   2A 2E 2C F3 FD 3B 75 90  .$.7..dv*.,..;u.
0040: BF FA 71 D8 C7 3D 37 D2   B5 05 95 62 B9 A6 DE 89  ..q..=7....b....
0050: 3D 36 7B 38 77 48 97 AC   A6 20 8F 2E A6 C9 0C C2  =6.8wH... ......
0060: B2 99 45 00 C7 CE 11 51   22 22 E0 A5 EA B6 15 48  ..E....Q"".....H
0070: 09 64 EA 5E 4F 74 F7 05   3E C7 8A 52 0C DB 15 B4  .d.^Ot..>..R....
0080: BD 6D 9B E5 C6 B1 54 68   A9 E3 69 90 B6 9A A5 0F  .m....Th..i.....
0090: B8 B9 3F 20 7D AE 4A B5   B8 9C E4 1D B6 AB E6 94  ..? ..J.........
00A0: A5 C1 C7 83 AD DB F5 27   87 0E 04 6C D5 FF DD A0  .......'...l....
00B0: 5D ED 87 52 B7 2B 15 02   AE 39 A6 6A 74 E9 DA C4  ]..R.+...9.jt...
00C0: E7 BC 4D 34 1E A9 5C 4D   33 5F 92 09 2F 88 66 5D  ..M4..\M3_../.f]
00D0: 77 97 C7 1D 76 13 A9 D5   E5 F1 16 09 11 35 D5 AC  w...v........5..
00E0: DB 24 71 70 2C 98 56 0B   D9 17 B4 D1 E3 51 2B 5E  .$qp,.V......Q+^
00F0: 75 E8 D5 D0 DC 4F 34 ED   C2 05 66 80 A1 CB E6 33  u....O4...f....3

]
jun. 01, 2022 11:15:52 P. M. com.sun.enterprise.security.ssl.impl.SecuritySupportImpl checkCertificateDates
ADVERTENCIA: The SSL certificate has expired: [
[
  Version: V3
  Subject: CN=QuoVadis Root Certification Authority, OU=Root Certification Authority, O=QuoVadis Limited, C=BM
  Signature Algorithm: SHA1withRSA, OID = 1.2.840.113549.1.1.5

  Key:  Sun RSA public key, 2048 bits
  params: null
  modulus: 24159698504956936973806422936485110192993298166451690125342557868669313791260208792863715383877659389124879879323347290065743113187876432695072762410249422871445076809209881012408581166976465644959788046730688591238468795461357071919660788338153095848983501682715599328266400085451943593285442363637118943100962783053699978483655952565394171393433915878031570390899981815149464441591022766912764387865676399550063538587688253863261057667269549800130298539010151617581363313264545066133530593161975846699667389620669640940270502406610621426691129508150600997561292709702218602541205671732205793132265077198990703235259
  public exponent: 65537
  Validity: [From: Mon Mar 19 12:33:33 CST 2001,
               To: Wed Mar 17 12:33:33 CST 2021]
  Issuer: CN=QuoVadis Root Certification Authority, OU=Root Certification Authority, O=QuoVadis Limited, C=BM
  SerialNumber: [    3ab6508b]

Certificate Extensions: 6
[1]: ObjectId: 1.3.6.1.5.5.7.1.1 Criticality=false
AuthorityInfoAccess [
  [
   accessMethod: ocsp
   accessLocation: URIName: https://ocsp.quovadisoffshore.com
]
]

[2]: ObjectId: 2.5.29.35 Criticality=false
AuthorityKeyIdentifier [
KeyIdentifier [
0000: 8B 4B 6D ED D3 29 B9 06   19 EC 39 39 A9 F0 97 84  .Km..)....99....
0010: 6A CB EF DF                                        j...
]
[CN=QuoVadis Root Certification Authority, OU=Root Certification Authority, O=QuoVadis Limited, C=BM]
SerialNumber: [    3ab6508b]
]

[3]: ObjectId: 2.5.29.19 Criticality=true
BasicConstraints:[
  CA:true
  PathLen:2147483647
]

[4]: ObjectId: 2.5.29.32 Criticality=false
CertificatePolicies [
  [CertificatePolicyId: [1.3.6.1.4.1.8024.0.1]
[PolicyQualifierInfo: [
  qualifierID: 1.3.6.1.5.5.7.2.2
  qualifier: 0000: 30 81 C7 1A 81 C4 52 65   6C 69 61 6E 63 65 20 6F  0.....Reliance o
0010: 6E 20 74 68 65 20 51 75   6F 56 61 64 69 73 20 52  n the QuoVadis R
0020: 6F 6F 74 20 43 65 72 74   69 66 69 63 61 74 65 20  oot Certificate 
0030: 62 79 20 61 6E 79 20 70   61 72 74 79 20 61 73 73  by any party ass
0040: 75 6D 65 73 20 61 63 63   65 70 74 61 6E 63 65 20  umes acceptance 
0050: 6F 66 20 74 68 65 20 74   68 65 6E 20 61 70 70 6C  of the then appl
0060: 69 63 61 62 6C 65 20 73   74 61 6E 64 61 72 64 20  icable standard 
0070: 74 65 72 6D 73 20 61 6E   64 20 63 6F 6E 64 69 74  terms and condit
0080: 69 6F 6E 73 20 6F 66 20   75 73 65 2C 20 63 65 72  ions of use, cer
0090: 74 69 66 69 63 61 74 69   6F 6E 20 70 72 61 63 74  tification pract
00A0: 69 63 65 73 2C 20 61 6E   64 20 74 68 65 20 51 75  ices, and the Qu
00B0: 6F 56 61 64 69 73 20 43   65 72 74 69 66 69 63 61  oVadis Certifica
00C0: 74 65 20 50 6F 6C 69 63   79 2E                    te Policy.

], PolicyQualifierInfo: [
  qualifierID: 1.3.6.1.5.5.7.2.1
  qualifier: 0000: 16 16 68 74 74 70 3A 2F   2F 77 77 77 2E 71 75 6F  ..http://www.quo
0010: 76 61 64 69 73 2E 62 6D                            vadis.bm

]]  ]
]

[5]: ObjectId: 2.5.29.15 Criticality=true
KeyUsage [
  Key_CertSign
  Crl_Sign
]

[6]: ObjectId: 2.5.29.14 Criticality=false
SubjectKeyIdentifier [
KeyIdentifier [
0000: 8B 4B 6D ED D3 29 B9 06   19 EC 39 39 A9 F0 97 84  .Km..)....99....
0010: 6A CB EF DF                                        j...
]
]

]
  Algorithm: [SHA1withRSA]
  Signature:
0000: 8A D4 14 B5 FE F4 9A 92   A7 19 D4 A4 7E 72 18 8F  .............r..
0010: D9 68 7C 52 24 DD 67 6F   39 7A C4 AA 5E 3D E2 58  .h.R$.go9z..^=.X
0020: B0 4D 70 98 84 61 E8 1B   E3 69 18 0E CE FB 47 50  .Mp..a...i....GP
0030: A0 4E FF F0 24 1F BD B2   CE F5 27 FC EC 2F 53 AA  .N..$.....'../S.
0040: 73 7B 03 3D 74 6E E6 16   9E EB A5 2E C4 BF 56 27  s..=tn........V'
0050: 50 2B 62 BA BE 4B 1C 3C   55 5C 41 1D 24 BE 82 20  P+b..K.<U\A.$.. 
0060: 47 5D D5 44 7E 7A 16 68   DF 7D 4D 51 70 78 57 1D  G].D.z.h..MQpxW.
0070: 33 1E FD 02 99 9C 0C CD   0A 05 4F C7 BB 8E A4 75  3.........O....u
0080: FA 4A 6D B1 80 8E 09 56   B9 9C 1A 60 FE 5D C1 D7  .Jm....V...`.]..
0090: 7A DC 11 78 D0 D6 5D C1   B7 D5 AD 32 99 03 3A 8A  z..x..]....2..:.
00A0: CC 54 25 39 31 81 7B 13   22 51 BA 46 6C A1 BB 9E  .T%91..."Q.Fl...
00B0: FA 04 6C 49 26 74 8F D2   73 EB CC 30 A2 E6 EA 59  ..lI&t..s..0...Y
00C0: 22 87 F8 97 F5 0E FD EA   CC 92 A4 16 C4 52 18 EA  "............R..
00D0: 21 CE B1 F1 E6 84 81 E5   BA A9 86 28 F2 43 5A 5D  !..........(.CZ]
00E0: 12 9D AC 1E D9 A8 E5 0A   6A A7 7F A0 87 29 CF F2  ........j....)..
00F0: 89 4D D4 EC C5 E2 E6 7A   D0 36 23 8A 4A 74 36 F9  .M.....z.6#.Jt6.

]
jun. 01, 2022 11:15:52 P. M. com.sun.enterprise.security.ssl.impl.SecuritySupportImpl checkCertificateDates
ADVERTENCIA: The SSL certificate has expired: [
[
  Version: V3
  Subject: CN=Let's Encrypt Authority X3, O=Let's Encrypt, C=US
  Signature Algorithm: SHA256withRSA, OID = 1.2.840.113549.1.1.11

  Key:  Sun RSA public key, 2048 bits
  params: null
  modulus: 19797248476075437682355852246492227182925025209894527646389863306257272162327717438476096960751529894413137923782807258828237626757946953550223743258656059351948211427799114263948499232121738590221774214131983890556391436336270214266656447169277800971416884432628642288505627878176138101439755752196484972290641499489076846352390454201028735981960275647482014359370041238010607728611828345534572152635280172155598035959878659370929022966413402097129857505568509453268467065766156311136296802046438183697980908977865999500405760226706893415483460747503705792669060406182022181441316967415301631965711690685520847684499
  public exponent: 65537
  Validity: [From: Thu Oct 06 09:43:55 CST 2016,
               To: Wed Oct 06 09:43:55 CST 2021]
  Issuer: CN=ISRG Root X1, O=Internet Security Research Group, C=US
  SerialNumber: [    d3b17226 342332dc f4052851 2aec9c6a]

Certificate Extensions: 7
[1]: ObjectId: 1.3.6.1.5.5.7.1.1 Criticality=false
AuthorityInfoAccess [
  [
   accessMethod: ocsp
   accessLocation: URIName: http://ocsp.root-x1.letsencrypt.org/
, 
   accessMethod: caIssuers
   accessLocation: URIName: http://cert.root-x1.letsencrypt.org/
]
]

[2]: ObjectId: 2.5.29.35 Criticality=false
AuthorityKeyIdentifier [
KeyIdentifier [
0000: 79 B4 59 E6 7B B6 E5 E4   01 73 80 08 88 C8 1A 58  y.Y......s.....X
0010: F6 E9 9B 6E                                        ...n
]
]

[3]: ObjectId: 2.5.29.19 Criticality=true
BasicConstraints:[
  CA:true
  PathLen:0
]

[4]: ObjectId: 2.5.29.31 Criticality=false
CRLDistributionPoints [
  [DistributionPoint:
     [URIName: http://crl.root-x1.letsencrypt.org]
]]

[5]: ObjectId: 2.5.29.32 Criticality=false
CertificatePolicies [
  [CertificatePolicyId: [2.23.140.1.2.1]
[]  ]
  [CertificatePolicyId: [1.3.6.1.4.1.44947.1.1.1]
[PolicyQualifierInfo: [
  qualifierID: 1.3.6.1.5.5.7.2.1
  qualifier: 0000: 16 22 68 74 74 70 3A 2F   2F 63 70 73 2E 72 6F 6F  ."http://cps.roo
0010: 74 2D 78 31 2E 6C 65 74   73 65 6E 63 72 79 70 74  t-x1.letsencrypt
0020: 2E 6F 72 67                                        .org

]]  ]
]

[6]: ObjectId: 2.5.29.15 Criticality=true
KeyUsage [
  DigitalSignature
  Key_CertSign
  Crl_Sign
]

[7]: ObjectId: 2.5.29.14 Criticality=false
SubjectKeyIdentifier [
KeyIdentifier [
0000: A8 4A 6A 63 04 7D DD BA   E6 D1 39 B7 A6 45 65 EF  .Jjc......9..Ee.
0010: F3 A8 EC A1                                        ....
]
]

]
  Algorithm: [SHA256withRSA]
  Signature:
0000: 19 CF 75 20 34 2D 3A A6   45 FF D0 D5 E6 8C DA 32  ..u 4-:.E......2
0010: E8 9C 6E 1B 41 D1 27 A8   E2 50 F2 70 AA C4 E7 93  ..n.A.'..P.p....
0020: 46 B4 E8 10 AB 70 4F EF   B7 EA 04 D2 94 11 B1 03  F....pO.........
0030: FE 5D BA DF 36 8C 94 36   8F 13 7C 44 8F 0B F5 01  .]..6..6...D....
0040: 57 AD 68 B8 C5 79 C0 D8   4A 80 D7 4C A3 1E 24 7A  W.h..y..J..L..$z
0050: 1F D7 23 E8 C1 62 3A 76   F9 22 7D 5E 5A C4 4C 50  ..#..b:v.".^Z.LP
0060: CD AF DD EF 6D 36 C0 80   80 1B A4 3C 70 20 D6 54  ....m6.....<p .T
0070: 21 D3 BA EF 14 A9 BF 07   3F 41 0A 36 B1 A2 B0 0B  !.......?A.6....
0080: 20 D5 1F 67 D0 C3 EB 88   F6 8A 02 C8 C6 57 B6 0C   ..g.........W..
0090: FC 56 F1 D2 3F 17 69 68   1C C8 D7 66 3A 86 F1 19  .V..?.ih...f:...
00A0: 2A 65 47 68 C6 D2 03 E7   EF 74 16 0B 06 21 F9 0C  *eGh.....t...!..
00B0: A6 A8 11 4B 4E 5F E3 33   DB 08 41 EA 09 79 75 78  ...KN_.3..A..yux
00C0: EE 47 C8 42 D3 81 C5 65   2D 75 D0 0E 00 16 9D 1C  .G.B...e-u......
00D0: EE B7 58 45 25 E7 33 63   5B 63 41 09 E8 E9 FE AC  ..XE%.3c[cA.....
00E0: FA 73 32 74 B3 76 E9 6B   94 E2 CD D4 62 F3 AE 3A  .s2t.v.k....b..:
00F0: C5 31 46 52 6E ED 34 91   1E A0 C2 DE 54 84 E5 78  .1FRn.4.....T..x
0100: 20 56 4C DD 68 F9 2E 28   64 1B 1A 99 F2 FB 4D 7F   VL.h..(d.....M.
0110: E3 B8 5F 5D 73 41 EC 79   ED 58 D6 7A 37 65 70 A7  .._]sA.y.X.z7ep.
0120: B1 BA 39 F6 3E 61 0A D9   C0 86 90 9A 1A C8 A8 96  ..9.>a..........
0130: 6E 8A 0B 2B 6D ED D6 FA   07 67 E7 29 04 F7 E2 B2  n..+m....g.)....
0140: D1 58 15 52 C7 F1 A3 9D   A6 C0 56 2C D4 92 98 D8  .X.R......V,....
0150: F1 83 B9 6C 7C 33 A0 E5   4B AA 90 92 F1 DA 45 4A  ...l.3..K.....EJ
0160: 34 14 C7 7C 4E C4 A5 6C   5D 3F BF DE B9 A8 61 4A  4...N..l]?....aJ
0170: 85 20 DE 42 83 29 62 7C   1C 99 08 A5 46 1F F4 6B  . .B.)b.....F..k
0180: 22 D3 86 51 CB 37 CD 60   4A 42 63 56 B3 C8 D1 8F  "..Q.7.`JBcV....
0190: 31 09 53 C1 E2 DC 1B D4   F1 54 77 67 CF 33 7B 00  1.S......Twg.3..
01A0: D6 D2 7C DE C6 79 BF CB   E0 16 FD B2 A1 F2 91 3C  .....y.........<
01B0: 1D 2D E8 9C D4 03 CD 66   4A A3 37 93 19 79 7B E2  .-.....fJ.7..y..
01C0: 19 C2 16 00 C8 ED 0E 4E   0D FF 7E CF 07 A8 64 CD  .......N......d.
01D0: 29 DF 41 AA 85 30 49 10   73 A7 4E 89 32 0E 5B AD  ).A..0I.s.N.2.[.
01E0: 40 86 C1 B0 94 0C 8D 26   C5 A7 49 DC 1C F8 5B 14  @......&..I...[.
01F0: 7A 7F 23 69 04 AD B2 02   29 D6 12 C8 A4 C6 A1 2D  z.#i....)......-

]
jun. 01, 2022 11:15:52 P. M. com.sun.enterprise.security.ssl.impl.SecuritySupportImpl checkCertificateDates
ADVERTENCIA: The SSL certificate has expired: [
[
  Version: V3
  Subject: CN=DST Root CA X3, O=Digital Signature Trust Co.
  Signature Algorithm: SHA1withRSA, OID = 1.2.840.113549.1.1.5

  Key:  Sun RSA public key, 2048 bits
  params: null
  modulus: 28237887677026032203151777657129561581522073060401233851894187952595640780665579499663841407267510759260214748789212535957135845654219821366017427323985352100172211628961551647178765278465245040619994286316630852210928184346090961906367138096715766033171261107313432772299467819936678634109708967378829013418649505942485529500580167736159568208924601034682852941882633722952597854385181938557682865139545636282689862459897027632511916072421459210380987954549724536623494064393973052186448977570989493998685404014473715688796607543139914669307234440905936555495044671225489918726010863829142065064843131427399159251549
  public exponent: 65537
  Validity: [From: Sat Sep 30 15:12:19 CST 2000,
               To: Thu Sep 30 08:01:15 CST 2021]
  Issuer: CN=DST Root CA X3, O=Digital Signature Trust Co.
  SerialNumber: [    44afb080 d6a327ba 89303986 2ef8406b]

Certificate Extensions: 3
[1]: ObjectId: 2.5.29.19 Criticality=true
BasicConstraints:[
  CA:true
  PathLen:2147483647
]

[2]: ObjectId: 2.5.29.15 Criticality=true
KeyUsage [
  Key_CertSign
  Crl_Sign
]

[3]: ObjectId: 2.5.29.14 Criticality=false
SubjectKeyIdentifier [
KeyIdentifier [
0000: C4 A7 B1 A4 7B 2C 71 FA   DB E1 4B 90 75 FF C4 15  .....,q...K.u...
0010: 60 85 89 10                                        `...
]
]

]
  Algorithm: [SHA1withRSA]
  Signature:
0000: A3 1A 2C 9B 17 00 5C A9   1E EE 28 66 37 3A BF 83  ..,...\...(f7:..
0010: C7 3F 4B C3 09 A0 95 20   5D E3 D9 59 44 D2 3E 0D  .?K.... ]..YD.>.
0020: 3E BD 8A 4B A0 74 1F CE   10 82 9C 74 1A 1D 7E 98  >..K.t.....t....
0030: 1A DD CB 13 4B B3 20 44   E4 91 E9 CC FC 7D A5 DB  ....K. D........
0040: 6A E5 FE E6 FD E0 4E DD   B7 00 3A B5 70 49 AF F2  j.....N...:.pI..
0050: E5 EB 02 F1 D1 02 8B 19   CB 94 3A 5E 48 C4 18 1E  ..........:^H...
0060: 58 19 5F 1E 02 5A F0 0C   F1 B1 AD A9 DC 59 86 8B  X._..Z.......Y..
0070: 6E E9 91 F5 86 CA FA B9   66 33 AA 59 5B CE E2 A7  n.......f3.Y[...
0080: 16 73 47 CB 2B CC 99 B0   37 48 CF E3 56 4B F5 CF  .sG.+...7H..VK..
0090: 0F 0C 72 32 87 C6 F0 44   BB 53 72 6D 43 F5 26 48  ..r2...D.SrmC.&H
00A0: 9A 52 67 B7 58 AB FE 67   76 71 78 DB 0D A2 56 14  .Rg.X..gvqx...V.
00B0: 13 39 24 31 85 A2 A8 02   5A 30 47 E1 DD 50 07 BC  .9$1....Z0G..P..
00C0: 02 09 90 00 EB 64 63 60   9B 16 BC 88 C9 12 E6 D2  .....dc`........
00D0: 7D 91 8B F9 3D 32 8D 65   B4 E9 7C B1 57 76 EA C5  ....=2.e....Wv..
00E0: B6 28 39 BF 15 65 1C C8   F6 77 96 6A 0A 8D 77 0B  .(9..e...w.j..w.
00F0: D8 91 0B 04 8E 07 DB 29   B6 0A EE 9D 82 35 35 10  .......).....55.

]
jun. 01, 2022 11:15:52 P. M. com.sun.enterprise.security.ssl.impl.SecuritySupportImpl checkCertificateDates
ADVERTENCIA: The SSL certificate has expired: [
[
  Version: V3
  Subject: CN=Cybertrust Global Root, O="Cybertrust, Inc"
  Signature Algorithm: SHA1withRSA, OID = 1.2.840.113549.1.1.5

  Key:  Sun RSA public key, 2048 bits
  params: null
  modulus: 31406086863853339614786463945665006091825321746292974032075109763941168172593882473582961627008352444079145675351385900708129081497607089017329409594468035320682096346734075492997403070793519552788350008081203303471332386373704595449284865412073659457501957028081264024671694760101660705204156984517694405101994603539690552290606865622457220815368390286450693956965889462171306833581726262489651104041406085303372913841534128533101499335562168326370545583956917237487887103701112968547806227798294711672392349657692008416677913703875810313921466914414637063617907291003581979616487942445986175951017114046467179620261
  public exponent: 65537
  Validity: [From: Fri Dec 15 02:00:00 CST 2006,
               To: Wed Dec 15 02:00:00 CST 2021]
  Issuer: CN=Cybertrust Global Root, O="Cybertrust, Inc"
  SerialNumber: [    04000000 00010f85 aa2d48]

Certificate Extensions: 5
[1]: ObjectId: 2.5.29.35 Criticality=false
AuthorityKeyIdentifier [
KeyIdentifier [
0000: B6 08 7B 0D 7A CC AC 20   4C 86 56 32 5E CF AB 6E  ....z.. L.V2^..n
0010: 85 2D 70 57                                        .-pW
]
]

[2]: ObjectId: 2.5.29.19 Criticality=true
BasicConstraints:[
  CA:true
  PathLen:2147483647
]

[3]: ObjectId: 2.5.29.31 Criticality=false
CRLDistributionPoints [
  [DistributionPoint:
     [URIName: http://www2.public-trust.com/crl/ct/ctroot.crl]
]]

[4]: ObjectId: 2.5.29.15 Criticality=true
KeyUsage [
  Key_CertSign
  Crl_Sign
]

[5]: ObjectId: 2.5.29.14 Criticality=false
SubjectKeyIdentifier [
KeyIdentifier [
0000: B6 08 7B 0D 7A CC AC 20   4C 86 56 32 5E CF AB 6E  ....z.. L.V2^..n
0010: 85 2D 70 57                                        .-pW
]
]

]
  Algorithm: [SHA1withRSA]
  Signature:
0000: 56 EF 0A 23 A0 54 4E 95   97 C9 F8 89 DA 45 C1 D4  V..#.TN......E..
0010: A3 00 25 F4 1F 13 AB B7   A3 85 58 69 C2 30 AD D8  ..%.......Xi.0..
0020: 15 8A 2D E3 C9 CD 81 5A   F8 73 23 5A A7 7C 05 F3  ..-....Z.s#Z....
0030: FD 22 3B 0E D1 06 C4 DB   36 4C 73 04 8E E5 B0 22  .";.....6Ls...."
0040: E4 C5 F3 2E A5 D9 23 E3   B8 4E 4A 20 A7 6E 02 24  ......#..NJ .n.$
0050: 9F 22 60 67 7B 8B 1D 72   09 C5 31 5C E9 79 9F 80  ."`g...r..1\.y..
0060: 47 3D AD A1 0B 07 14 3D   47 FF 03 69 1A 0C 0B 44  G=.....=G..i...D
0070: E7 63 25 A7 7F B2 C9 B8   76 84 ED 23 F6 7D 07 AB  .c%.....v..#....
0080: 45 7E D3 DF B3 BF E9 8A   B6 CD A8 A2 67 2B 52 D5  E...........g+R.
0090: B7 65 F0 39 4C 63 A0 91   79 93 52 0F 54 DD 83 BB  .e.9Lc..y.R.T...
00A0: 9F D1 8F A7 53 73 C3 CB   FF 30 EC 7C 04 B8 D8 44  ....Ss...0.....D
00B0: 1F 93 5F 71 09 22 B7 6E   3E EA 1C 03 4E 9D 1A 20  .._q.".n>...N.. 
00C0: 61 FB 81 37 EC 5E FC 0A   45 AB D7 E7 17 55 D0 A0  a..7.^..E....U..
00D0: EA 60 9B A6 F6 E3 8C 5B   29 C2 06 60 14 9D 2D 97  .`.....[)..`..-.
00E0: 4C A9 93 15 9D 61 C4 01   5F 48 D6 58 BD 56 31 12  L....a.._H.X.V1.
00F0: 4E 11 C8 21 E0 B3 11 91   65 DB B4 A6 88 38 CE 55  N..!....e....8.U

]
jun. 01, 2022 11:15:52 P. M. com.sun.enterprise.security.ssl.impl.SecuritySupportImpl checkCertificateDates
ADVERTENCIA: The SSL certificate has expired: [
[
  Version: V3
  Subject: CN=Sonera Class2 CA, O=Sonera, C=FI
  Signature Algorithm: SHA1withRSA, OID = 1.2.840.113549.1.1.5

  Key:  Sun RSA public key, 2048 bits
  params: null
  modulus: 18189800583286101191633183869677108848088824488437879220311992624477100305378065893706125093249362721334015582031232199016408102988824793145987259254494039708809039677399826232287155965718677975489654666729803597921929664834492337631991937126979733279620107705427015077604198814801187574259239298727891863383115074653932238993508743984811543989990193579424040801882815813876509588323764142311153193383873935815704905326985357125377926860447143168487031100888313168032652599283345585090232405274495367305505950789859530087262822986344579055562271221282336217400369196446426420233527171006825435250020986516955124063171
  public exponent: 65537
  Validity: [From: Fri Apr 06 01:29:40 CST 2001,
               To: Tue Apr 06 01:29:40 CST 2021]
  Issuer: CN=Sonera Class2 CA, O=Sonera, C=FI
  SerialNumber: [    1d]

Certificate Extensions: 3
[1]: ObjectId: 2.5.29.19 Criticality=true
BasicConstraints:[
  CA:true
  PathLen:2147483647
]

[2]: ObjectId: 2.5.29.15 Criticality=false
KeyUsage [
  Key_CertSign
  Crl_Sign
]

[3]: ObjectId: 2.5.29.14 Criticality=false
SubjectKeyIdentifier [
KeyIdentifier [
0000: 4A A0 AA 58 84 D3 5E 3C                            J..X..^<
]
]

]
  Algorithm: [SHA1withRSA]
  Signature:
0000: 5A CE 87 F9 16 72 15 57   4B 1D D9 9B E7 A2 26 30  Z....r.WK.....&0
0010: EC 93 67 DF D6 2D D2 34   AF F7 38 A5 CE AB 16 B9  ..g..-.4..8.....
0020: AB 2F 7C 35 CB AC D0 0F   B4 4C 2B FC 80 EF 6B 8C  ./.5.....L+...k.
0030: 91 5F 36 76 F7 DB B3 1B   19 EA F4 B2 11 FD 61 71  ._6v..........aq
0040: 44 BF 28 B3 3A 1D BF B3   43 E8 9F BF DC 31 08 71  D.(.:...C....1.q
0050: B0 9D 8D D6 34 47 32 90   C6 65 24 F7 A0 4A 7C 04  ....4G2..e$..J..
0060: 73 8F 39 6F 17 8C 72 B5   BD 4B C8 7A F8 7B 83 C3  s.9o..r..K.z....
0070: 28 4E 9C 09 EA 67 3F B2   67 04 1B C3 14 DA F8 E7  (N...g?.g.......
0080: 49 24 91 D0 1D 6A FA 61   39 EF 6B E7 21 75 06 07  I$...j.a9.k.!u..
0090: D8 12 B4 21 20 70 42 71   81 DA 3C 9A 36 BE A6 5B  ...! pBq..<.6..[
00A0: 0D 6A 6C 9A 1F 91 7B F9   F9 EF 42 BA 4E 4E 9E CC  .jl.......B.NN..
00B0: 0C 8D 94 DC D9 45 9C 5E   EC 42 50 63 AE F4 5D C4  .....E.^.BPc..].
00C0: B1 12 DC CA 3B A8 2E 9D   14 5A 05 75 B7 EC D7 63  ....;....Z.u...c
00D0: E2 BA 35 B6 04 08 91 E8   DA 9D 9C F6 66 B5 18 AC  ..5.........f...
00E0: 0A A6 54 26 34 33 D2 1B   C1 D4 7F 1A 3A 8E 0B AA  ..T&43......:...
00F0: 32 6E DB FC 4F 25 9F D9   32 C7 96 5A 70 AC DF 4C  2n..O%..2..Zp..L

]
jun. 01, 2022 11:15:52 P. M. com.sun.enterprise.security.ssl.impl.SecuritySupportImpl checkCertificateDates
ADVERTENCIA: The SSL certificate has expired: [
[
  Version: V3
  Subject: CN=GlobalSign, O=GlobalSign, OU=GlobalSign Root CA - R2
  Signature Algorithm: SHA1withRSA, OID = 1.2.840.113549.1.1.5

  Key:  Sun RSA public key, 2048 bits
  params: null
  modulus: 21057703584475184807565557524537816321491861642060041763647257260224980509300477196924243590718942686590709107534863816871998744486217397041943036790668349398596465655712023148303173173625617456109014852791089527884590320201838663822684972532489783525944263241117811947512306928924706019699374824809368116805968844700689553244922646662031817428598871924656385681991340984751484716908148967287908171187321560857250025694833777855463632395686856225456740364321799926634676042609958611723658984406384068047734580405304178873193147583468071249577706812402337331306461396767845742998827081874578148453783909473879293336463
  public exponent: 65537
  Validity: [From: Fri Dec 15 02:00:00 CST 2006,
               To: Wed Dec 15 02:00:00 CST 2021]
  Issuer: CN=GlobalSign, O=GlobalSign, OU=GlobalSign Root CA - R2
  SerialNumber: [    04000000 00010f86 26e60d]

Certificate Extensions: 5
[1]: ObjectId: 2.5.29.35 Criticality=false
AuthorityKeyIdentifier [
KeyIdentifier [
0000: 9B E2 07 57 67 1C 1E C0   6A 06 DE 59 B4 9A 2D DF  ...Wg...j..Y..-.
0010: DC 19 86 2E                                        ....
]
]

[2]: ObjectId: 2.5.29.19 Criticality=true
BasicConstraints:[
  CA:true
  PathLen:2147483647
]

[3]: ObjectId: 2.5.29.31 Criticality=false
CRLDistributionPoints [
  [DistributionPoint:
     [URIName: http://crl.globalsign.net/root-r2.crl]
]]

[4]: ObjectId: 2.5.29.15 Criticality=true
KeyUsage [
  Key_CertSign
  Crl_Sign
]

[5]: ObjectId: 2.5.29.14 Criticality=false
SubjectKeyIdentifier [
KeyIdentifier [
0000: 9B E2 07 57 67 1C 1E C0   6A 06 DE 59 B4 9A 2D DF  ...Wg...j..Y..-.
0010: DC 19 86 2E                                        ....
]
]

]
  Algorithm: [SHA1withRSA]
  Signature:
0000: 99 81 53 87 1C 68 97 86   91 EC E0 4A B8 44 0B AB  ..S..h.....J.D..
0010: 81 AC 27 4F D6 C1 B8 1C   43 78 B3 0C 9A FC EA 2C  ..'O....Cx.....,
0020: 3C 6E 61 1B 4D 4B 29 F5   9F 05 1D 26 C1 B8 E9 83  <na.MK)....&....
0030: 00 62 45 B6 A9 08 93 B9   A9 33 4B 18 9A C2 F8 87  .bE......3K.....
0040: 88 4E DB DD 71 34 1A C1   54 DA 46 3F E0 D3 2A AB  .N..q4..T.F?..*.
0050: 6D 54 22 F5 3A 62 CD 20   6F BA 29 89 D7 DD 91 EE  mT".:b. o.).....
0060: D3 5C A2 3E A1 5B 41 F5   DF E5 64 43 2D E9 D5 39  .\.>.[A...dC-..9
0070: AB D2 A2 DF B7 8B D0 C0   80 19 1C 45 C0 2D 8C E8  ...........E.-..
0080: F8 2D A4 74 56 49 C5 05   B5 4F 15 DE 6E 44 78 39  .-.tVI...O..nDx9
0090: 87 A8 7E BB F3 79 18 91   BB F4 6F 9D C1 F0 8C 35  .....y....o....5
00A0: 8C 5D 01 FB C3 6D B9 EF   44 6D 79 46 31 7E 0A FE  .]...m..DmyF1...
00B0: A9 82 C1 FF EF AB 6E 20   C4 50 C9 5F 9D 4D 9B 17  ......n .P._.M..
00C0: 8C 0C E5 01 C9 A0 41 6A   73 53 FA A5 50 B4 6E 25  ......AjsS..P.n%
00D0: 0F FB 4C 18 F4 FD 52 D9   8E 69 B1 E8 11 0F DE 88  ..L...R..i......
00E0: D8 FB 1D 49 F7 AA DE 95   CF 20 78 C2 60 12 DB 25  ...I..... x.`..%
00F0: 40 8C 6A FC 7E 42 38 40   64 12 F7 9E 81 E1 93 2E  @.j..B8@d.......

]
jun. 01, 2022 11:15:52 P. M. com.sun.enterprise.security.ssl.impl.SecuritySupportImpl checkCertificateDates
ADVERTENCIA: The SSL certificate has expired: [
[
  Version: V3
  Subject: CN=Sonera Class2 CA, O=Sonera, C=FI
  Signature Algorithm: SHA1withRSA, OID = 1.2.840.113549.1.1.5

  Key:  Sun RSA public key, 2048 bits
  params: null
  modulus: 18189800583286101191633183869677108848088824488437879220311992624477100305378065893706125093249362721334015582031232199016408102988824793145987259254494039708809039677399826232287155965718677975489654666729803597921929664834492337631991937126979733279620107705427015077604198814801187574259239298727891863383115074653932238993508743984811543989990193579424040801882815813876509588323764142311153193383873935815704905326985357125377926860447143168487031100888313168032652599283345585090232405274495367305505950789859530087262822986344579055562271221282336217400369196446426420233527171006825435250020986516955124063171
  public exponent: 65537
  Validity: [From: Fri Apr 06 01:29:40 CST 2001,
               To: Tue Apr 06 01:29:40 CST 2021]
  Issuer: CN=Sonera Class2 CA, O=Sonera, C=FI
  SerialNumber: [    1d]

Certificate Extensions: 3
[1]: ObjectId: 2.5.29.19 Criticality=true
BasicConstraints:[
  CA:true
  PathLen:2147483647
]

[2]: ObjectId: 2.5.29.15 Criticality=false
KeyUsage [
  Key_CertSign
  Crl_Sign
]

[3]: ObjectId: 2.5.29.14 Criticality=false
SubjectKeyIdentifier [
KeyIdentifier [
0000: 4A A0 AA 58 84 D3 5E 3C                            J..X..^<
]
]

]
  Algorithm: [SHA1withRSA]
  Signature:
0000: 5A CE 87 F9 16 72 15 57   4B 1D D9 9B E7 A2 26 30  Z....r.WK.....&0
0010: EC 93 67 DF D6 2D D2 34   AF F7 38 A5 CE AB 16 B9  ..g..-.4..8.....
0020: AB 2F 7C 35 CB AC D0 0F   B4 4C 2B FC 80 EF 6B 8C  ./.5.....L+...k.
0030: 91 5F 36 76 F7 DB B3 1B   19 EA F4 B2 11 FD 61 71  ._6v..........aq
0040: 44 BF 28 B3 3A 1D BF B3   43 E8 9F BF DC 31 08 71  D.(.:...C....1.q
0050: B0 9D 8D D6 34 47 32 90   C6 65 24 F7 A0 4A 7C 04  ....4G2..e$..J..
0060: 73 8F 39 6F 17 8C 72 B5   BD 4B C8 7A F8 7B 83 C3  s.9o..r..K.z....
0070: 28 4E 9C 09 EA 67 3F B2   67 04 1B C3 14 DA F8 E7  (N...g?.g.......
0080: 49 24 91 D0 1D 6A FA 61   39 EF 6B E7 21 75 06 07  I$...j.a9.k.!u..
0090: D8 12 B4 21 20 70 42 71   81 DA 3C 9A 36 BE A6 5B  ...! pBq..<.6..[
00A0: 0D 6A 6C 9A 1F 91 7B F9   F9 EF 42 BA 4E 4E 9E CC  .jl.......B.NN..
00B0: 0C 8D 94 DC D9 45 9C 5E   EC 42 50 63 AE F4 5D C4  .....E.^.BPc..].
00C0: B1 12 DC CA 3B A8 2E 9D   14 5A 05 75 B7 EC D7 63  ....;....Z.u...c
00D0: E2 BA 35 B6 04 08 91 E8   DA 9D 9C F6 66 B5 18 AC  ..5.........f...
00E0: 0A A6 54 26 34 33 D2 1B   C1 D4 7F 1A 3A 8E 0B AA  ..T&43......:...
00F0: 32 6E DB FC 4F 25 9F D9   32 C7 96 5A 70 AC DF 4C  2n..O%..2..Zp..L

]
jun. 01, 2022 11:15:52 P. M. com.sun.enterprise.security.ssl.impl.SecuritySupportImpl checkCertificateDates
ADVERTENCIA: The SSL certificate has expired: [
[
  Version: V3
  Subject: CN=Sonera Class2 CA, O=Sonera, C=FI
  Signature Algorithm: SHA1withRSA, OID = 1.2.840.113549.1.1.5

  Key:  Sun RSA public key, 2048 bits
  params: null
  modulus: 18189800583286101191633183869677108848088824488437879220311992624477100305378065893706125093249362721334015582031232199016408102988824793145987259254494039708809039677399826232287155965718677975489654666729803597921929664834492337631991937126979733279620107705427015077604198814801187574259239298727891863383115074653932238993508743984811543989990193579424040801882815813876509588323764142311153193383873935815704905326985357125377926860447143168487031100888313168032652599283345585090232405274495367305505950789859530087262822986344579055562271221282336217400369196446426420233527171006825435250020986516955124063171
  public exponent: 65537
  Validity: [From: Fri Apr 06 01:29:40 CST 2001,
               To: Tue Apr 06 01:29:40 CST 2021]
  Issuer: CN=Sonera Class2 CA, O=Sonera, C=FI
  SerialNumber: [    1d]

Certificate Extensions: 3
[1]: ObjectId: 2.5.29.19 Criticality=true
BasicConstraints:[
  CA:true
  PathLen:2147483647
]

[2]: ObjectId: 2.5.29.15 Criticality=false
KeyUsage [
  Key_CertSign
  Crl_Sign
]

[3]: ObjectId: 2.5.29.14 Criticality=false
SubjectKeyIdentifier [
KeyIdentifier [
0000: 4A A0 AA 58 84 D3 5E 3C                            J..X..^<
]
]

]
  Algorithm: [SHA1withRSA]
  Signature:
0000: 5A CE 87 F9 16 72 15 57   4B 1D D9 9B E7 A2 26 30  Z....r.WK.....&0
0010: EC 93 67 DF D6 2D D2 34   AF F7 38 A5 CE AB 16 B9  ..g..-.4..8.....
0020: AB 2F 7C 35 CB AC D0 0F   B4 4C 2B FC 80 EF 6B 8C  ./.5.....L+...k.
0030: 91 5F 36 76 F7 DB B3 1B   19 EA F4 B2 11 FD 61 71  ._6v..........aq
0040: 44 BF 28 B3 3A 1D BF B3   43 E8 9F BF DC 31 08 71  D.(.:...C....1.q
0050: B0 9D 8D D6 34 47 32 90   C6 65 24 F7 A0 4A 7C 04  ....4G2..e$..J..
0060: 73 8F 39 6F 17 8C 72 B5   BD 4B C8 7A F8 7B 83 C3  s.9o..r..K.z....
0070: 28 4E 9C 09 EA 67 3F B2   67 04 1B C3 14 DA F8 E7  (N...g?.g.......
0080: 49 24 91 D0 1D 6A FA 61   39 EF 6B E7 21 75 06 07  I$...j.a9.k.!u..
0090: D8 12 B4 21 20 70 42 71   81 DA 3C 9A 36 BE A6 5B  ...! pBq..<.6..[
00A0: 0D 6A 6C 9A 1F 91 7B F9   F9 EF 42 BA 4E 4E 9E CC  .jl.......B.NN..
00B0: 0C 8D 94 DC D9 45 9C 5E   EC 42 50 63 AE F4 5D C4  .....E.^.BPc..].
00C0: B1 12 DC CA 3B A8 2E 9D   14 5A 05 75 B7 EC D7 63  ....;....Z.u...c
00D0: E2 BA 35 B6 04 08 91 E8   DA 9D 9C F6 66 B5 18 AC  ..5.........f...
00E0: 0A A6 54 26 34 33 D2 1B   C1 D4 7F 1A 3A 8E 0B AA  ..T&43......:...
00F0: 32 6E DB FC 4F 25 9F D9   32 C7 96 5A 70 AC DF 4C  2n..O%..2..Zp..L

]
jun. 01, 2022 11:15:52 P. M. com.sun.enterprise.security.ssl.impl.SecuritySupportImpl checkCertificateDates
ADVERTENCIA: The SSL certificate has expired: [
[
  Version: V3
  Subject: CN=GeoTrust Global CA, O=GeoTrust Inc., C=US
  Signature Algorithm: SHA1withRSA, OID = 1.2.840.113549.1.1.5

  Key:  Sun RSA public key, 2048 bits
  params: null
  modulus: 27620593608073140957439440929253438012688864718977347268272053725994928948867769687165112265058896553974818505070806430256424431940072485024407486246475597522063246121214348496326377341879755851197260401080498544606788760407243324127929930612201002157618691487713632251700065187865963692723720912135393438861302779432180613616167225206519123176430362410262429702404863434904116727055203524505580952824336979641923534005571504410997292144760317953739063178352809680844232935574095508445145910310675421726257114605895831426222686272114090063230017292595425393719031924942422176213538487957041730136782988405751614792953
  public exponent: 65537
  Validity: [From: Mon May 20 22:00:00 CST 2002,
               To: Fri May 20 22:00:00 CST 2022]
  Issuer: CN=GeoTrust Global CA, O=GeoTrust Inc., C=US
  SerialNumber: [    023456]

Certificate Extensions: 3
[1]: ObjectId: 2.5.29.35 Criticality=false
AuthorityKeyIdentifier [
KeyIdentifier [
0000: C0 7A 98 68 8D 89 FB AB   05 64 0C 11 7D AA 7D 65  .z.h.....d.....e
0010: B8 CA CC 4E                                        ...N
]
]

[2]: ObjectId: 2.5.29.19 Criticality=true
BasicConstraints:[
  CA:true
  PathLen:2147483647
]

[3]: ObjectId: 2.5.29.14 Criticality=false
SubjectKeyIdentifier [
KeyIdentifier [
0000: C0 7A 98 68 8D 89 FB AB   05 64 0C 11 7D AA 7D 65  .z.h.....d.....e
0010: B8 CA CC 4E                                        ...N
]
]

]
  Algorithm: [SHA1withRSA]
  Signature:
0000: 35 E3 29 6A E5 2F 5D 54   8E 29 50 94 9F 99 1A 14  5.)j./]T.)P.....
0010: E4 8F 78 2A 62 94 A2 27   67 9E D0 CF 1A 5E 47 E9  ..x*b..'g....^G.
0020: C1 B2 A4 CF DD 41 1A 05   4E 9B 4B EE 4A 6F 55 52  .....A..N.K.JoUR
0030: B3 24 A1 37 0A EB 64 76   2A 2E 2C F3 FD 3B 75 90  .$.7..dv*.,..;u.
0040: BF FA 71 D8 C7 3D 37 D2   B5 05 95 62 B9 A6 DE 89  ..q..=7....b....
0050: 3D 36 7B 38 77 48 97 AC   A6 20 8F 2E A6 C9 0C C2  =6.8wH... ......
0060: B2 99 45 00 C7 CE 11 51   22 22 E0 A5 EA B6 15 48  ..E....Q"".....H
0070: 09 64 EA 5E 4F 74 F7 05   3E C7 8A 52 0C DB 15 B4  .d.^Ot..>..R....
0080: BD 6D 9B E5 C6 B1 54 68   A9 E3 69 90 B6 9A A5 0F  .m....Th..i.....
0090: B8 B9 3F 20 7D AE 4A B5   B8 9C E4 1D B6 AB E6 94  ..? ..J.........
00A0: A5 C1 C7 83 AD DB F5 27   87 0E 04 6C D5 FF DD A0  .......'...l....
00B0: 5D ED 87 52 B7 2B 15 02   AE 39 A6 6A 74 E9 DA C4  ]..R.+...9.jt...
00C0: E7 BC 4D 34 1E A9 5C 4D   33 5F 92 09 2F 88 66 5D  ..M4..\M3_../.f]
00D0: 77 97 C7 1D 76 13 A9 D5   E5 F1 16 09 11 35 D5 AC  w...v........5..
00E0: DB 24 71 70 2C 98 56 0B   D9 17 B4 D1 E3 51 2B 5E  .$qp,.V......Q+^
00F0: 75 E8 D5 D0 DC 4F 34 ED   C2 05 66 80 A1 CB E6 33  u....O4...f....3

]
jun. 01, 2022 11:15:52 P. M. com.sun.enterprise.security.ssl.impl.SecuritySupportImpl checkCertificateDates
ADVERTENCIA: The SSL certificate has expired: [
[
  Version: V3
  Subject: CN=Sonera Class1 CA, O=Sonera, C=FI
  Signature Algorithm: SHA1withRSA, OID = 1.2.840.113549.1.1.5

  Key:  Sun RSA public key, 2048 bits
  params: null
  modulus: 22916750456184833482356812198666343853708509281592958876350262286098180769641892714852205792014581165440713265844229594822408688556470454987534563090959974097334510728836226458053285748752987253559942843631574999118570509950238738717067801003636940268393441426509734582771800417409938723023423089408206387997641887211989567733090793924544650962062886988656473207154052360215625473022426013182271178335051767413899894843499540405294394857435621236798818883245520866176681355203790260910021643387644623092058725944620326341213507945079905200135548142912489192598455849413980335492217267799211654696967478743187058401847
  public exponent: 65537
  Validity: [From: Fri Apr 06 04:49:13 CST 2001,
               To: Tue Apr 06 04:49:13 CST 2021]
  Issuer: CN=Sonera Class1 CA, O=Sonera, C=FI
  SerialNumber: [    24]

Certificate Extensions: 3
[1]: ObjectId: 2.5.29.19 Criticality=true
BasicConstraints:[
  CA:true
  PathLen:2147483647
]

[2]: ObjectId: 2.5.29.15 Criticality=false
KeyUsage [
  Key_CertSign
  Crl_Sign
]

[3]: ObjectId: 2.5.29.14 Criticality=false
SubjectKeyIdentifier [
KeyIdentifier [
0000: 47 E2 0C 8B F6 53 88 52                            G....S.R
]
]

]
  Algorithm: [SHA1withRSA]
  Signature:
0000: 8B 1A B2 C9 5D 61 B4 E1   B9 2B B9 53 D1 B2 85 9D  ....]a...+.S....
0010: 77 8E 16 EE 11 3D DB C2   63 D9 5B 97 65 FB 12 67  w....=..c.[.e..g
0020: D8 2A 5C B6 AB E5 5E C3   B7 16 2F C8 E8 AB 1D 8A  .*\...^.../.....
0030: FD AB 1A 7C D5 5F 63 CF   DC B0 DD 77 B9 A8 E6 D2  ....._c....w....
0040: 22 38 87 07 14 D9 FF BE   56 B5 FD 07 0E 3C 55 CA  "8......V....<U.
0050: 16 CC A7 A6 77 37 FB DB   5C 1F 4E 59 06 87 A3 03  ....w7..\.NY....
0060: 43 F5 16 AB B7 84 BD 4E   EF 9F 31 37 F0 46 F1 40  C......N..17.F.@
0070: B6 D1 0C A5 64 F8 63 5E   21 DB 55 4E 4F 31 76 9C  ....d.c^!.UNO1v.
0080: 10 61 8E B6 53 3A A3 11   BE AF 6D 7C 1E BD AE 2D  .a..S:....m....-
0090: E2 0C 69 C7 85 53 68 A2   61 BA C5 3E B4 79 54 78  ..i..Sh.a..>.yTx
00A0: 9E 0A C7 02 BE 62 D1 11   82 4B 65 2F 91 5A C2 A8  .....b...Ke/.Z..
00B0: 87 B1 56 68 94 79 F9 25   F7 C1 D5 AE 1A B8 BB 3D  ..Vh.y.%.......=
00C0: 8F A9 8A 38 15 F7 73 D0   5A 60 D1 80 B0 F0 DC D5  ...8..s.Z`......
00D0: 50 CD 4E EE 92 48 69 ED   B2 23 1E 30 CC C8 94 C8  P.N..Hi..#.0....
00E0: B6 F5 3B 86 7F 3F A6 2E   9F F6 3E 2C B5 92 96 3E  ..;..?....>,...>
00F0: DF 2C 93 8A FF 81 8C 0F   0F 59 21 19 57 BD 55 9A  .,.......Y!.W.U.

]
jun. 01, 2022 11:15:52 P. M. com.sun.enterprise.security.ssl.impl.SecuritySupportImpl checkCertificateDates
ADVERTENCIA: The SSL certificate has expired: [
[
  Version: V3
  Subject: EMAILADDRESS=server-certs@thawte.com, CN=Thawte Server CA, OU=Certification Services Division, O=Thawte Consulting cc, L=Cape Town, ST=Western Cape, C=ZA
  Signature Algorithm: SHA1withRSA, OID = 1.2.840.113549.1.1.5

  Key:  Sun RSA public key, 1024 bits
  params: null
  modulus: 148619962867508245751795614460646112130251182930213736635365631832103105627663364798385122850185507324884594770134378902729612844690235902763298902079667875539561498011485460248785858659201534940237633771873699167453925114267409767035622720411363754115391229542736755175730813334649395602443817303692641994509
  public exponent: 65537
  Validity: [From: Wed Jul 31 18:00:00 CST 1996,
               To: Fri Jan 01 17:59:59 CST 2021]
  Issuer: EMAILADDRESS=server-certs@thawte.com, CN=Thawte Server CA, OU=Certification Services Division, O=Thawte Consulting cc, L=Cape Town, ST=Western Cape, C=ZA
  SerialNumber: [    34a4fff6 30af4ca5 3c331742 a1946675]

Certificate Extensions: 1
[1]: ObjectId: 2.5.29.19 Criticality=true
BasicConstraints:[
  CA:true
  PathLen:2147483647
]

]
  Algorithm: [SHA1withRSA]
  Signature:
0000: BE 40 69 41 6F C6 DB C1   A7 BF 07 C0 45 E4 D0 B5  .@iAo.......E...
0010: 43 1E 4C 95 33 35 E9 5E   C2 3E 28 F6 A8 0D 50 D5  C.L.35.^.>(...P.
0020: FF E2 0C 0F FC 50 02 8E   AE 91 B9 AD 34 8A 8D 9F  .....P......4...
0030: 27 71 AA 19 CC 4B E8 04   CA D4 17 6B 12 1A D6 C6  'q...K.....k....
0040: 5F D6 CD 5E FF 89 76 BF   D8 48 D8 59 BD 08 8A 89  _..^..v..H.Y....
0050: 1D 57 CD 45 1E 52 BA 12   9A 84 FA 18 89 5F E8 F9  .W.E.R......._..
0060: 30 35 6A 01 60 B9 99 80   83 85 0A 6E DA F4 C9 8F  05j.`......n....
0070: 5E 73 2D 31 4A 63 A0 74   F2 1F 8B 22 D2 29 3E EB  ^s-1Jc.t...".)>.

]
jun. 01, 2022 11:15:52 P. M. com.sun.enterprise.security.ssl.impl.SecuritySupportImpl checkCertificateDates
ADVERTENCIA: The SSL certificate has expired: [
[
  Version: V3
  Subject: CN=QuoVadis Root Certification Authority, OU=Root Certification Authority, O=QuoVadis Limited, C=BM
  Signature Algorithm: SHA1withRSA, OID = 1.2.840.113549.1.1.5

  Key:  Sun RSA public key, 2048 bits
  params: null
  modulus: 24159698504956936973806422936485110192993298166451690125342557868669313791260208792863715383877659389124879879323347290065743113187876432695072762410249422871445076809209881012408581166976465644959788046730688591238468795461357071919660788338153095848983501682715599328266400085451943593285442363637118943100962783053699978483655952565394171393433915878031570390899981815149464441591022766912764387865676399550063538587688253863261057667269549800130298539010151617581363313264545066133530593161975846699667389620669640940270502406610621426691129508150600997561292709702218602541205671732205793132265077198990703235259
  public exponent: 65537
  Validity: [From: Mon Mar 19 12:33:33 CST 2001,
               To: Wed Mar 17 12:33:33 CST 2021]
  Issuer: CN=QuoVadis Root Certification Authority, OU=Root Certification Authority, O=QuoVadis Limited, C=BM
  SerialNumber: [    3ab6508b]

Certificate Extensions: 6
[1]: ObjectId: 1.3.6.1.5.5.7.1.1 Criticality=false
AuthorityInfoAccess [
  [
   accessMethod: ocsp
   accessLocation: URIName: https://ocsp.quovadisoffshore.com
]
]

[2]: ObjectId: 2.5.29.35 Criticality=false
AuthorityKeyIdentifier [
KeyIdentifier [
0000: 8B 4B 6D ED D3 29 B9 06   19 EC 39 39 A9 F0 97 84  .Km..)....99....
0010: 6A CB EF DF                                        j...
]
[CN=QuoVadis Root Certification Authority, OU=Root Certification Authority, O=QuoVadis Limited, C=BM]
SerialNumber: [    3ab6508b]
]

[3]: ObjectId: 2.5.29.19 Criticality=true
BasicConstraints:[
  CA:true
  PathLen:2147483647
]

[4]: ObjectId: 2.5.29.32 Criticality=false
CertificatePolicies [
  [CertificatePolicyId: [1.3.6.1.4.1.8024.0.1]
[PolicyQualifierInfo: [
  qualifierID: 1.3.6.1.5.5.7.2.2
  qualifier: 0000: 30 81 C7 1A 81 C4 52 65   6C 69 61 6E 63 65 20 6F  0.....Reliance o
0010: 6E 20 74 68 65 20 51 75   6F 56 61 64 69 73 20 52  n the QuoVadis R
0020: 6F 6F 74 20 43 65 72 74   69 66 69 63 61 74 65 20  oot Certificate 
0030: 62 79 20 61 6E 79 20 70   61 72 74 79 20 61 73 73  by any party ass
0040: 75 6D 65 73 20 61 63 63   65 70 74 61 6E 63 65 20  umes acceptance 
0050: 6F 66 20 74 68 65 20 74   68 65 6E 20 61 70 70 6C  of the then appl
0060: 69 63 61 62 6C 65 20 73   74 61 6E 64 61 72 64 20  icable standard 
0070: 74 65 72 6D 73 20 61 6E   64 20 63 6F 6E 64 69 74  terms and condit
0080: 69 6F 6E 73 20 6F 66 20   75 73 65 2C 20 63 65 72  ions of use, cer
0090: 74 69 66 69 63 61 74 69   6F 6E 20 70 72 61 63 74  tification pract
00A0: 69 63 65 73 2C 20 61 6E   64 20 74 68 65 20 51 75  ices, and the Qu
00B0: 6F 56 61 64 69 73 20 43   65 72 74 69 66 69 63 61  oVadis Certifica
00C0: 74 65 20 50 6F 6C 69 63   79 2E                    te Policy.

], PolicyQualifierInfo: [
  qualifierID: 1.3.6.1.5.5.7.2.1
  qualifier: 0000: 16 16 68 74 74 70 3A 2F   2F 77 77 77 2E 71 75 6F  ..http://www.quo
0010: 76 61 64 69 73 2E 62 6D                            vadis.bm

]]  ]
]

[5]: ObjectId: 2.5.29.15 Criticality=true
KeyUsage [
  Key_CertSign
  Crl_Sign
]

[6]: ObjectId: 2.5.29.14 Criticality=false
SubjectKeyIdentifier [
KeyIdentifier [
0000: 8B 4B 6D ED D3 29 B9 06   19 EC 39 39 A9 F0 97 84  .Km..)....99....
0010: 6A CB EF DF                                        j...
]
]

]
  Algorithm: [SHA1withRSA]
  Signature:
0000: 8A D4 14 B5 FE F4 9A 92   A7 19 D4 A4 7E 72 18 8F  .............r..
0010: D9 68 7C 52 24 DD 67 6F   39 7A C4 AA 5E 3D E2 58  .h.R$.go9z..^=.X
0020: B0 4D 70 98 84 61 E8 1B   E3 69 18 0E CE FB 47 50  .Mp..a...i....GP
0030: A0 4E FF F0 24 1F BD B2   CE F5 27 FC EC 2F 53 AA  .N..$.....'../S.
0040: 73 7B 03 3D 74 6E E6 16   9E EB A5 2E C4 BF 56 27  s..=tn........V'
0050: 50 2B 62 BA BE 4B 1C 3C   55 5C 41 1D 24 BE 82 20  P+b..K.<U\A.$.. 
0060: 47 5D D5 44 7E 7A 16 68   DF 7D 4D 51 70 78 57 1D  G].D.z.h..MQpxW.
0070: 33 1E FD 02 99 9C 0C CD   0A 05 4F C7 BB 8E A4 75  3.........O....u
0080: FA 4A 6D B1 80 8E 09 56   B9 9C 1A 60 FE 5D C1 D7  .Jm....V...`.]..
0090: 7A DC 11 78 D0 D6 5D C1   B7 D5 AD 32 99 03 3A 8A  z..x..]....2..:.
00A0: CC 54 25 39 31 81 7B 13   22 51 BA 46 6C A1 BB 9E  .T%91..."Q.Fl...
00B0: FA 04 6C 49 26 74 8F D2   73 EB CC 30 A2 E6 EA 59  ..lI&t..s..0...Y
00C0: 22 87 F8 97 F5 0E FD EA   CC 92 A4 16 C4 52 18 EA  "............R..
00D0: 21 CE B1 F1 E6 84 81 E5   BA A9 86 28 F2 43 5A 5D  !..........(.CZ]
00E0: 12 9D AC 1E D9 A8 E5 0A   6A A7 7F A0 87 29 CF F2  ........j....)..
00F0: 89 4D D4 EC C5 E2 E6 7A   D0 36 23 8A 4A 74 36 F9  .M.....z.6#.Jt6.

]
jun. 01, 2022 11:15:52 P. M. com.sun.enterprise.security.ssl.impl.SecuritySupportImpl checkCertificateDates
ADVERTENCIA: The SSL certificate has expired: [
[
  Version: V3
  Subject: CN=DST Root CA X3, O=Digital Signature Trust Co.
  Signature Algorithm: SHA1withRSA, OID = 1.2.840.113549.1.1.5

  Key:  Sun RSA public key, 2048 bits
  params: null
  modulus: 28237887677026032203151777657129561581522073060401233851894187952595640780665579499663841407267510759260214748789212535957135845654219821366017427323985352100172211628961551647178765278465245040619994286316630852210928184346090961906367138096715766033171261107313432772299467819936678634109708967378829013418649505942485529500580167736159568208924601034682852941882633722952597854385181938557682865139545636282689862459897027632511916072421459210380987954549724536623494064393973052186448977570989493998685404014473715688796607543139914669307234440905936555495044671225489918726010863829142065064843131427399159251549
  public exponent: 65537
  Validity: [From: Sat Sep 30 15:12:19 CST 2000,
               To: Thu Sep 30 08:01:15 CST 2021]
  Issuer: CN=DST Root CA X3, O=Digital Signature Trust Co.
  SerialNumber: [    44afb080 d6a327ba 89303986 2ef8406b]

Certificate Extensions: 3
[1]: ObjectId: 2.5.29.19 Criticality=true
BasicConstraints:[
  CA:true
  PathLen:2147483647
]

[2]: ObjectId: 2.5.29.15 Criticality=true
KeyUsage [
  Key_CertSign
  Crl_Sign
]

[3]: ObjectId: 2.5.29.14 Criticality=false
SubjectKeyIdentifier [
KeyIdentifier [
0000: C4 A7 B1 A4 7B 2C 71 FA   DB E1 4B 90 75 FF C4 15  .....,q...K.u...
0010: 60 85 89 10                                        `...
]
]

]
  Algorithm: [SHA1withRSA]
  Signature:
0000: A3 1A 2C 9B 17 00 5C A9   1E EE 28 66 37 3A BF 83  ..,...\...(f7:..
0010: C7 3F 4B C3 09 A0 95 20   5D E3 D9 59 44 D2 3E 0D  .?K.... ]..YD.>.
0020: 3E BD 8A 4B A0 74 1F CE   10 82 9C 74 1A 1D 7E 98  >..K.t.....t....
0030: 1A DD CB 13 4B B3 20 44   E4 91 E9 CC FC 7D A5 DB  ....K. D........
0040: 6A E5 FE E6 FD E0 4E DD   B7 00 3A B5 70 49 AF F2  j.....N...:.pI..
0050: E5 EB 02 F1 D1 02 8B 19   CB 94 3A 5E 48 C4 18 1E  ..........:^H...
0060: 58 19 5F 1E 02 5A F0 0C   F1 B1 AD A9 DC 59 86 8B  X._..Z.......Y..
0070: 6E E9 91 F5 86 CA FA B9   66 33 AA 59 5B CE E2 A7  n.......f3.Y[...
0080: 16 73 47 CB 2B CC 99 B0   37 48 CF E3 56 4B F5 CF  .sG.+...7H..VK..
0090: 0F 0C 72 32 87 C6 F0 44   BB 53 72 6D 43 F5 26 48  ..r2...D.SrmC.&H
00A0: 9A 52 67 B7 58 AB FE 67   76 71 78 DB 0D A2 56 14  .Rg.X..gvqx...V.
00B0: 13 39 24 31 85 A2 A8 02   5A 30 47 E1 DD 50 07 BC  .9$1....Z0G..P..
00C0: 02 09 90 00 EB 64 63 60   9B 16 BC 88 C9 12 E6 D2  .....dc`........
00D0: 7D 91 8B F9 3D 32 8D 65   B4 E9 7C B1 57 76 EA C5  ....=2.e....Wv..
00E0: B6 28 39 BF 15 65 1C C8   F6 77 96 6A 0A 8D 77 0B  .(9..e...w.j..w.
00F0: D8 91 0B 04 8E 07 DB 29   B6 0A EE 9D 82 35 35 10  .......).....55.

]
jun. 01, 2022 11:15:52 P. M. com.sun.enterprise.security.ssl.impl.SecuritySupportImpl checkCertificateDates
ADVERTENCIA: The SSL certificate has expired: [
[
  Version: V3
  Subject: CN=Thawte Timestamping CA, OU=Thawte Certification, O=Thawte, L=Durbanville, ST=Western Cape, C=ZA
  Signature Algorithm: MD5withRSA, OID = 1.2.840.113549.1.1.4

  Key:  Sun RSA public key, 1024 bits
  params: null
  modulus: 150394810126050534195607348771257688618226830439427012944317605301871780585155880224059919275918092942113826771457306002168961528354555410811499383007163869667256402121606010388051928897681658302241334246227013894619095367906998686005623619895444985599269532138452649990612009700935363403449682782499603253303
  public exponent: 65537
  Validity: [From: Tue Dec 31 18:00:00 CST 1996,
               To: Thu Dec 31 17:59:59 CST 2020]
  Issuer: CN=Thawte Timestamping CA, OU=Thawte Certification, O=Thawte, L=Durbanville, ST=Western Cape, C=ZA
  SerialNumber: [    00]

Certificate Extensions: 1
[1]: ObjectId: 2.5.29.19 Criticality=true
BasicConstraints:[
  CA:true
  PathLen:2147483647
]

]
  Algorithm: [MD5withRSA]
  Signature:
0000: 67 DB E2 C2 E6 87 3D 40   83 86 37 35 7D 1F CE 9A  g.....=@..75....
0010: C3 0C 66 20 A8 BA AA 04   89 86 C2 F5 10 08 0D BF  ..f ............
0020: CB A2 05 8A D0 4D 36 3E   F4 D7 EF 69 C6 5E E4 B0  .....M6>...i.^..
0030: 94 6F 4A B9 E7 DE 5B 88   B6 7B DB E3 27 E5 76 C3  .oJ...[.....'.v.
0040: F0 35 C1 CB B5 27 9B 33   79 DC 90 A6 00 9E 77 FA  .5...'.3y.....w.
0050: FC CD 27 94 42 16 9C D3   1C 68 EC BF 5C DD E5 A9  ..'.B....h..\...
0060: 7B 10 0A 32 74 54 13 31   8B 85 03 84 91 B7 58 01  ...2tT.1......X.
0070: 30 14 38 AF 28 CA FC B1   50 19 19 09 AC 89 49 D3  0.8.(...P.....I.

]
jun. 01, 2022 11:15:52 P. M. com.sun.enterprise.security.ssl.impl.SecuritySupportImpl checkCertificateDates
ADVERTENCIA: The SSL certificate has expired: [
[
  Version: V3
  Subject: CN=Cybertrust Global Root, O="Cybertrust, Inc"
  Signature Algorithm: SHA1withRSA, OID = 1.2.840.113549.1.1.5

  Key:  Sun RSA public key, 2048 bits
  params: null
  modulus: 31406086863853339614786463945665006091825321746292974032075109763941168172593882473582961627008352444079145675351385900708129081497607089017329409594468035320682096346734075492997403070793519552788350008081203303471332386373704595449284865412073659457501957028081264024671694760101660705204156984517694405101994603539690552290606865622457220815368390286450693956965889462171306833581726262489651104041406085303372913841534128533101499335562168326370545583956917237487887103701112968547806227798294711672392349657692008416677913703875810313921466914414637063617907291003581979616487942445986175951017114046467179620261
  public exponent: 65537
  Validity: [From: Fri Dec 15 02:00:00 CST 2006,
               To: Wed Dec 15 02:00:00 CST 2021]
  Issuer: CN=Cybertrust Global Root, O="Cybertrust, Inc"
  SerialNumber: [    04000000 00010f85 aa2d48]

Certificate Extensions: 5
[1]: ObjectId: 2.5.29.35 Criticality=false
AuthorityKeyIdentifier [
KeyIdentifier [
0000: B6 08 7B 0D 7A CC AC 20   4C 86 56 32 5E CF AB 6E  ....z.. L.V2^..n
0010: 85 2D 70 57                                        .-pW
]
]

[2]: ObjectId: 2.5.29.19 Criticality=true
BasicConstraints:[
  CA:true
  PathLen:2147483647
]

[3]: ObjectId: 2.5.29.31 Criticality=false
CRLDistributionPoints [
  [DistributionPoint:
     [URIName: http://www2.public-trust.com/crl/ct/ctroot.crl]
]]

[4]: ObjectId: 2.5.29.15 Criticality=true
KeyUsage [
  Key_CertSign
  Crl_Sign
]

[5]: ObjectId: 2.5.29.14 Criticality=false
SubjectKeyIdentifier [
KeyIdentifier [
0000: B6 08 7B 0D 7A CC AC 20   4C 86 56 32 5E CF AB 6E  ....z.. L.V2^..n
0010: 85 2D 70 57                                        .-pW
]
]

]
  Algorithm: [SHA1withRSA]
  Signature:
0000: 56 EF 0A 23 A0 54 4E 95   97 C9 F8 89 DA 45 C1 D4  V..#.TN......E..
0010: A3 00 25 F4 1F 13 AB B7   A3 85 58 69 C2 30 AD D8  ..%.......Xi.0..
0020: 15 8A 2D E3 C9 CD 81 5A   F8 73 23 5A A7 7C 05 F3  ..-....Z.s#Z....
0030: FD 22 3B 0E D1 06 C4 DB   36 4C 73 04 8E E5 B0 22  .";.....6Ls...."
0040: E4 C5 F3 2E A5 D9 23 E3   B8 4E 4A 20 A7 6E 02 24  ......#..NJ .n.$
0050: 9F 22 60 67 7B 8B 1D 72   09 C5 31 5C E9 79 9F 80  ."`g...r..1\.y..
0060: 47 3D AD A1 0B 07 14 3D   47 FF 03 69 1A 0C 0B 44  G=.....=G..i...D
0070: E7 63 25 A7 7F B2 C9 B8   76 84 ED 23 F6 7D 07 AB  .c%.....v..#....
0080: 45 7E D3 DF B3 BF E9 8A   B6 CD A8 A2 67 2B 52 D5  E...........g+R.
0090: B7 65 F0 39 4C 63 A0 91   79 93 52 0F 54 DD 83 BB  .e.9Lc..y.R.T...
00A0: 9F D1 8F A7 53 73 C3 CB   FF 30 EC 7C 04 B8 D8 44  ....Ss...0.....D
00B0: 1F 93 5F 71 09 22 B7 6E   3E EA 1C 03 4E 9D 1A 20  .._q.".n>...N.. 
00C0: 61 FB 81 37 EC 5E FC 0A   45 AB D7 E7 17 55 D0 A0  a..7.^..E....U..
00D0: EA 60 9B A6 F6 E3 8C 5B   29 C2 06 60 14 9D 2D 97  .`.....[)..`..-.
00E0: 4C A9 93 15 9D 61 C4 01   5F 48 D6 58 BD 56 31 12  L....a.._H.X.V1.
00F0: 4E 11 C8 21 E0 B3 11 91   65 DB B4 A6 88 38 CE 55  N..!....e....8.U

]
jun. 01, 2022 11:15:52 P. M. com.sun.enterprise.security.ssl.impl.SecuritySupportImpl checkCertificateDates
ADVERTENCIA: The SSL certificate has expired: [
[
  Version: V3
  Subject: EMAILADDRESS=premium-server@thawte.com, CN=Thawte Premium Server CA, OU=Certification Services Division, O=Thawte Consulting cc, L=Cape Town, ST=Western Cape, C=ZA
  Signature Algorithm: SHA1withRSA, OID = 1.2.840.113549.1.1.5

  Key:  Sun RSA public key, 1024 bits
  params: null
  modulus: 147615723393259181416635428961329342020669051439139433844527551020558419419302186744111967954084722208863267607710475139716371688682959340524636682374402009636778742019638875797953488482650734868036331360260559337468576998663423718393870107693392913633351064416793992445974512528326405756434384337574662315063
  public exponent: 65537
  Validity: [From: Wed Jul 31 18:00:00 CST 1996,
               To: Fri Jan 01 17:59:59 CST 2021]
  Issuer: EMAILADDRESS=premium-server@thawte.com, CN=Thawte Premium Server CA, OU=Certification Services Division, O=Thawte Consulting cc, L=Cape Town, ST=Western Cape, C=ZA
  SerialNumber: [    36122296 c5e338a5 20a1d25f 4cd70954]

Certificate Extensions: 1
[1]: ObjectId: 2.5.29.19 Criticality=true
BasicConstraints:[
  CA:true
  PathLen:2147483647
]

]
  Algorithm: [SHA1withRSA]
  Signature:
0000: 65 90 AC 88 0F 56 D9 E6   30 34 D4 26 C7 D0 50 F1  e....V..04.&..P.
0010: 92 DE 6B D4 39 88 09 22   C6 A6 63 83 03 F7 99 77  ..k.9.."..c....w
0020: D8 B2 E5 18 B8 5D 63 F3   D4 73 FB 6C 9C 99 78 F1  .....]c..s.l..x.
0030: 4B 78 7D 19 24 C3 2B 02   84 F8 BC 22 D9 8A 22 D7  Kx..$.+...."..".
0040: A0 FC 71 EC 91 87 20 F1   B8 EC B1 E5 55 80 AC 3D  ..q... .....U..=
0050: 52 C8 39 0E C2 F0 C0 05   4F D6 82 75 8C BD 5F D2  R.9.....O..u.._.
0060: DC 76 9A 05 12 C9 AF 72   C3 DC 25 7E A4 4D 8E 17  .v.....r..%..M..
0070: A5 E0 87 7F E1 9A 5A E1   60 DC 64 23 3C 42 2E 4D  ......Z.`.d#<B.M

]
jun. 01, 2022 11:15:52 P. M. com.sun.enterprise.security.ssl.impl.SecuritySupportImpl checkCertificateDates
ADVERTENCIA: The SSL certificate has expired: [
[
  Version: V3
  Subject: EMAILADDRESS=personal-freemail@thawte.com, CN=Thawte Personal Freemail CA, OU=Certification Services Division, O=Thawte Consulting, L=Cape Town, ST=Western Cape, C=ZA
  Signature Algorithm: SHA1withRSA, OID = 1.2.840.113549.1.1.5

  Key:  Sun RSA public key, 1024 bits
  params: null
  modulus: 149161796890203947784625303896448417863199124320513897795546256994856652449355775064166771547386194697280617712414360389399283615491460698232765799034255580696358237734026400920372810614428305575894738085550897558802734647342719795136719797806450225506954481364914360223795409743164374526125390099465365626041
  public exponent: 65537
  Validity: [From: Sun Dec 31 18:00:00 CST 1995,
               To: Fri Jan 01 17:59:59 CST 2021]
  Issuer: EMAILADDRESS=personal-freemail@thawte.com, CN=Thawte Personal Freemail CA, OU=Certification Services Division, O=Thawte Consulting, L=Cape Town, ST=Western Cape, C=ZA
  SerialNumber: [    123df0e7 da2a2247 a43889e0 8aeec967]

Certificate Extensions: 1
[1]: ObjectId: 2.5.29.19 Criticality=true
BasicConstraints:[
  CA:true
  PathLen:2147483647
]

]
  Algorithm: [SHA1withRSA]
  Signature:
0000: 1E 98 60 D4 E5 F2 54 60   B0 3D 1A 81 64 47 F7 5B  ..`...T`.=..dG.[
0010: A3 D9 6F C3 29 0B A7 D2   A9 81 49 F6 C3 6D 85 14  ..o.).....I..m..
0020: 28 45 44 01 F4 71 5C 95   2E 14 0F 1A 2B D1 A9 6B  (ED..q\.....+..k
0030: C1 5F 67 3D 16 F1 72 20   AF BE 16 CA 0E 30 5F C9  ._g=..r .....0_.
0040: CB A5 93 2C C3 67 54 1E   72 22 8A 23 76 6C 94 1D  ...,.gT.r".#vl..
0050: 51 52 6C 9D C4 E0 47 02   D7 CC BF F0 80 7B 18 6E  QRl...G........n
0060: 25 DC 62 61 D6 A6 FE C1   1D 7F D9 B3 FD 8D 5C 45  %.ba..........\E
0070: 10 5A C6 65 64 9A EB 2C   F5 03 4F D6 48 62 FB 2E  .Z.ed..,..O.Hb..

]
jun. 01, 2022 11:15:52 P. M. com.sun.enterprise.security.SecurityLifecycle <init>
INFORMACIÓN: Java security manager is disabled.
jun. 01, 2022 11:15:52 P. M. com.sun.enterprise.security.SecurityLifecycle onInitialization
INFORMACIÓN: Entering Security Startup Service.
jun. 01, 2022 11:15:52 P. M. com.sun.enterprise.security.PolicyLoader installPolicyFromClassName
INFORMACIÓN: Loading policy provider com.sun.enterprise.security.provider.PolicyWrapper.
jun. 01, 2022 11:15:52 P. M. com.sun.enterprise.security.SecurityLifecycle onInitialization
INFORMACIÓN: Security Service(s) started successfully.
jun. 01, 2022 11:15:52 P. M. com.sun.enterprise.web.WebContainer createHttpListener
INFORMACIÓN: Created HTTP listener http-listener on host/port 0.0.0.0:8181
jun. 01, 2022 11:15:52 P. M. com.sun.enterprise.web.WebContainer createHttpListener
INFORMACIÓN: Created HTTP listener https-listener on host/port 0.0.0.0:8182
jun. 01, 2022 11:15:52 P. M. com.sun.enterprise.web.WebContainer createHttpListener
INFORMACIÓN: Created HTTP listener admin-listener on host/port 0.0.0.0:4848
jun. 01, 2022 11:15:52 P. M. com.sun.enterprise.web.WebContainer createHosts
INFORMACIÓN: Created virtual server server
jun. 01, 2022 11:15:52 P. M. com.sun.enterprise.web.WebContainer createHosts
INFORMACIÓN: Created virtual server __asadmin
jun. 01, 2022 11:15:53 P. M. com.sun.enterprise.web.WebContainer loadSystemDefaultWebModules
INFORMACIÓN: Virtual server server loaded default web module 
jun. 01, 2022 11:15:54 P. M. org.glassfish.hk2.classmodel.reflect.Parser awaitTermination
INFORMACIÓN: visiting unvisited references
jun. 01, 2022 11:15:54 P. M. org.glassfish.hk2.classmodel.reflect.Parser awaitTermination
INFORMACIÓN: visiting unvisited references
jun. 01, 2022 11:15:54 P. M. org.glassfish.hk2.classmodel.reflect.Parser awaitTermination
INFORMACIÓN: visiting unvisited references
jun. 01, 2022 11:15:54 P. M. org.glassfish.hk2.classmodel.reflect.Parser awaitTermination
INFORMACIÓN: visiting unvisited references
jun. 01, 2022 11:15:54 P. M. org.glassfish.hk2.classmodel.reflect.Parser awaitTermination
INFORMACIÓN: visiting unvisited references
jun. 01, 2022 11:15:54 P. M. org.glassfish.hk2.classmodel.reflect.Parser awaitTermination
INFORMACIÓN: visiting unvisited references
jun. 01, 2022 11:15:54 P. M. org.glassfish.hk2.classmodel.reflect.Parser awaitTermination
INFORMACIÓN: visiting unvisited references
jun. 01, 2022 11:15:54 P. M. org.glassfish.hk2.classmodel.reflect.Parser awaitTermination
INFORMACIÓN: visiting unvisited references
jun. 01, 2022 11:15:54 P. M. org.glassfish.hk2.classmodel.reflect.Parser awaitTermination
INFORMACIÓN: visiting unvisited references
jun. 01, 2022 11:15:54 P. M. org.glassfish.hk2.classmodel.reflect.Parser awaitTermination
INFORMACIÓN: visiting unvisited references
jun. 01, 2022 11:15:55 P. M. org.eclipse.persistence.session./file:/tmp/gfembed12724135745135464521tmp/applications/4c828faf-1c89-4fad-af4a-6afaa633c7e7/WEB-INF/classes/_Baches_PU
INFORMACIÓN: EclipseLink, version: Eclipse Persistence Services - 2.7.9.payara-p1
jun. 01, 2022 11:15:56 P. M. com.sun.logging.LogDomains getResourceBundle
INFORMACIÓN: Cannot find the resource bundle for the name com.sun.logging.enterprise.system.util for class com.sun.appserv.ClassLoaderUtil using jdk.internal.loader.ClassLoaders$AppClassLoader@3d4eac69
jun. 01, 2022 11:15:56 P. M. com.sun.appserv.ClassLoaderUtil releaseLoader
ADVERTENCIA: classloaderutil.errorReleasingLoader
java.lang.reflect.InaccessibleObjectException: Unable to make field private final java.util.ArrayList jdk.internal.loader.URLClassPath.loaders accessible: module java.base does not "opens jdk.internal.loader" to unnamed module @593634ad
	at java.base/java.lang.reflect.AccessibleObject.checkCanSetAccessible(AccessibleObject.java:340)
	at java.base/java.lang.reflect.AccessibleObject.checkCanSetAccessible(AccessibleObject.java:280)
	at java.base/java.lang.reflect.Field.checkCanSetAccessible(Field.java:176)
	at java.base/java.lang.reflect.Field.setAccessible(Field.java:170)
	at com.sun.appserv.ClassLoaderUtil.getField(ClassLoaderUtil.java:308)
	at com.sun.appserv.ClassLoaderUtil.initForClosingJars(ClassLoaderUtil.java:290)
	at com.sun.appserv.ClassLoaderUtil.init(ClassLoaderUtil.java:263)
	at com.sun.appserv.ClassLoaderUtil.releaseLoader(ClassLoaderUtil.java:139)
	at com.sun.appserv.ClassLoaderUtil.releaseLoader(ClassLoaderUtil.java:111)
	at org.glassfish.web.loader.WebappClassLoader.stop(WebappClassLoader.java:2000)
	at org.glassfish.web.loader.WebappClassLoader.preDestroy(WebappClassLoader.java:1961)
	at org.glassfish.deployment.common.DeploymentContextImpl.getClassLoader(DeploymentContextImpl.java:293)
	at org.glassfish.deployment.common.DeploymentContextImpl.getClassLoader(DeploymentContextImpl.java:235)
	at com.sun.enterprise.v3.server.ApplicationLifecycle.prepare(ApplicationLifecycle.java:561)
	at org.glassfish.deployment.admin.DeployCommand.execute(DeployCommand.java:588)
	at com.sun.enterprise.v3.admin.CommandRunnerImpl$2$1.run(CommandRunnerImpl.java:556)
	at com.sun.enterprise.v3.admin.CommandRunnerImpl$2$1.run(CommandRunnerImpl.java:552)
	at java.base/java.security.AccessController.doPrivileged(Native Method)
	at java.base/javax.security.auth.Subject.doAs(Subject.java:361)
	at com.sun.enterprise.v3.admin.CommandRunnerImpl$2.execute(CommandRunnerImpl.java:551)
	at com.sun.enterprise.v3.admin.CommandRunnerImpl$3.run(CommandRunnerImpl.java:582)
	at com.sun.enterprise.v3.admin.CommandRunnerImpl$3.run(CommandRunnerImpl.java:574)
	at java.base/java.security.AccessController.doPrivileged(Native Method)
	at java.base/javax.security.auth.Subject.doAs(Subject.java:361)
	at com.sun.enterprise.v3.admin.CommandRunnerImpl.doCommand(CommandRunnerImpl.java:573)
	at com.sun.enterprise.v3.admin.CommandRunnerImpl.doCommand(CommandRunnerImpl.java:1497)
	at com.sun.enterprise.v3.admin.CommandRunnerImpl.access$1300(CommandRunnerImpl.java:120)
	at com.sun.enterprise.v3.admin.CommandRunnerImpl$ExecutionContext.execute(CommandRunnerImpl.java:1879)
	at com.sun.enterprise.v3.admin.CommandRunnerImpl$ExecutionContext.execute(CommandRunnerImpl.java:1755)
	at com.sun.enterprise.admin.cli.embeddable.DeployerImpl.deploy(DeployerImpl.java:131)
	at com.sun.enterprise.admin.cli.embeddable.DeployerImpl.deploy(DeployerImpl.java:104)
	at fish.payara.arquillian.container.payara.embedded.PayaraContainer.deploy(PayaraContainer.java:236)
	at org.jboss.arquillian.container.impl.client.container.ContainerDeployController$3.call(ContainerDeployController.java:151)
	at org.jboss.arquillian.container.impl.client.container.ContainerDeployController$3.call(ContainerDeployController.java:118)
	at org.jboss.arquillian.container.impl.client.container.ContainerDeployController.executeOperation(ContainerDeployController.java:239)
	at org.jboss.arquillian.container.impl.client.container.ContainerDeployController.deploy(ContainerDeployController.java:118)
	at java.base/jdk.internal.reflect.NativeMethodAccessorImpl.invoke0(Native Method)
	at java.base/jdk.internal.reflect.NativeMethodAccessorImpl.invoke(NativeMethodAccessorImpl.java:62)
	at java.base/jdk.internal.reflect.DelegatingMethodAccessorImpl.invoke(DelegatingMethodAccessorImpl.java:43)
	at java.base/java.lang.reflect.Method.invoke(Method.java:566)
	at org.jboss.arquillian.core.impl.ObserverImpl.invoke(ObserverImpl.java:86)
	at org.jboss.arquillian.core.impl.EventContextImpl.invokeObservers(EventContextImpl.java:103)
	at org.jboss.arquillian.core.impl.EventContextImpl.proceed(EventContextImpl.java:90)
	at org.jboss.arquillian.container.impl.client.ContainerDeploymentContextHandler.createDeploymentContext(ContainerDeploymentContextHandler.java:71)
	at java.base/jdk.internal.reflect.NativeMethodAccessorImpl.invoke0(Native Method)
	at java.base/jdk.internal.reflect.NativeMethodAccessorImpl.invoke(NativeMethodAccessorImpl.java:62)
	at java.base/jdk.internal.reflect.DelegatingMethodAccessorImpl.invoke(DelegatingMethodAccessorImpl.java:43)
	at java.base/java.lang.reflect.Method.invoke(Method.java:566)
	at org.jboss.arquillian.core.impl.ObserverImpl.invoke(ObserverImpl.java:86)
	at org.jboss.arquillian.core.impl.EventContextImpl.proceed(EventContextImpl.java:95)
	at org.jboss.arquillian.container.impl.client.ContainerDeploymentContextHandler.createContainerContext(ContainerDeploymentContextHandler.java:54)
	at java.base/jdk.internal.reflect.NativeMethodAccessorImpl.invoke0(Native Method)
	at java.base/jdk.internal.reflect.NativeMethodAccessorImpl.invoke(NativeMethodAccessorImpl.java:62)
	at java.base/jdk.internal.reflect.DelegatingMethodAccessorImpl.invoke(DelegatingMethodAccessorImpl.java:43)
	at java.base/java.lang.reflect.Method.invoke(Method.java:566)
	at org.jboss.arquillian.core.impl.ObserverImpl.invoke(ObserverImpl.java:86)
	at org.jboss.arquillian.core.impl.EventContextImpl.proceed(EventContextImpl.java:95)
	at org.jboss.arquillian.container.impl.client.container.DeploymentExceptionHandler.verifyExpectedExceptionDuringDeploy(DeploymentExceptionHandler.java:47)
	at java.base/jdk.internal.reflect.NativeMethodAccessorImpl.invoke0(Native Method)
	at java.base/jdk.internal.reflect.NativeMethodAccessorImpl.invoke(NativeMethodAccessorImpl.java:62)
	at java.base/jdk.internal.reflect.DelegatingMethodAccessorImpl.invoke(DelegatingMethodAccessorImpl.java:43)
	at java.base/java.lang.reflect.Method.invoke(Method.java:566)
	at org.jboss.arquillian.core.impl.ObserverImpl.invoke(ObserverImpl.java:86)
	at org.jboss.arquillian.core.impl.EventContextImpl.proceed(EventContextImpl.java:95)
	at org.jboss.arquillian.core.impl.ManagerImpl.fire(ManagerImpl.java:133)
	at org.jboss.arquillian.core.impl.ManagerImpl.fire(ManagerImpl.java:105)
	at org.jboss.arquillian.core.impl.EventImpl.fire(EventImpl.java:62)
	at org.jboss.arquillian.container.impl.client.container.ContainerDeployController$1.perform(ContainerDeployController.java:92)
	at org.jboss.arquillian.container.impl.client.container.ContainerDeployController$1.perform(ContainerDeployController.java:77)
	at org.jboss.arquillian.container.impl.client.container.ContainerDeployController.forEachDeployment(ContainerDeployController.java:232)
	at org.jboss.arquillian.container.impl.client.container.ContainerDeployController.forEachManagedDeployment(ContainerDeployController.java:212)
	at org.jboss.arquillian.container.impl.client.container.ContainerDeployController.deployManaged(ContainerDeployController.java:77)
	at java.base/jdk.internal.reflect.NativeMethodAccessorImpl.invoke0(Native Method)
	at java.base/jdk.internal.reflect.NativeMethodAccessorImpl.invoke(NativeMethodAccessorImpl.java:62)
	at java.base/jdk.internal.reflect.DelegatingMethodAccessorImpl.invoke(DelegatingMethodAccessorImpl.java:43)
	at java.base/java.lang.reflect.Method.invoke(Method.java:566)
	at org.jboss.arquillian.core.impl.ObserverImpl.invoke(ObserverImpl.java:86)
	at org.jboss.arquillian.core.impl.EventContextImpl.invokeObservers(EventContextImpl.java:103)
	at org.jboss.arquillian.core.impl.EventContextImpl.proceed(EventContextImpl.java:90)
	at org.jboss.arquillian.core.impl.ManagerImpl.fire(ManagerImpl.java:133)
	at org.jboss.arquillian.core.impl.ManagerImpl.fire(ManagerImpl.java:105)
	at org.jboss.arquillian.core.impl.EventImpl.fire(EventImpl.java:62)
	at org.jboss.arquillian.container.test.impl.client.ContainerEventController.execute(ContainerEventController.java:96)
	at java.base/jdk.internal.reflect.NativeMethodAccessorImpl.invoke0(Native Method)
	at java.base/jdk.internal.reflect.NativeMethodAccessorImpl.invoke(NativeMethodAccessorImpl.java:62)
	at java.base/jdk.internal.reflect.DelegatingMethodAccessorImpl.invoke(DelegatingMethodAccessorImpl.java:43)
	at java.base/java.lang.reflect.Method.invoke(Method.java:566)
	at org.jboss.arquillian.core.impl.ObserverImpl.invoke(ObserverImpl.java:86)
	at org.jboss.arquillian.core.impl.EventContextImpl.invokeObservers(EventContextImpl.java:103)
	at org.jboss.arquillian.core.impl.EventContextImpl.proceed(EventContextImpl.java:90)
	at org.jboss.arquillian.test.impl.TestContextHandler.createClassContext(TestContextHandler.java:83)
	at java.base/jdk.internal.reflect.NativeMethodAccessorImpl.invoke0(Native Method)
	at java.base/jdk.internal.reflect.NativeMethodAccessorImpl.invoke(NativeMethodAccessorImpl.java:62)
	at java.base/jdk.internal.reflect.DelegatingMethodAccessorImpl.invoke(DelegatingMethodAccessorImpl.java:43)
	at java.base/java.lang.reflect.Method.invoke(Method.java:566)
	at org.jboss.arquillian.core.impl.ObserverImpl.invoke(ObserverImpl.java:86)
	at org.jboss.arquillian.core.impl.EventContextImpl.proceed(EventContextImpl.java:95)
	at org.jboss.arquillian.test.impl.TestContextHandler.createSuiteContext(TestContextHandler.java:69)
	at java.base/jdk.internal.reflect.NativeMethodAccessorImpl.invoke0(Native Method)
	at java.base/jdk.internal.reflect.NativeMethodAccessorImpl.invoke(NativeMethodAccessorImpl.java:62)
	at java.base/jdk.internal.reflect.DelegatingMethodAccessorImpl.invoke(DelegatingMethodAccessorImpl.java:43)
	at java.base/java.lang.reflect.Method.invoke(Method.java:566)
	at org.jboss.arquillian.core.impl.ObserverImpl.invoke(ObserverImpl.java:86)
	at org.jboss.arquillian.core.impl.EventContextImpl.proceed(EventContextImpl.java:95)
	at org.jboss.arquillian.core.impl.ManagerImpl.fire(ManagerImpl.java:133)
	at org.jboss.arquillian.core.impl.ManagerImpl.fire(ManagerImpl.java:105)
	at org.jboss.arquillian.test.impl.EventTestRunnerAdaptor.beforeClass(EventTestRunnerAdaptor.java:89)
	at org.jboss.arquillian.junit5.ArquillianExtension.beforeAll(ArquillianExtension.java:35)
	at org.junit.jupiter.engine.descriptor.ClassBasedTestDescriptor.lambda$invokeBeforeAllCallbacks$7(ClassBasedTestDescriptor.java:359)
	at org.junit.platform.engine.support.hierarchical.ThrowableCollector.execute(ThrowableCollector.java:73)
	at org.junit.jupiter.engine.descriptor.ClassBasedTestDescriptor.invokeBeforeAllCallbacks(ClassBasedTestDescriptor.java:359)
	at org.junit.jupiter.engine.descriptor.ClassBasedTestDescriptor.before(ClassBasedTestDescriptor.java:189)
	at org.junit.jupiter.engine.descriptor.ClassBasedTestDescriptor.before(ClassBasedTestDescriptor.java:78)
	at org.junit.platform.engine.support.hierarchical.NodeTestTask.lambda$executeRecursively$5(NodeTestTask.java:132)
	at org.junit.platform.engine.support.hierarchical.ThrowableCollector.execute(ThrowableCollector.java:73)
	at org.junit.platform.engine.support.hierarchical.NodeTestTask.lambda$executeRecursively$7(NodeTestTask.java:125)
	at org.junit.platform.engine.support.hierarchical.Node.around(Node.java:135)
	at org.junit.platform.engine.support.hierarchical.NodeTestTask.lambda$executeRecursively$8(NodeTestTask.java:123)
	at org.junit.platform.engine.support.hierarchical.ThrowableCollector.execute(ThrowableCollector.java:73)
	at org.junit.platform.engine.support.hierarchical.NodeTestTask.executeRecursively(NodeTestTask.java:122)
	at org.junit.platform.engine.support.hierarchical.NodeTestTask.execute(NodeTestTask.java:80)
	at java.base/java.util.ArrayList.forEach(ArrayList.java:1541)
	at org.junit.platform.engine.support.hierarchical.SameThreadHierarchicalTestExecutorService.invokeAll(SameThreadHierarchicalTestExecutorService.java:38)
	at org.junit.platform.engine.support.hierarchical.NodeTestTask.lambda$executeRecursively$5(NodeTestTask.java:139)
	at org.junit.platform.engine.support.hierarchical.ThrowableCollector.execute(ThrowableCollector.java:73)
	at org.junit.platform.engine.support.hierarchical.NodeTestTask.lambda$executeRecursively$7(NodeTestTask.java:125)
	at org.junit.platform.engine.support.hierarchical.Node.around(Node.java:135)
	at org.junit.platform.engine.support.hierarchical.NodeTestTask.lambda$executeRecursively$8(NodeTestTask.java:123)
	at org.junit.platform.engine.support.hierarchical.ThrowableCollector.execute(ThrowableCollector.java:73)
	at org.junit.platform.engine.support.hierarchical.NodeTestTask.executeRecursively(NodeTestTask.java:122)
	at org.junit.platform.engine.support.hierarchical.NodeTestTask.execute(NodeTestTask.java:80)
	at org.junit.platform.engine.support.hierarchical.SameThreadHierarchicalTestExecutorService.submit(SameThreadHierarchicalTestExecutorService.java:32)
	at org.junit.platform.engine.support.hierarchical.HierarchicalTestExecutor.execute(HierarchicalTestExecutor.java:57)
	at org.junit.platform.engine.support.hierarchical.HierarchicalTestEngine.execute(HierarchicalTestEngine.java:51)
	at org.junit.platform.launcher.core.DefaultLauncher.execute(DefaultLauncher.java:248)
	at org.junit.platform.launcher.core.DefaultLauncher.lambda$execute$5(DefaultLauncher.java:211)
	at org.junit.platform.launcher.core.DefaultLauncher.withInterceptedStreams(DefaultLauncher.java:226)
	at org.junit.platform.launcher.core.DefaultLauncher.execute(DefaultLauncher.java:199)
	at org.junit.platform.launcher.core.DefaultLauncher.execute(DefaultLauncher.java:132)
	at org.apache.maven.surefire.junitplatform.JUnitPlatformProvider.execute(JUnitPlatformProvider.java:188)
	at org.apache.maven.surefire.junitplatform.JUnitPlatformProvider.invokeAllTests(JUnitPlatformProvider.java:154)
	at org.apache.maven.surefire.junitplatform.JUnitPlatformProvider.invoke(JUnitPlatformProvider.java:128)
	at org.apache.maven.surefire.booter.ForkedBooter.runSuitesInProcess(ForkedBooter.java:428)
	at org.apache.maven.surefire.booter.ForkedBooter.execute(ForkedBooter.java:162)
	at org.apache.maven.surefire.booter.ForkedBooter.run(ForkedBooter.java:562)
	at org.apache.maven.surefire.booter.ForkedBooter.main(ForkedBooter.java:548)

jun. 01, 2022 11:15:56 P. M. org.jboss.weld.bootstrap.WeldStartup <clinit>
INFO: WELD-000900: 3.1.8 (Final)
jun. 01, 2022 11:15:56 P. M. com.sun.logging.LogDomains getResourceBundle
INFORMACIÓN: Cannot find the resource bundle for the name com.sun.logging.enterprise.system.container.ejb for class org.glassfish.ejb.security.application.EjbSecurityComponentInvocationHandler using jdk.internal.loader.ClassLoaders$AppClassLoader@3d4eac69
jun. 01, 2022 11:15:56 P. M. com.sun.logging.LogDomains getResourceBundle
INFORMACIÓN: Cannot find the resource bundle for the name com.sun.logging.enterprise.system.container.ejb for class com.sun.ejb.EJBUtils using jdk.internal.loader.ClassLoaders$AppClassLoader@3d4eac69
jun. 01, 2022 11:15:56 P. M. com.sun.ejb.containers.BaseContainer initializeHome
INFORMACIÓN: Portable JNDI names for EJB TipoObjetoBean: [java:global/4c828faf-1c89-4fad-af4a-6afaa633c7e7/TipoObjetoBean!com.mycompany.baches.control.TipoObjetoBean, java:global/4c828faf-1c89-4fad-af4a-6afaa633c7e7/TipoObjetoBean]
jun. 01, 2022 11:15:58 P. M. fish.payara.micro.cdi.extension.ClusteredCDIEventBusImpl postConstruct
INFORMACIÓN: Clustered CDI Event bus initialized
jun. 01, 2022 11:15:58 P. M. org.glassfish.soteria.servlet.SamRegistrationInstaller onStartup
INFORMACIÓN: Initializing Soteria null for context '/4c828faf-1c89-4fad-af4a-6afaa633c7e7'
jun. 01, 2022 11:15:58 P. M. com.sun.enterprise.web.WebApplication start
INFORMACIÓN: Loading application [4c828faf-1c89-4fad-af4a-6afaa633c7e7] at [/4c828faf-1c89-4fad-af4a-6afaa633c7e7]
jun. 01, 2022 11:15:58 P. M. org.glassfish.deployment.admin.DeployCommand execute
INFORMACIÓN: 4c828faf-1c89-4fad-af4a-6afaa633c7e7 was successfully deployed in 7,177 milliseconds.
]]></system-err>
  </testcase>
  <testcase name="testModificar" classname="com.mycompany.baches.control.TipoObjetoIT" time="0.06">
    <system-out><![CDATA[modificar
2022-06-01 23:16:00 jdbc[3]: 
/**/conn0.getClientInfo();
2022-06-01 23:16:00 jdbc[3]: 
/**/PreparedStatement prep37 = conn0.prepareStatement("SELECT id_tipo_objeto, activo, fecha_creacion FROM public.tipo_objeto WHERE (id_tipo_objeto = ?)", 1003, 1007);
2022-06-01 23:16:00 jdbc[3]: 
/**/prep37.setInt(1, 2);
2022-06-01 23:16:00 jdbc[3]: 
/**/ResultSet rs9 = prep37.executeQuery();
2022-06-01 23:16:00 jdbc[3]: 
/*SQL l:96 #:1*/SELECT id_tipo_objeto, activo, fecha_creacion FROM public.tipo_objeto WHERE (id_tipo_objeto = ?) {1: 2};
2022-06-01 23:16:00 jdbc[3]: 
/**/ResultSetMetaData rsMeta4 = rs9.getMetaData();
2022-06-01 23:16:00 jdbc[3]: 
/**/conn0.getCatalog();
2022-06-01 23:16:00 jdbc[3]: 
/**/rsMeta4.getColumnCount();
2022-06-01 23:16:00 jdbc[3]: 
/**/rs9.next();
2022-06-01 23:16:00 jdbc[3]: 
/**/rsMeta4.getColumnType(1);
2022-06-01 23:16:00 jdbc[3]: 
/**/rs9.getInt(1);
2022-06-01 23:16:00 jdbc[3]: 
/**/rsMeta4.getColumnType(2);
2022-06-01 23:16:00 jdbc[3]: 
/**/rs9.getBoolean(2);
2022-06-01 23:16:00 jdbc[3]: 
/**/rsMeta4.getColumnType(3);
2022-06-01 23:16:00 jdbc[3]: 
/**/rs9.getDate(3);
2022-06-01 23:16:00 jdbc[3]: 
/**/rs9.next();
2022-06-01 23:16:00 jdbc[3]: 
/**/rs9.close();
2022-06-01 23:16:00 jdbc[3]: 
/**/prep37.close();
2022-06-01 23:16:00 jdbc[3]: 
/**/conn0.setClientInfo(properties);
2022-06-01 23:16:00 jdbc[3]: 
/**/conn0.getClientInfo();
2022-06-01 23:16:00 jdbc[3]: 
/**/PreparedStatement prep38 = conn0.prepareStatement("SELECT id_objeto, latitud, longitud, nombre, observaciones, id_tipo_objeto FROM public.objeto WHERE (id_tipo_objeto = ?)", 1003, 1007);
2022-06-01 23:16:00 jdbc[3]: Plan       : calculate cost for plan [PUBLIC.OBJETO]
2022-06-01 23:16:00 jdbc[3]: Plan       :   for table filter PUBLIC.OBJETO
2022-06-01 23:16:00 jdbc[3]: Table      :     potential plan item cost 10,230 index PUBLIC.OBJETO.tableScan
2022-06-01 23:16:00 jdbc[3]: Table      :     potential plan item cost 10,240 index PUBLIC.PRIMARY_KEY_8
2022-06-01 23:16:00 jdbc[3]: Table      :     potential plan item cost 280 index PUBLIC.FK_OBJETO_ID_TIPO_OBJETO_INDEX_8
2022-06-01 23:16:00 jdbc[3]: Plan       :   best plan item cost 277.2 index PUBLIC.FK_OBJETO_ID_TIPO_OBJETO_INDEX_8
2022-06-01 23:16:00 jdbc[3]: Plan       : plan cost 278.2
2022-06-01 23:16:00 jdbc[3]: 
/**/prep38.setInt(1, 2);
2022-06-01 23:16:00 jdbc[3]: 
/**/ResultSet rs10 = prep38.executeQuery();
2022-06-01 23:16:00 jdbc[3]: 
/*SQL l:120*/SELECT id_objeto, latitud, longitud, nombre, observaciones, id_tipo_objeto FROM public.objeto WHERE (id_tipo_objeto = ?) {1: 2};
2022-06-01 23:16:00 jdbc[3]: 
/**/ResultSetMetaData rsMeta5 = rs10.getMetaData();
2022-06-01 23:16:00 jdbc[3]: 
/**/conn0.getCatalog();
2022-06-01 23:16:00 jdbc[3]: 
/**/rsMeta5.getColumnCount();
2022-06-01 23:16:00 jdbc[3]: 
/**/rs10.next();
2022-06-01 23:16:00 jdbc[3]: 
/**/rs10.close();
2022-06-01 23:16:00 jdbc[3]: 
/**/prep38.close();
2022-06-01 23:16:00 jdbc[3]: 
/**/conn0.setClientInfo(properties);
2022-06-01 23:16:00 jdbc[3]: 
/**/conn0.getClientInfo();
2022-06-01 23:16:00 jdbc[3]: 
/**/conn0.setAutoCommit(false);
2022-06-01 23:16:00 jdbc[3]: 
/**/PreparedStatement prep39 = conn0.prepareStatement("UPDATE public.tipo_objeto SET activo = ?, fecha_creacion = ? WHERE (id_tipo_objeto = ?)", 1003, 1007);
2022-06-01 23:16:00 jdbc[3]: Table      :     potential plan item cost 10,240 index PUBLIC.TIPO_OBJETO.tableScan
2022-06-01 23:16:00 jdbc[3]: Table      :     potential plan item cost 230 index PUBLIC.PRIMARY_KEY_1
2022-06-01 23:16:00 jdbc[3]: 
/**/prep39.setNull(1, 16);
2022-06-01 23:16:00 jdbc[3]: 
/**/prep39.setNull(2, 91);
2022-06-01 23:16:00 jdbc[3]: 
/**/prep39.setInt(3, 2);
2022-06-01 23:16:00 jdbc[3]: 
/**/prep39.executeUpdate();
2022-06-01 23:16:00 lock: 3 shared read lock requesting for TIPO_OBJETO 
2022-06-01 23:16:00 lock: 3 shared read lock ok TIPO_OBJETO 
2022-06-01 23:16:00 jdbc[3]: 
/*SQL l:87 #:1 t:2*/UPDATE public.tipo_objeto SET activo = ?, fecha_creacion = ? WHERE (id_tipo_objeto = ?) {1: NULL, 2: NULL, 3: 2};
2022-06-01 23:16:00 jdbc[3]: 
/**/prep39.close();
2022-06-01 23:16:00 jdbc[3]: 
/**/conn0.setClientInfo(properties);
2022-06-01 23:16:00 jdbc[3]: 
/**/conn0.commit();
2022-06-01 23:16:00 lock: 3 shared read lock unlock TIPO_OBJETO 
2022-06-01 23:16:00 jdbc[3]: 
/*SQL */COMMIT;
2022-06-01 23:16:00 jdbc[3]: 
/**/conn0.setAutoCommit(true);
2022-06-01 23:16:00 jdbc[3]: 
/**/conn0.commit();
2022-06-01 23:16:00 jdbc[3]: 
/*SQL */COMMIT;
]]></system-out>
  </testcase>
  <testcase name="testFindAll" classname="com.mycompany.baches.control.TipoObjetoIT" time="0.026">
    <system-out><![CDATA[FindAll
2022-06-01 23:16:00 jdbc[3]: 
/**/conn0.getClientInfo();
2022-06-01 23:16:00 jdbc[3]: 
/**/PreparedStatement prep40 = conn0.prepareStatement("SELECT id_tipo_objeto, activo, fecha_creacion FROM public.tipo_objeto", 1003, 1007);
2022-06-01 23:16:00 jdbc[3]: Plan       : calculate cost for plan [PUBLIC.TIPO_OBJETO]
2022-06-01 23:16:00 jdbc[3]: Plan       :   for table filter PUBLIC.TIPO_OBJETO
2022-06-01 23:16:00 jdbc[3]: Table      :     potential plan item cost 10,240 index PUBLIC.TIPO_OBJETO.tableScan
2022-06-01 23:16:00 jdbc[3]: Table      :     potential plan item cost 10,250 index PUBLIC.PRIMARY_KEY_1
2022-06-01 23:16:00 jdbc[3]: Plan       :   best plan item cost 10,240 index PUBLIC.TIPO_OBJETO.tableScan
2022-06-01 23:16:00 jdbc[3]: Plan       : plan cost 10,241
2022-06-01 23:16:00 jdbc[3]: 
/**/ResultSet rs11 = prep40.executeQuery();
2022-06-01 23:16:00 jdbc[3]: 
/*SQL #:4*/SELECT id_tipo_objeto, activo, fecha_creacion FROM public.tipo_objeto;
2022-06-01 23:16:00 jdbc[3]: 
/**/ResultSetMetaData rsMeta6 = rs11.getMetaData();
2022-06-01 23:16:00 jdbc[3]: 
/**/conn0.getCatalog();
2022-06-01 23:16:00 jdbc[3]: 
/**/rsMeta6.getColumnCount();
2022-06-01 23:16:00 jdbc[3]: 
/**/rs11.next();
2022-06-01 23:16:00 jdbc[3]: 
/**/rs11.getInt(1);
2022-06-01 23:16:00 jdbc[3]: 
/**/rs11.getBoolean(2);
2022-06-01 23:16:00 jdbc[3]: 
/**/rs11.getDate(3);
2022-06-01 23:16:00 jdbc[3]: 
/**/rs11.next();
2022-06-01 23:16:00 jdbc[3]: 
/**/rs11.getInt(1);
2022-06-01 23:16:00 jdbc[3]: 
/**/rs11.getBoolean(2);
2022-06-01 23:16:00 jdbc[3]: 
/**/rs11.wasNull();
2022-06-01 23:16:00 jdbc[3]: 
/**/rs11.getDate(3);
2022-06-01 23:16:00 jdbc[3]: 
/**/rs11.next();
2022-06-01 23:16:00 jdbc[3]: 
/**/rs11.getInt(1);
2022-06-01 23:16:00 jdbc[3]: 
/**/rs11.getBoolean(2);
2022-06-01 23:16:00 jdbc[3]: 
/**/rs11.getDate(3);
2022-06-01 23:16:00 jdbc[3]: 
/**/rs11.next();
2022-06-01 23:16:00 jdbc[3]: 
/**/rs11.getInt(1);
2022-06-01 23:16:00 jdbc[3]: 
/**/rs11.getBoolean(2);
2022-06-01 23:16:00 jdbc[3]: 
/**/rs11.wasNull();
2022-06-01 23:16:00 jdbc[3]: 
/**/rs11.getDate(3);
2022-06-01 23:16:00 jdbc[3]: 
/**/rs11.next();
2022-06-01 23:16:00 jdbc[3]: 
/**/rs11.close();
2022-06-01 23:16:00 jdbc[3]: 
/**/prep40.close();
2022-06-01 23:16:00 jdbc[3]: 
/**/conn0.setClientInfo(properties);
La lista posee 4
]]></system-out>
  </testcase>
  <testcase name="testfindRange" classname="com.mycompany.baches.control.TipoObjetoIT" time="0.029">
    <system-out><![CDATA[findRange
2022-06-01 23:16:00 jdbc[3]: 
/**/conn0.getClientInfo();
2022-06-01 23:16:00 jdbc[3]: 
/**/PreparedStatement prep41 = conn0.prepareStatement("SELECT id_tipo_objeto AS a1, activo AS a2, fecha_creacion AS a3 FROM public.tipo_objeto LIMIT ? OFFSET ?", 1003, 1007);
2022-06-01 23:16:00 jdbc[3]: Plan       : calculate cost for plan [PUBLIC.TIPO_OBJETO]
2022-06-01 23:16:00 jdbc[3]: Plan       :   for table filter PUBLIC.TIPO_OBJETO
2022-06-01 23:16:00 jdbc[3]: Table      :     potential plan item cost 10,240 index PUBLIC.TIPO_OBJETO.tableScan
2022-06-01 23:16:00 jdbc[3]: Table      :     potential plan item cost 10,250 index PUBLIC.PRIMARY_KEY_1
2022-06-01 23:16:00 jdbc[3]: Plan       :   best plan item cost 10,240 index PUBLIC.TIPO_OBJETO.tableScan
2022-06-01 23:16:00 jdbc[3]: Plan       : plan cost 10,241
2022-06-01 23:16:00 jdbc[3]: 
/**/prep41.setInt(1, 3);
2022-06-01 23:16:00 jdbc[3]: 
/**/prep41.setInt(2, 1);
2022-06-01 23:16:00 jdbc[3]: 
/**/ResultSet rs12 = prep41.executeQuery();
2022-06-01 23:16:00 jdbc[3]: 
/*SQL l:104 #:3*/SELECT id_tipo_objeto AS a1, activo AS a2, fecha_creacion AS a3 FROM public.tipo_objeto LIMIT ? OFFSET ? {1: 3, 2: 1};
2022-06-01 23:16:00 jdbc[3]: 
/**/ResultSetMetaData rsMeta7 = rs12.getMetaData();
2022-06-01 23:16:00 jdbc[3]: 
/**/conn0.getCatalog();
2022-06-01 23:16:00 jdbc[3]: 
/**/rsMeta7.getColumnCount();
2022-06-01 23:16:00 jdbc[3]: 
/**/rs12.next();
2022-06-01 23:16:00 jdbc[3]: 
/**/rs12.getInt(1);
2022-06-01 23:16:00 jdbc[3]: 
/**/rs12.getBoolean(2);
2022-06-01 23:16:00 jdbc[3]: 
/**/rs12.wasNull();
2022-06-01 23:16:00 jdbc[3]: 
/**/rs12.getDate(3);
2022-06-01 23:16:00 jdbc[3]: 
/**/rs12.next();
2022-06-01 23:16:00 jdbc[3]: 
/**/rs12.getInt(1);
2022-06-01 23:16:00 jdbc[3]: 
/**/rs12.getBoolean(2);
2022-06-01 23:16:00 jdbc[3]: 
/**/rs12.getDate(3);
2022-06-01 23:16:00 jdbc[3]: 
/**/rs12.next();
2022-06-01 23:16:00 jdbc[3]: 
/**/rs12.getInt(1);
2022-06-01 23:16:00 jdbc[3]: 
/**/rs12.getBoolean(2);
2022-06-01 23:16:00 jdbc[3]: 
/**/rs12.wasNull();
2022-06-01 23:16:00 jdbc[3]: 
/**/rs12.getDate(3);
2022-06-01 23:16:00 jdbc[3]: 
/**/rs12.next();
2022-06-01 23:16:00 jdbc[3]: 
/**/rs12.close();
2022-06-01 23:16:00 jdbc[3]: 
/**/prep41.close();
2022-06-01 23:16:00 jdbc[3]: 
/**/conn0.setClientInfo(properties);
Se encontraron 3
]]></system-out>
  </testcase>
  <testcase name="testEliminar" classname="com.mycompany.baches.control.TipoObjetoIT" time="0.029">
    <system-out><![CDATA[Eliminar
2022-06-01 23:16:00 jdbc[3]: 
/**/conn0.getClientInfo();
2022-06-01 23:16:00 jdbc[3]: 
/**/conn0.setAutoCommit(false);
2022-06-01 23:16:00 jdbc[3]: 
/**/PreparedStatement prep42 = conn0.prepareStatement("DELETE FROM public.tipo_objeto WHERE (id_tipo_objeto = ?)", 1003, 1007);
2022-06-01 23:16:00 jdbc[3]: Table      :     potential plan item cost 10,240 index PUBLIC.TIPO_OBJETO.tableScan
2022-06-01 23:16:00 jdbc[3]: Table      :     potential plan item cost 230 index PUBLIC.PRIMARY_KEY_1
2022-06-01 23:16:00 jdbc[3]: 
/**/prep42.setInt(1, 2);
2022-06-01 23:16:00 jdbc[3]: 
/**/prep42.executeUpdate();
2022-06-01 23:16:00 lock: 3 shared read lock requesting for TIPO_OBJETO 
2022-06-01 23:16:00 lock: 3 shared read lock ok TIPO_OBJETO 
2022-06-01 23:16:00 jdbc[3]: 
/*SQL l:57 #:1 t:1*/DELETE FROM public.tipo_objeto WHERE (id_tipo_objeto = ?) {1: 2};
2022-06-01 23:16:00 jdbc[3]: 
/**/prep42.close();
2022-06-01 23:16:00 jdbc[3]: 
/**/conn0.setClientInfo(properties);
2022-06-01 23:16:00 jdbc[3]: 
/**/conn0.commit();
2022-06-01 23:16:00 lock: 3 shared read lock unlock TIPO_OBJETO 
2022-06-01 23:16:00 jdbc[3]: 
/*SQL */COMMIT;
2022-06-01 23:16:00 jdbc[3]: 
/**/conn0.setAutoCommit(true);
2022-06-01 23:16:00 jdbc[3]: 
/**/conn0.commit();
2022-06-01 23:16:00 jdbc[3]: 
/*SQL */COMMIT;
Eliminado el Registro com.mycompany.bachesjpa.entity.TipoObjeto[ idTipoObjeto=2 ]
]]></system-out>
  </testcase>
  <testcase name="testContar" classname="com.mycompany.baches.control.TipoObjetoIT" time="2.028">
    <system-out><![CDATA[Contar
2022-06-01 23:16:02 jdbc[3]: 
/**/conn0.getClientInfo();
2022-06-01 23:16:02 jdbc[3]: 
/**/PreparedStatement prep43 = conn0.prepareStatement("SELECT COUNT(id_tipo_objeto) FROM public.tipo_objeto", 1003, 1007);
2022-06-01 23:16:02 jdbc[3]: 
/**/ResultSet rs13 = prep43.executeQuery();
2022-06-01 23:16:02 jdbc[3]: 
/*SQL #:1*/SELECT COUNT(id_tipo_objeto) FROM public.tipo_objeto;
2022-06-01 23:16:02 jdbc[3]: 
/**/ResultSetMetaData rsMeta8 = rs13.getMetaData();
2022-06-01 23:16:02 jdbc[3]: 
/**/conn0.getCatalog();
2022-06-01 23:16:02 jdbc[3]: 
/**/rsMeta8.getColumnCount();
2022-06-01 23:16:02 jdbc[3]: 
/**/rs13.next();
2022-06-01 23:16:02 jdbc[3]: 
/**/rsMeta8.getColumnType(1);
2022-06-01 23:16:02 jdbc[3]: 
/**/rs13.getLong(1);
2022-06-01 23:16:02 jdbc[3]: 
/**/rs13.next();
2022-06-01 23:16:02 jdbc[3]: 
/**/rs13.close();
2022-06-01 23:16:02 jdbc[3]: 
/**/prep43.close();
2022-06-01 23:16:02 jdbc[3]: 
/**/conn0.setClientInfo(properties);
Se encontraron 3 registros
]]></system-out>
  </testcase>
  <testcase name="testfindById" classname="com.mycompany.baches.control.TipoObjetoIT" time="0.025">
    <system-out><![CDATA[findById
Se encontro el resultado true
]]></system-out>
  </testcase>
</testsuite>